<?xml version="1.0" encoding="utf-8"?><testsuites name="pytest tests"><testsuite name="pytest" errors="11" failures="0" skipped="0" tests="11" time="0.480" timestamp="2026-02-09T20:48:35.346937+00:00" hostname="agent-env-1bd5edac-66c6-4205-86c5-ae5b52ece504"><testcase classname="backend.tests.test_access_transparency_phase23.TestPhase3ReminderConfig" name="test_get_global_reminder_config" time="0.345"><error message="failed on setup with &quot;AssertionError: No token in response&#10;assert 'token' in {'access_token': 'eyJhbGciOiJIUzI1NiIsInR5cCI6IkpXVCJ9.eyJzdWIiOiI2ODg5YWNiMC0zNWMzLTQwZmItOTM4My03MmVkM2Y5NWFhZTciLCJlbWFpbCI6ImFkbWluMTUyMTMzQGV4YW1wbGUuY29tIiwicm9sZSI6InN1cGVyX2FkbWluIiwiZXhwIjoxNzcwNzU2NTE1fQ.VyVCQtId7FuDjtx5RtKSMHjih-sGt_57vVICOj5WezQ', 'token_type': 'bearer', 'user': {'approved_at': None, 'approved_by': None, 'brand_scope_ids': None, 'created_at': '2026-02-07T15:21:33.523756+00:00', ...}}&quot;">backend/tests/test_access_transparency_phase23.py:33: in auth_token
    assert "token" in data, "No token in response"
E   AssertionError: No token in response
E   assert 'token' in {'access_token': 'eyJhbGciOiJIUzI1NiIsInR5cCI6IkpXVCJ9.eyJzdWIiOiI2ODg5YWNiMC0zNWMzLTQwZmItOTM4My03MmVkM2Y5NWFhZTciLCJlbWFpbCI6ImFkbWluMTUyMTMzQGV4YW1wbGUuY29tIiwicm9sZSI6InN1cGVyX2FkbWluIiwiZXhwIjoxNzcwNzU2NTE1fQ.VyVCQtId7FuDjtx5RtKSMHjih-sGt_57vVICOj5WezQ', 'token_type': 'bearer', 'user': {'approved_at': None, 'approved_by': None, 'brand_scope_ids': None, 'created_at': '2026-02-07T15:21:33.523756+00:00', ...}}</error></testcase><testcase classname="backend.tests.test_access_transparency_phase23.TestPhase3ReminderConfig" name="test_update_global_reminder_config" time="0.000"><error message="failed on setup with &quot;AssertionError: No token in response&#10;assert 'token' in {'access_token': 'eyJhbGciOiJIUzI1NiIsInR5cCI6IkpXVCJ9.eyJzdWIiOiI2ODg5YWNiMC0zNWMzLTQwZmItOTM4My03MmVkM2Y5NWFhZTciLCJlbWFpbCI6ImFkbWluMTUyMTMzQGV4YW1wbGUuY29tIiwicm9sZSI6InN1cGVyX2FkbWluIiwiZXhwIjoxNzcwNzU2NTE1fQ.VyVCQtId7FuDjtx5RtKSMHjih-sGt_57vVICOj5WezQ', 'token_type': 'bearer', 'user': {'approved_at': None, 'approved_by': None, 'brand_scope_ids': None, 'created_at': '2026-02-07T15:21:33.523756+00:00', ...}}&quot;">backend/tests/test_access_transparency_phase23.py:33: in auth_token
    assert "token" in data, "No token in response"
E   AssertionError: No token in response
E   assert 'token' in {'access_token': 'eyJhbGciOiJIUzI1NiIsInR5cCI6IkpXVCJ9.eyJzdWIiOiI2ODg5YWNiMC0zNWMzLTQwZmItOTM4My03MmVkM2Y5NWFhZTciLCJlbWFpbCI6ImFkbWluMTUyMTMzQGV4YW1wbGUuY29tIiwicm9sZSI6InN1cGVyX2FkbWluIiwiZXhwIjoxNzcwNzU2NTE1fQ.VyVCQtId7FuDjtx5RtKSMHjih-sGt_57vVICOj5WezQ', 'token_type': 'bearer', 'user': {'approved_at': None, 'approved_by': None, 'brand_scope_ids': None, 'created_at': '2026-02-07T15:21:33.523756+00:00', ...}}</error></testcase><testcase classname="backend.tests.test_access_transparency_phase23.TestPhase3ReminderConfig" name="test_get_network_reminder_config" time="0.000"><error message="failed on setup with &quot;AssertionError: No token in response&#10;assert 'token' in {'access_token': 'eyJhbGciOiJIUzI1NiIsInR5cCI6IkpXVCJ9.eyJzdWIiOiI2ODg5YWNiMC0zNWMzLTQwZmItOTM4My03MmVkM2Y5NWFhZTciLCJlbWFpbCI6ImFkbWluMTUyMTMzQGV4YW1wbGUuY29tIiwicm9sZSI6InN1cGVyX2FkbWluIiwiZXhwIjoxNzcwNzU2NTE1fQ.VyVCQtId7FuDjtx5RtKSMHjih-sGt_57vVICOj5WezQ', 'token_type': 'bearer', 'user': {'approved_at': None, 'approved_by': None, 'brand_scope_ids': None, 'created_at': '2026-02-07T15:21:33.523756+00:00', ...}}&quot;">backend/tests/test_access_transparency_phase23.py:33: in auth_token
    assert "token" in data, "No token in response"
E   AssertionError: No token in response
E   assert 'token' in {'access_token': 'eyJhbGciOiJIUzI1NiIsInR5cCI6IkpXVCJ9.eyJzdWIiOiI2ODg5YWNiMC0zNWMzLTQwZmItOTM4My03MmVkM2Y5NWFhZTciLCJlbWFpbCI6ImFkbWluMTUyMTMzQGV4YW1wbGUuY29tIiwicm9sZSI6InN1cGVyX2FkbWluIiwiZXhwIjoxNzcwNzU2NTE1fQ.VyVCQtId7FuDjtx5RtKSMHjih-sGt_57vVICOj5WezQ', 'token_type': 'bearer', 'user': {'approved_at': None, 'approved_by': None, 'brand_scope_ids': None, 'created_at': '2026-02-07T15:21:33.523756+00:00', ...}}</error></testcase><testcase classname="backend.tests.test_access_transparency_phase23.TestPhase3ReminderConfig" name="test_update_network_reminder_config_set_override" time="0.000"><error message="failed on setup with &quot;AssertionError: No token in response&#10;assert 'token' in {'access_token': 'eyJhbGciOiJIUzI1NiIsInR5cCI6IkpXVCJ9.eyJzdWIiOiI2ODg5YWNiMC0zNWMzLTQwZmItOTM4My03MmVkM2Y5NWFhZTciLCJlbWFpbCI6ImFkbWluMTUyMTMzQGV4YW1wbGUuY29tIiwicm9sZSI6InN1cGVyX2FkbWluIiwiZXhwIjoxNzcwNzU2NTE1fQ.VyVCQtId7FuDjtx5RtKSMHjih-sGt_57vVICOj5WezQ', 'token_type': 'bearer', 'user': {'approved_at': None, 'approved_by': None, 'brand_scope_ids': None, 'created_at': '2026-02-07T15:21:33.523756+00:00', ...}}&quot;">backend/tests/test_access_transparency_phase23.py:33: in auth_token
    assert "token" in data, "No token in response"
E   AssertionError: No token in response
E   assert 'token' in {'access_token': 'eyJhbGciOiJIUzI1NiIsInR5cCI6IkpXVCJ9.eyJzdWIiOiI2ODg5YWNiMC0zNWMzLTQwZmItOTM4My03MmVkM2Y5NWFhZTciLCJlbWFpbCI6ImFkbWluMTUyMTMzQGV4YW1wbGUuY29tIiwicm9sZSI6InN1cGVyX2FkbWluIiwiZXhwIjoxNzcwNzU2NTE1fQ.VyVCQtId7FuDjtx5RtKSMHjih-sGt_57vVICOj5WezQ', 'token_type': 'bearer', 'user': {'approved_at': None, 'approved_by': None, 'brand_scope_ids': None, 'created_at': '2026-02-07T15:21:33.523756+00:00', ...}}</error></testcase><testcase classname="backend.tests.test_access_transparency_phase23.TestPhase3ReminderConfig" name="test_update_network_reminder_config_clear_override" time="0.000"><error message="failed on setup with &quot;AssertionError: No token in response&#10;assert 'token' in {'access_token': 'eyJhbGciOiJIUzI1NiIsInR5cCI6IkpXVCJ9.eyJzdWIiOiI2ODg5YWNiMC0zNWMzLTQwZmItOTM4My03MmVkM2Y5NWFhZTciLCJlbWFpbCI6ImFkbWluMTUyMTMzQGV4YW1wbGUuY29tIiwicm9sZSI6InN1cGVyX2FkbWluIiwiZXhwIjoxNzcwNzU2NTE1fQ.VyVCQtId7FuDjtx5RtKSMHjih-sGt_57vVICOj5WezQ', 'token_type': 'bearer', 'user': {'approved_at': None, 'approved_by': None, 'brand_scope_ids': None, 'created_at': '2026-02-07T15:21:33.523756+00:00', ...}}&quot;">backend/tests/test_access_transparency_phase23.py:33: in auth_token
    assert "token" in data, "No token in response"
E   AssertionError: No token in response
E   assert 'token' in {'access_token': 'eyJhbGciOiJIUzI1NiIsInR5cCI6IkpXVCJ9.eyJzdWIiOiI2ODg5YWNiMC0zNWMzLTQwZmItOTM4My03MmVkM2Y5NWFhZTciLCJlbWFpbCI6ImFkbWluMTUyMTMzQGV4YW1wbGUuY29tIiwicm9sZSI6InN1cGVyX2FkbWluIiwiZXhwIjoxNzcwNzU2NTE1fQ.VyVCQtId7FuDjtx5RtKSMHjih-sGt_57vVICOj5WezQ', 'token_type': 'bearer', 'user': {'approved_at': None, 'approved_by': None, 'brand_scope_ids': None, 'created_at': '2026-02-07T15:21:33.523756+00:00', ...}}</error></testcase><testcase classname="backend.tests.test_access_transparency_phase23.TestPhase3ReminderConfig" name="test_get_optimization_reminders" time="0.000"><error message="failed on setup with &quot;AssertionError: No token in response&#10;assert 'token' in {'access_token': 'eyJhbGciOiJIUzI1NiIsInR5cCI6IkpXVCJ9.eyJzdWIiOiI2ODg5YWNiMC0zNWMzLTQwZmItOTM4My03MmVkM2Y5NWFhZTciLCJlbWFpbCI6ImFkbWluMTUyMTMzQGV4YW1wbGUuY29tIiwicm9sZSI6InN1cGVyX2FkbWluIiwiZXhwIjoxNzcwNzU2NTE1fQ.VyVCQtId7FuDjtx5RtKSMHjih-sGt_57vVICOj5WezQ', 'token_type': 'bearer', 'user': {'approved_at': None, 'approved_by': None, 'brand_scope_ids': None, 'created_at': '2026-02-07T15:21:33.523756+00:00', ...}}&quot;">backend/tests/test_access_transparency_phase23.py:33: in auth_token
    assert "token" in data, "No token in response"
E   AssertionError: No token in response
E   assert 'token' in {'access_token': 'eyJhbGciOiJIUzI1NiIsInR5cCI6IkpXVCJ9.eyJzdWIiOiI2ODg5YWNiMC0zNWMzLTQwZmItOTM4My03MmVkM2Y5NWFhZTciLCJlbWFpbCI6ImFkbWluMTUyMTMzQGV4YW1wbGUuY29tIiwicm9sZSI6InN1cGVyX2FkbWluIiwiZXhwIjoxNzcwNzU2NTE1fQ.VyVCQtId7FuDjtx5RtKSMHjih-sGt_57vVICOj5WezQ', 'token_type': 'bearer', 'user': {'approved_at': None, 'approved_by': None, 'brand_scope_ids': None, 'created_at': '2026-02-07T15:21:33.523756+00:00', ...}}</error></testcase><testcase classname="backend.tests.test_access_transparency_phase23.TestPhase2ComplaintAutoTagging" name="test_network_has_access_summary" time="0.000"><error message="failed on setup with &quot;AssertionError: No token in response&#10;assert 'token' in {'access_token': 'eyJhbGciOiJIUzI1NiIsInR5cCI6IkpXVCJ9.eyJzdWIiOiI2ODg5YWNiMC0zNWMzLTQwZmItOTM4My03MmVkM2Y5NWFhZTciLCJlbWFpbCI6ImFkbWluMTUyMTMzQGV4YW1wbGUuY29tIiwicm9sZSI6InN1cGVyX2FkbWluIiwiZXhwIjoxNzcwNzU2NTE1fQ.VyVCQtId7FuDjtx5RtKSMHjih-sGt_57vVICOj5WezQ', 'token_type': 'bearer', 'user': {'approved_at': None, 'approved_by': None, 'brand_scope_ids': None, 'created_at': '2026-02-07T15:21:33.523756+00:00', ...}}&quot;">backend/tests/test_access_transparency_phase23.py:33: in auth_token
    assert "token" in data, "No token in response"
E   AssertionError: No token in response
E   assert 'token' in {'access_token': 'eyJhbGciOiJIUzI1NiIsInR5cCI6IkpXVCJ9.eyJzdWIiOiI2ODg5YWNiMC0zNWMzLTQwZmItOTM4My03MmVkM2Y5NWFhZTciLCJlbWFpbCI6ImFkbWluMTUyMTMzQGV4YW1wbGUuY29tIiwicm9sZSI6InN1cGVyX2FkbWluIiwiZXhwIjoxNzcwNzU2NTE1fQ.VyVCQtId7FuDjtx5RtKSMHjih-sGt_57vVICOj5WezQ', 'token_type': 'bearer', 'user': {'approved_at': None, 'approved_by': None, 'brand_scope_ids': None, 'created_at': '2026-02-07T15:21:33.523756+00:00', ...}}</error></testcase><testcase classname="backend.tests.test_access_transparency_phase23.TestPhase2ComplaintAutoTagging" name="test_get_optimizations_for_network" time="0.000"><error message="failed on setup with &quot;AssertionError: No token in response&#10;assert 'token' in {'access_token': 'eyJhbGciOiJIUzI1NiIsInR5cCI6IkpXVCJ9.eyJzdWIiOiI2ODg5YWNiMC0zNWMzLTQwZmItOTM4My03MmVkM2Y5NWFhZTciLCJlbWFpbCI6ImFkbWluMTUyMTMzQGV4YW1wbGUuY29tIiwicm9sZSI6InN1cGVyX2FkbWluIiwiZXhwIjoxNzcwNzU2NTE1fQ.VyVCQtId7FuDjtx5RtKSMHjih-sGt_57vVICOj5WezQ', 'token_type': 'bearer', 'user': {'approved_at': None, 'approved_by': None, 'brand_scope_ids': None, 'created_at': '2026-02-07T15:21:33.523756+00:00', ...}}&quot;">backend/tests/test_access_transparency_phase23.py:33: in auth_token
    assert "token" in data, "No token in response"
E   AssertionError: No token in response
E   assert 'token' in {'access_token': 'eyJhbGciOiJIUzI1NiIsInR5cCI6IkpXVCJ9.eyJzdWIiOiI2ODg5YWNiMC0zNWMzLTQwZmItOTM4My03MmVkM2Y5NWFhZTciLCJlbWFpbCI6ImFkbWluMTUyMTMzQGV4YW1wbGUuY29tIiwicm9sZSI6InN1cGVyX2FkbWluIiwiZXhwIjoxNzcwNzU2NTE1fQ.VyVCQtId7FuDjtx5RtKSMHjih-sGt_57vVICOj5WezQ', 'token_type': 'bearer', 'user': {'approved_at': None, 'approved_by': None, 'brand_scope_ids': None, 'created_at': '2026-02-07T15:21:33.523756+00:00', ...}}</error></testcase><testcase classname="backend.tests.test_access_transparency_phase23.TestPhase2ComplaintAutoTagging" name="test_create_complaint_auto_tags_network_users" time="0.000"><error message="failed on setup with &quot;AssertionError: No token in response&#10;assert 'token' in {'access_token': 'eyJhbGciOiJIUzI1NiIsInR5cCI6IkpXVCJ9.eyJzdWIiOiI2ODg5YWNiMC0zNWMzLTQwZmItOTM4My03MmVkM2Y5NWFhZTciLCJlbWFpbCI6ImFkbWluMTUyMTMzQGV4YW1wbGUuY29tIiwicm9sZSI6InN1cGVyX2FkbWluIiwiZXhwIjoxNzcwNzU2NTE1fQ.VyVCQtId7FuDjtx5RtKSMHjih-sGt_57vVICOj5WezQ', 'token_type': 'bearer', 'user': {'approved_at': None, 'approved_by': None, 'brand_scope_ids': None, 'created_at': '2026-02-07T15:21:33.523756+00:00', ...}}&quot;">backend/tests/test_access_transparency_phase23.py:33: in auth_token
    assert "token" in data, "No token in response"
E   AssertionError: No token in response
E   assert 'token' in {'access_token': 'eyJhbGciOiJIUzI1NiIsInR5cCI6IkpXVCJ9.eyJzdWIiOiI2ODg5YWNiMC0zNWMzLTQwZmItOTM4My03MmVkM2Y5NWFhZTciLCJlbWFpbCI6ImFkbWluMTUyMTMzQGV4YW1wbGUuY29tIiwicm9sZSI6InN1cGVyX2FkbWluIiwiZXhwIjoxNzcwNzU2NTE1fQ.VyVCQtId7FuDjtx5RtKSMHjih-sGt_57vVICOj5WezQ', 'token_type': 'bearer', 'user': {'approved_at': None, 'approved_by': None, 'brand_scope_ids': None, 'created_at': '2026-02-07T15:21:33.523756+00:00', ...}}</error></testcase><testcase classname="backend.tests.test_access_transparency_phase23.TestPhase1Verification" name="test_networks_list_includes_visibility_mode" time="0.000"><error message="failed on setup with &quot;AssertionError: No token in response&#10;assert 'token' in {'access_token': 'eyJhbGciOiJIUzI1NiIsInR5cCI6IkpXVCJ9.eyJzdWIiOiI2ODg5YWNiMC0zNWMzLTQwZmItOTM4My03MmVkM2Y5NWFhZTciLCJlbWFpbCI6ImFkbWluMTUyMTMzQGV4YW1wbGUuY29tIiwicm9sZSI6InN1cGVyX2FkbWluIiwiZXhwIjoxNzcwNzU2NTE1fQ.VyVCQtId7FuDjtx5RtKSMHjih-sGt_57vVICOj5WezQ', 'token_type': 'bearer', 'user': {'approved_at': None, 'approved_by': None, 'brand_scope_ids': None, 'created_at': '2026-02-07T15:21:33.523756+00:00', ...}}&quot;">backend/tests/test_access_transparency_phase23.py:33: in auth_token
    assert "token" in data, "No token in response"
E   AssertionError: No token in response
E   assert 'token' in {'access_token': 'eyJhbGciOiJIUzI1NiIsInR5cCI6IkpXVCJ9.eyJzdWIiOiI2ODg5YWNiMC0zNWMzLTQwZmItOTM4My03MmVkM2Y5NWFhZTciLCJlbWFpbCI6ImFkbWluMTUyMTMzQGV4YW1wbGUuY29tIiwicm9sZSI6InN1cGVyX2FkbWluIiwiZXhwIjoxNzcwNzU2NTE1fQ.VyVCQtId7FuDjtx5RtKSMHjih-sGt_57vVICOj5WezQ', 'token_type': 'bearer', 'user': {'approved_at': None, 'approved_by': None, 'brand_scope_ids': None, 'created_at': '2026-02-07T15:21:33.523756+00:00', ...}}</error></testcase><testcase classname="backend.tests.test_access_transparency_phase23.TestPhase1Verification" name="test_access_control_endpoint" time="0.000"><error message="failed on setup with &quot;AssertionError: No token in response&#10;assert 'token' in {'access_token': 'eyJhbGciOiJIUzI1NiIsInR5cCI6IkpXVCJ9.eyJzdWIiOiI2ODg5YWNiMC0zNWMzLTQwZmItOTM4My03MmVkM2Y5NWFhZTciLCJlbWFpbCI6ImFkbWluMTUyMTMzQGV4YW1wbGUuY29tIiwicm9sZSI6InN1cGVyX2FkbWluIiwiZXhwIjoxNzcwNzU2NTE1fQ.VyVCQtId7FuDjtx5RtKSMHjih-sGt_57vVICOj5WezQ', 'token_type': 'bearer', 'user': {'approved_at': None, 'approved_by': None, 'brand_scope_ids': None, 'created_at': '2026-02-07T15:21:33.523756+00:00', ...}}&quot;">backend/tests/test_access_transparency_phase23.py:33: in auth_token
    assert "token" in data, "No token in response"
E   AssertionError: No token in response
E   assert 'token' in {'access_token': 'eyJhbGciOiJIUzI1NiIsInR5cCI6IkpXVCJ9.eyJzdWIiOiI2ODg5YWNiMC0zNWMzLTQwZmItOTM4My03MmVkM2Y5NWFhZTciLCJlbWFpbCI6ImFkbWluMTUyMTMzQGV4YW1wbGUuY29tIiwicm9sZSI6InN1cGVyX2FkbWluIiwiZXhwIjoxNzcwNzU2NTE1fQ.VyVCQtId7FuDjtx5RtKSMHjih-sGt_57vVICOj5WezQ', 'token_type': 'bearer', 'user': {'approved_at': None, 'approved_by': None, 'brand_scope_ids': None, 'created_at': '2026-02-07T15:21:33.523756+00:00', ...}}</error></testcase></testsuite></testsuites>