<?xml version="1.0" encoding="utf-8"?><testsuites name="pytest tests"><testsuite name="pytest" errors="0" failures="0" skipped="0" tests="8" time="2.786" timestamp="2026-02-10T05:54:10.775086+00:00" hostname="agent-env-cdf70e1d-6bc6-4f1a-8ab7-cbe31a5669de"><testcase classname="backend.tests.test_access_summary_panel.TestAccessSummaryPanelAPI" name="test_networks_list_returns_open_complaints_count" time="0.381" /><testcase classname="backend.tests.test_access_summary_panel.TestAccessSummaryPanelAPI" name="test_networks_list_returns_last_optimization_at" time="0.316" /><testcase classname="backend.tests.test_access_summary_panel.TestAccessSummaryPanelAPI" name="test_network_detail_returns_open_complaints_count" time="0.350" /><testcase classname="backend.tests.test_access_summary_panel.TestAccessSummaryPanelAPI" name="test_network_detail_returns_last_optimization_at" time="0.369" /><testcase classname="backend.tests.test_access_summary_panel.TestAccessSummaryPanelAPI" name="test_network_with_open_complaint_shows_count" time="0.315" /><testcase classname="backend.tests.test_access_summary_panel.TestAccessSummaryPanelAPI" name="test_networks_list_includes_manager_summary_cache" time="0.303" /><testcase classname="backend.tests.test_access_summary_panel.TestAccessSummaryPanelAPI" name="test_networks_list_includes_visibility_mode" time="0.318" /><testcase classname="backend.tests.test_access_summary_panel.TestNetworkDetailHeaderAccessSummary" name="test_network_detail_has_all_access_summary_fields" time="0.360" /></testsuite></testsuites>