<?xml version="1.0" encoding="utf-8"?><testsuites name="pytest tests"><testsuite name="pytest" errors="0" failures="1" skipped="0" tests="11" time="1.634" timestamp="2026-02-09T20:50:09.832025+00:00" hostname="agent-env-1bd5edac-66c6-4205-86c5-ae5b52ece504"><testcase classname="backend.tests.test_access_transparency_phase23.TestPhase3ReminderConfig" name="test_get_global_reminder_config" time="0.344" /><testcase classname="backend.tests.test_access_transparency_phase23.TestPhase3ReminderConfig" name="test_update_global_reminder_config" time="0.153" /><testcase classname="backend.tests.test_access_transparency_phase23.TestPhase3ReminderConfig" name="test_get_network_reminder_config" time="0.037" /><testcase classname="backend.tests.test_access_transparency_phase23.TestPhase3ReminderConfig" name="test_update_network_reminder_config_set_override" time="0.072" /><testcase classname="backend.tests.test_access_transparency_phase23.TestPhase3ReminderConfig" name="test_update_network_reminder_config_clear_override" time="0.073" /><testcase classname="backend.tests.test_access_transparency_phase23.TestPhase3ReminderConfig" name="test_get_optimization_reminders" time="0.037" /><testcase classname="backend.tests.test_access_transparency_phase23.TestPhase2ComplaintAutoTagging" name="test_network_has_access_summary" time="0.034" /><testcase classname="backend.tests.test_access_transparency_phase23.TestPhase2ComplaintAutoTagging" name="test_get_optimizations_for_network" time="0.043" /><testcase classname="backend.tests.test_access_transparency_phase23.TestPhase2ComplaintAutoTagging" name="test_create_complaint_auto_tags_network_users" time="0.664"><failure message="AssertionError: Missing auto_assigned_from_network flag&#10;assert 'auto_assigned_from_network' in {'created_at': '2026-02-09T20:50:10.795662+00:00', 'created_by': {'display_name': 'Admin User 152133', 'email': 'admin152133@example.com', 'user_id': '6889acb0-35c3-40fb-9383-72ed3f95aae7'}, 'id': 'a749bbd2-a819-4174-8602-42307c05580c', 'optimization_id': 'b7e868e0-c9c7-4000-bd99-19e561c4ac40', ...}">backend/tests/test_access_transparency_phase23.py:272: in test_create_complaint_auto_tags_network_users
    assert "auto_assigned_from_network" in complaint, "Missing auto_assigned_from_network flag"
E   AssertionError: Missing auto_assigned_from_network flag
E   assert 'auto_assigned_from_network' in {'created_at': '2026-02-09T20:50:10.795662+00:00', 'created_by': {'display_name': 'Admin User 152133', 'email': 'admin152133@example.com', 'user_id': '6889acb0-35c3-40fb-9383-72ed3f95aae7'}, 'id': 'a749bbd2-a819-4174-8602-42307c05580c', 'optimization_id': 'b7e868e0-c9c7-4000-bd99-19e561c4ac40', ...}</failure></testcase><testcase classname="backend.tests.test_access_transparency_phase23.TestPhase1Verification" name="test_networks_list_includes_visibility_mode" time="0.045" /><testcase classname="backend.tests.test_access_transparency_phase23.TestPhase1Verification" name="test_access_control_endpoint" time="0.038" /></testsuite></testsuites>