<?xml version="1.0" encoding="utf-8"?><testsuites name="pytest tests"><testsuite name="pytest" errors="0" failures="4" skipped="1" tests="11" time="1.057" timestamp="2026-02-09T20:48:49.652494+00:00" hostname="agent-env-1bd5edac-66c6-4205-86c5-ae5b52ece504"><testcase classname="backend.tests.test_access_transparency_phase23.TestPhase3ReminderConfig" name="test_get_global_reminder_config" time="0.344" /><testcase classname="backend.tests.test_access_transparency_phase23.TestPhase3ReminderConfig" name="test_update_global_reminder_config" time="0.148" /><testcase classname="backend.tests.test_access_transparency_phase23.TestPhase3ReminderConfig" name="test_get_network_reminder_config" time="0.038"><failure message="AssertionError: Missing 'has_override'&#10;assert 'has_override' in {'effective_interval_days': 2, 'global_default': {'enabled': True, 'interval_days': 2, 'key': 'optimization_reminders', 'updated_at': '2026-02-09T20:48:50.200475+00:00', ...}, 'network_override': {}}">backend/tests/test_access_transparency_phase23.py:115: in test_get_network_reminder_config
    assert "has_override" in data, "Missing 'has_override'"
E   AssertionError: Missing 'has_override'
E   assert 'has_override' in {'effective_interval_days': 2, 'global_default': {'enabled': True, 'interval_days': 2, 'key': 'optimization_reminders', 'updated_at': '2026-02-09T20:48:50.200475+00:00', ...}, 'network_override': {}}</failure></testcase><testcase classname="backend.tests.test_access_transparency_phase23.TestPhase3ReminderConfig" name="test_update_network_reminder_config_set_override" time="0.074"><failure message="AssertionError: Override should be set&#10;assert None == True&#10; +  where None = &lt;built-in method get of dict object at 0xfb10f2df7a80&gt;('has_override')&#10; +    where &lt;built-in method get of dict object at 0xfb10f2df7a80&gt; = {'effective_interval_days': 5, 'global_default': {'enabled': True, 'interval_days': 2, 'key': 'optimization_reminders', 'updated_at': '2026-02-09T20:48:50.200475+00:00', ...}, 'network_override': {'interval_days': 5, 'updated_at': '2026-02-09T20:48:50.294910+00:00', 'updated_by': {'email': 'admin152133@example.com', 'user_id': '6889acb0-35c3-40fb-9383-72ed3f95aae7'}}}.get">backend/tests/test_access_transparency_phase23.py:140: in test_update_network_reminder_config_set_override
    assert verify_data.get("has_override") == True, "Override should be set"
E   AssertionError: Override should be set
E   assert None == True
E    +  where None = &lt;built-in method get of dict object at 0xfb10f2df7a80&gt;('has_override')
E    +    where &lt;built-in method get of dict object at 0xfb10f2df7a80&gt; = {'effective_interval_days': 5, 'global_default': {'enabled': True, 'interval_days': 2, 'key': 'optimization_reminders', 'updated_at': '2026-02-09T20:48:50.200475+00:00', ...}, 'network_override': {'interval_days': 5, 'updated_at': '2026-02-09T20:48:50.294910+00:00', 'updated_by': {'email': 'admin152133@example.com', 'user_id': '6889acb0-35c3-40fb-9383-72ed3f95aae7'}}}.get</failure></testcase><testcase classname="backend.tests.test_access_transparency_phase23.TestPhase3ReminderConfig" name="test_update_network_reminder_config_clear_override" time="0.039"><failure message="AssertionError: Failed: {&quot;detail&quot;:&quot;Must provide interval_days or set use_global=true&quot;}&#10;assert 400 == 200&#10; +  where 400 = &lt;Response [400]&gt;.status_code">backend/tests/test_access_transparency_phase23.py:152: in test_update_network_reminder_config_clear_override
    assert response.status_code == 200, f"Failed: {response.text}"
E   AssertionError: Failed: {"detail":"Must provide interval_days or set use_global=true"}
E   assert 400 == 200
E    +  where 400 = &lt;Response [400]&gt;.status_code</failure></testcase><testcase classname="backend.tests.test_access_transparency_phase23.TestPhase3ReminderConfig" name="test_get_optimization_reminders" time="0.075" /><testcase classname="backend.tests.test_access_transparency_phase23.TestPhase2ComplaintAutoTagging" name="test_network_has_access_summary" time="0.078" /><testcase classname="backend.tests.test_access_transparency_phase23.TestPhase2ComplaintAutoTagging" name="test_get_optimizations_for_network" time="0.036"><failure message="AssertionError: Failed: {&quot;detail&quot;:&quot;Not Found&quot;}&#10;assert 404 == 200&#10; +  where 404 = &lt;Response [404]&gt;.status_code">backend/tests/test_access_transparency_phase23.py:203: in test_get_optimizations_for_network
    assert response.status_code == 200, f"Failed: {response.text}"
E   AssertionError: Failed: {"detail":"Not Found"}
E   assert 404 == 200
E    +  where 404 = &lt;Response [404]&gt;.status_code</failure></testcase><testcase classname="backend.tests.test_access_transparency_phase23.TestPhase2ComplaintAutoTagging" name="test_create_complaint_auto_tags_network_users" time="0.036"><skipped type="pytest.skip" message="No optimizations available for testing">/app/backend/tests/test_access_transparency_phase23.py:222: No optimizations available for testing</skipped></testcase><testcase classname="backend.tests.test_access_transparency_phase23.TestPhase1Verification" name="test_networks_list_includes_visibility_mode" time="0.047" /><testcase classname="backend.tests.test_access_transparency_phase23.TestPhase1Verification" name="test_access_control_endpoint" time="0.040" /></testsuite></testsuites>