<?xml version="1.0" encoding="utf-8"?><testsuites name="pytest tests"><testsuite name="pytest" errors="0" failures="0" skipped="0" tests="12" time="1.528" timestamp="2026-02-09T20:40:58.596402+00:00" hostname="agent-env-1bd5edac-66c6-4205-86c5-ae5b52ece504"><testcase classname="backend.tests.test_access_transparency_phase1.TestNetworkListAccessSummary" name="test_networks_list_includes_visibility_mode" time="0.350" /><testcase classname="backend.tests.test_access_transparency_phase1.TestNetworkListAccessSummary" name="test_networks_list_includes_access_summary_cache" time="0.042" /><testcase classname="backend.tests.test_access_transparency_phase1.TestAccessSummaryCachePopulation" name="test_save_restricted_populates_access_summary_cache" time="0.061" /><testcase classname="backend.tests.test_access_transparency_phase1.TestAccessSummaryCachePopulation" name="test_save_brand_based_clears_access_summary_cache" time="0.043" /><testcase classname="backend.tests.test_access_transparency_phase1.TestAuditLogCreation" name="test_save_access_creates_audit_log" time="0.579" /><testcase classname="backend.tests.test_access_transparency_phase1.TestAuditLogCreation" name="test_audit_log_tracks_added_users" time="0.068" /><testcase classname="backend.tests.test_access_transparency_phase1.TestLastUpdatedInfo" name="test_access_control_includes_last_updated_at" time="0.065" /><testcase classname="backend.tests.test_access_transparency_phase1.TestLastUpdatedInfo" name="test_access_control_includes_last_updated_by" time="0.066" /><testcase classname="backend.tests.test_access_transparency_phase1.TestAccessAuditLogsEndpoint" name="test_audit_logs_requires_admin_role" time="0.034" /><testcase classname="backend.tests.test_access_transparency_phase1.TestAccessAuditLogsEndpoint" name="test_audit_logs_returns_list" time="0.035" /><testcase classname="backend.tests.test_access_transparency_phase1.TestAccessAuditLogsEndpoint" name="test_audit_logs_structure" time="0.059" /><testcase classname="backend.tests.test_access_transparency_phase1.TestCleanup" name="test_reset_network_to_brand_based" time="0.042" /></testsuite></testsuites>