<?xml version="1.0" encoding="utf-8"?><testsuites name="pytest tests"><testsuite name="pytest" errors="0" failures="0" skipped="0" tests="15" time="1.349" timestamp="2026-02-09T20:07:53.767812+00:00" hostname="agent-env-1bd5edac-66c6-4205-86c5-ae5b52ece504"><testcase classname="backend.tests.test_access_control.TestUserSearchAPI" name="test_search_requires_auth" time="0.077" /><testcase classname="backend.tests.test_access_control.TestUserSearchAPI" name="test_search_requires_min_2_chars" time="0.326" /><testcase classname="backend.tests.test_access_control.TestUserSearchAPI" name="test_search_returns_users_by_email" time="0.039" /><testcase classname="backend.tests.test_access_control.TestUserSearchAPI" name="test_search_with_network_id" time="0.037" /><testcase classname="backend.tests.test_access_control.TestUserSearchAPI" name="test_search_max_10_results" time="0.090" /><testcase classname="backend.tests.test_access_control.TestGetAccessControl" name="test_get_access_control_requires_auth" time="0.037" /><testcase classname="backend.tests.test_access_control.TestGetAccessControl" name="test_get_access_control_returns_settings" time="0.038" /><testcase classname="backend.tests.test_access_control.TestGetAccessControl" name="test_get_access_control_404_for_nonexistent_network" time="0.038" /><testcase classname="backend.tests.test_access_control.TestUpdateAccessControl" name="test_update_access_control_requires_auth" time="0.034" /><testcase classname="backend.tests.test_access_control.TestUpdateAccessControl" name="test_update_to_brand_based" time="0.048" /><testcase classname="backend.tests.test_access_control.TestUpdateAccessControl" name="test_update_to_restricted_with_users" time="0.098" /><testcase classname="backend.tests.test_access_control.TestUpdateAccessControl" name="test_update_to_public_by_super_admin" time="0.077" /><testcase classname="backend.tests.test_access_control.TestUpdateAccessControl" name="test_update_404_for_nonexistent_network" time="0.036" /><testcase classname="backend.tests.test_access_control.TestRestrictedNetworkEnforcement" name="test_restricted_network_blocks_non_allowed_user" time="0.058" /><testcase classname="backend.tests.test_access_control.TestIntegration" name="test_full_access_control_flow" time="0.191" /></testsuite></testsuites>