<?xml version="1.0" encoding="utf-8"?><testsuites name="pytest tests"><testsuite name="pytest" errors="0" failures="0" skipped="0" tests="11" time="1.741" timestamp="2026-02-09T20:50:39.519539+00:00" hostname="agent-env-1bd5edac-66c6-4205-86c5-ae5b52ece504"><testcase classname="backend.tests.test_access_transparency_phase23.TestPhase3ReminderConfig" name="test_get_global_reminder_config" time="0.378" /><testcase classname="backend.tests.test_access_transparency_phase23.TestPhase3ReminderConfig" name="test_update_global_reminder_config" time="0.224" /><testcase classname="backend.tests.test_access_transparency_phase23.TestPhase3ReminderConfig" name="test_get_network_reminder_config" time="0.043" /><testcase classname="backend.tests.test_access_transparency_phase23.TestPhase3ReminderConfig" name="test_update_network_reminder_config_set_override" time="0.073" /><testcase classname="backend.tests.test_access_transparency_phase23.TestPhase3ReminderConfig" name="test_update_network_reminder_config_clear_override" time="0.079" /><testcase classname="backend.tests.test_access_transparency_phase23.TestPhase3ReminderConfig" name="test_get_optimization_reminders" time="0.037" /><testcase classname="backend.tests.test_access_transparency_phase23.TestPhase2ComplaintAutoTagging" name="test_network_has_access_summary" time="0.037" /><testcase classname="backend.tests.test_access_transparency_phase23.TestPhase2ComplaintAutoTagging" name="test_get_optimizations_for_network" time="0.041" /><testcase classname="backend.tests.test_access_transparency_phase23.TestPhase2ComplaintAutoTagging" name="test_create_complaint_auto_tags_network_users" time="0.680" /><testcase classname="backend.tests.test_access_transparency_phase23.TestPhase1Verification" name="test_networks_list_includes_visibility_mode" time="0.038" /><testcase classname="backend.tests.test_access_transparency_phase23.TestPhase1Verification" name="test_access_control_endpoint" time="0.043" /></testsuite></testsuites>