<?xml version="1.0" encoding="utf-8"?><testsuites name="pytest tests"><testsuite name="pytest" errors="0" failures="0" skipped="0" tests="14" time="3.014" timestamp="2026-02-08T16:20:41.233786+00:00" hostname="agent-env-cb7f7522-6c66-42c6-987f-0b021b74a8c0"><testcase classname="backend.tests.test_brand_scoping.TestBrandScoping" name="test_super_admin_has_null_brand_scope_ids" time="0.340" /><testcase classname="backend.tests.test_brand_scoping.TestBrandScoping" name="test_super_admin_sees_all_brands" time="0.036" /><testcase classname="backend.tests.test_brand_scoping.TestBrandScoping" name="test_super_admin_can_access_any_brand" time="0.118" /><testcase classname="backend.tests.test_brand_scoping.TestBrandScoping" name="test_brand_has_required_fields" time="0.000" /><testcase classname="backend.tests.test_brand_scoping.TestBrandScoping" name="test_brand_archive_functionality" time="0.196" /><testcase classname="backend.tests.test_brand_scoping.TestBrandScoping" name="test_cannot_archive_already_archived_brand" time="0.111" /><testcase classname="backend.tests.test_brand_scoping.TestBrandScoping" name="test_admin_viewer_must_have_brands" time="0.112" /><testcase classname="backend.tests.test_brand_scoping.TestBrandScoping" name="test_super_admin_gets_null_brand_scope_on_update" time="0.365" /><testcase classname="backend.tests.test_brand_scoping.TestBrandScoping" name="test_v3_asset_domains_filtered_by_brand_scope" time="0.045" /><testcase classname="backend.tests.test_brand_scoping.TestBrandScoping" name="test_v3_networks_filtered_by_brand_scope" time="0.038" /><testcase classname="backend.tests.test_brand_scoping.TestBrandScoping" name="test_create_asset_domain_requires_valid_brand" time="0.033" /><testcase classname="backend.tests.test_brand_scoping.TestBrandScoping" name="test_create_asset_domain_with_valid_brand" time="0.116" /><testcase classname="backend.tests.test_brand_scoping.TestBrandScoping" name="test_limited_user_403_for_unauthorized_brand" time="0.707" /><testcase classname="backend.tests.test_brand_scoping.TestBrandScoping" name="test_limited_user_sees_only_scoped_assets" time="0.682" /></testsuite></testsuites>