<?xml version="1.0" encoding="utf-8"?><testsuites name="pytest tests"><testsuite name="pytest" errors="0" failures="0" skipped="0" tests="14" time="1.039" timestamp="2026-02-09T11:28:08.964791+00:00" hostname="agent-env-a6521361-f024-4d0e-a55d-2eca7b20dd2b"><testcase classname="backend.tests.test_change_history_alerts.TestChangeHistoryAPI" name="test_get_change_history_returns_list" time="0.339" /><testcase classname="backend.tests.test_change_history_alerts.TestChangeHistoryAPI" name="test_change_log_has_required_fields" time="0.043" /><testcase classname="backend.tests.test_change_history_alerts.TestChangeHistoryAPI" name="test_change_log_has_snapshots" time="0.037" /><testcase classname="backend.tests.test_change_history_alerts.TestChangeHistoryAPI" name="test_change_log_has_entry_id_for_graph_highlight" time="0.046" /><testcase classname="backend.tests.test_change_history_alerts.TestChangeHistoryAPI" name="test_change_history_404_for_invalid_network" time="0.039" /><testcase classname="backend.tests.test_change_history_alerts.TestNotificationsAPI" name="test_get_notifications_returns_list" time="0.040" /><testcase classname="backend.tests.test_change_history_alerts.TestNotificationsAPI" name="test_notification_has_required_fields" time="0.035" /><testcase classname="backend.tests.test_change_history_alerts.TestNotificationsAPI" name="test_notification_has_change_log_link" time="0.037" /><testcase classname="backend.tests.test_change_history_alerts.TestNotificationsAPI" name="test_notification_has_affected_node" time="0.077" /><testcase classname="backend.tests.test_change_history_alerts.TestMarkNotificationsReadAPI" name="test_mark_single_notification_read" time="0.111" /><testcase classname="backend.tests.test_change_history_alerts.TestMarkNotificationsReadAPI" name="test_mark_all_notifications_read" time="0.036" /><testcase classname="backend.tests.test_change_history_alerts.TestChangeHistoryIntegration" name="test_network_detail_loads_with_history_tab" time="0.046" /><testcase classname="backend.tests.test_change_history_alerts.TestChangeHistoryIntegration" name="test_change_log_action_types_are_valid" time="0.038" /><testcase classname="backend.tests.test_change_history_alerts.TestChangeHistoryIntegration" name="test_notification_types_are_valid" time="0.035" /></testsuite></testsuites>