<?xml version="1.0" encoding="utf-8"?><testsuites name="pytest tests"><testsuite name="pytest" errors="0" failures="0" skipped="6" tests="13" time="4.689" timestamp="2026-02-09T11:53:33.680918+00:00" hostname="agent-env-a6521361-f024-4d0e-a55d-2eca7b20dd2b"><testcase classname="backend.tests.test_change_note_main_node_switch.TestChangeNoteMainNodeSwitch" name="test_main_node_validation_no_target_entry_id" time="0.367"><skipped type="pytest.skip" message="Need at least 2 entries to test target validation">/app/backend/tests/test_change_note_main_node_switch.py:56: Need at least 2 entries to test target validation</skipped></testcase><testcase classname="backend.tests.test_change_note_main_node_switch.TestChangeNoteMainNodeSwitch" name="test_main_node_validation_rejects_canonical_status" time="0.332"><skipped type="pytest.skip" message="No available root domains">/app/backend/tests/test_change_note_main_node_switch.py:115: No available root domains</skipped></testcase><testcase classname="backend.tests.test_change_note_main_node_switch.TestChangeNoteMainNodeSwitch" name="test_main_node_validation_rejects_redirect_status" time="0.344"><skipped type="pytest.skip" message="No available root domains">/app/backend/tests/test_change_note_main_node_switch.py:156: No available root domains</skipped></testcase><testcase classname="backend.tests.test_change_note_main_node_switch.TestChangeNoteMainNodeSwitch" name="test_switch_main_target_api_exists" time="0.333" /><testcase classname="backend.tests.test_change_note_main_node_switch.TestChangeNoteMainNodeSwitch" name="test_switch_main_target_validates_change_note" time="0.323"><skipped type="pytest.skip" message="No supporting entry to promote">/app/backend/tests/test_change_note_main_node_switch.py:219: No supporting entry to promote</skipped></testcase><testcase classname="backend.tests.test_change_note_main_node_switch.TestChangeNoteMainNodeSwitch" name="test_switch_main_target_validates_min_chars" time="0.378"><skipped type="pytest.skip" message="No supporting entry to promote">/app/backend/tests/test_change_note_main_node_switch.py:252: No supporting entry to promote</skipped></testcase><testcase classname="backend.tests.test_change_note_main_node_switch.TestChangeNoteMainNodeSwitch" name="test_switch_main_target_success_verifies_tier_recalculation" time="0.466" /><testcase classname="backend.tests.test_change_note_main_node_switch.TestChangeNoteMainNodeSwitch" name="test_change_note_max_length_2000" time="0.364" /><testcase classname="backend.tests.test_change_note_main_node_switch.TestChangeNoteMainNodeSwitch" name="test_change_note_rejects_over_2000" time="0.367" /><testcase classname="backend.tests.test_change_note_main_node_switch.TestChangeNoteMainNodeSwitch" name="test_structure_create_requires_change_note" time="0.333"><skipped type="pytest.skip" message="No available root domains">/app/backend/tests/test_change_note_main_node_switch.py:445: No available root domains</skipped></testcase><testcase classname="backend.tests.test_change_note_main_node_switch.TestChangeNoteMainNodeSwitch" name="test_structure_update_requires_change_note" time="0.398" /><testcase classname="backend.tests.test_change_note_main_node_switch.TestMainNodeStatuses" name="test_models_define_main_node_allowed_statuses" time="0.330" /><testcase classname="backend.tests.test_change_note_main_node_switch.TestMainNodeStatuses" name="test_models_define_supporting_node_statuses" time="0.259" /></testsuite></testsuites>