<?xml version="1.0" encoding="utf-8"?><testsuites name="pytest tests"><testsuite name="pytest" errors="0" failures="0" skipped="4" tests="13" time="2.024" timestamp="2026-02-10T22:56:33.948722+00:00" hostname="agent-env-91815c5a-d5f8-4a53-b633-b92ce7e43f71"><testcase classname="backend.tests.test_conflict_resolution_flow.TestConflictResolutionFlow" name="test_get_conflicts_with_linked_optimizations" time="0.322" /><testcase classname="backend.tests.test_conflict_resolution_flow.TestConflictResolutionFlow" name="test_under_review_conflicts_have_optimization" time="0.036"><skipped type="pytest.skip" message="No under_review conflicts to verify">/app/backend/tests/test_conflict_resolution_flow.py:92: No under_review conflicts to verify</skipped></testcase><testcase classname="backend.tests.test_conflict_resolution_flow.TestConflictResolutionFlow" name="test_optimization_in_progress_keeps_conflict_under_review" time="0.042"><skipped type="pytest.skip" message="No under_review conflicts with optimizations to test">/app/backend/tests/test_conflict_resolution_flow.py:118: No under_review conflicts with optimizations to test</skipped></testcase><testcase classname="backend.tests.test_conflict_resolution_flow.TestConflictResolutionFlow" name="test_optimization_completed_resolves_conflict" time="0.069"><skipped type="pytest.skip" message="No under_review conflicts with optimizations to test">/app/backend/tests/test_conflict_resolution_flow.py:164: No under_review conflicts with optimizations to test</skipped></testcase><testcase classname="backend.tests.test_conflict_resolution_flow.TestConflictResolutionFlow" name="test_optimization_reverted_reopens_conflict" time="0.678" /><testcase classname="backend.tests.test_conflict_resolution_flow.TestConflictResolutionFlow" name="test_conflict_metrics_resolved_count" time="0.077" /><testcase classname="backend.tests.test_conflict_resolution_flow.TestConflictResolutionFlow" name="test_top_resolvers_in_metrics" time="0.037" /><testcase classname="backend.tests.test_conflict_resolution_flow.TestConflictResolutionFlow" name="test_status_labels_in_conflicts" time="0.038" /><testcase classname="backend.tests.test_conflict_resolution_flow.TestConflictResolutionFlow" name="test_linked_optimization_info_in_conflicts" time="0.041" /><testcase classname="backend.tests.test_conflict_resolution_flow.TestConflictResolutionFlow" name="test_complete_status_flow_cycle" time="0.040" /><testcase classname="backend.tests.test_conflict_resolution_flow.TestConflictStatusFlowAPI" name="test_optimization_update_accepts_status" time="0.370" /><testcase classname="backend.tests.test_conflict_resolution_flow.TestConflictStatusFlowAPI" name="test_resolve_conflict_with_note" time="0.037"><skipped type="pytest.skip" message="No under_review conflicts to resolve">/app/backend/tests/test_conflict_resolution_flow.py:473: No under_review conflicts to resolve</skipped></testcase><testcase classname="backend.tests.test_conflict_resolution_flow.TestConflictStatusFlowAPI" name="test_metrics_period_filter" time="0.182" /></testsuite></testsuites>