<?xml version="1.0" encoding="utf-8"?><testsuites name="pytest tests"><testsuite name="pytest" errors="0" failures="1" skipped="0" tests="13" time="2.727" timestamp="2026-02-10T22:56:06.712619+00:00" hostname="agent-env-91815c5a-d5f8-4a53-b633-b92ce7e43f71"><testcase classname="backend.tests.test_conflict_resolution_flow.TestConflictResolutionFlow" name="test_get_conflicts_with_linked_optimizations" time="0.326" /><testcase classname="backend.tests.test_conflict_resolution_flow.TestConflictResolutionFlow" name="test_under_review_conflicts_have_optimization" time="0.037" /><testcase classname="backend.tests.test_conflict_resolution_flow.TestConflictResolutionFlow" name="test_optimization_in_progress_keeps_conflict_under_review" time="0.117" /><testcase classname="backend.tests.test_conflict_resolution_flow.TestConflictResolutionFlow" name="test_optimization_completed_resolves_conflict" time="0.716" /><testcase classname="backend.tests.test_conflict_resolution_flow.TestConflictResolutionFlow" name="test_optimization_reverted_reopens_conflict" time="0.666" /><testcase classname="backend.tests.test_conflict_resolution_flow.TestConflictResolutionFlow" name="test_conflict_metrics_resolved_count" time="0.079" /><testcase classname="backend.tests.test_conflict_resolution_flow.TestConflictResolutionFlow" name="test_top_resolvers_in_metrics" time="0.034" /><testcase classname="backend.tests.test_conflict_resolution_flow.TestConflictResolutionFlow" name="test_status_labels_in_conflicts" time="0.036" /><testcase classname="backend.tests.test_conflict_resolution_flow.TestConflictResolutionFlow" name="test_linked_optimization_info_in_conflicts" time="0.037" /><testcase classname="backend.tests.test_conflict_resolution_flow.TestConflictResolutionFlow" name="test_complete_status_flow_cycle" time="0.039" /><testcase classname="backend.tests.test_conflict_resolution_flow.TestConflictStatusFlowAPI" name="test_optimization_update_accepts_status" time="0.288"><failure message="assert 404 == 200&#10; +  where 404 = &lt;Response [404]&gt;.status_code">backend/tests/test_conflict_resolution_flow.py:428: in test_optimization_update_accepts_status
    assert response.status_code == 200
E   assert 404 == 200
E    +  where 404 = &lt;Response [404]&gt;.status_code</failure></testcase><testcase classname="backend.tests.test_conflict_resolution_flow.TestConflictStatusFlowAPI" name="test_resolve_conflict_with_note" time="0.078" /><testcase classname="backend.tests.test_conflict_resolution_flow.TestConflictStatusFlowAPI" name="test_metrics_period_filter" time="0.151" /></testsuite></testsuites>