<?xml version="1.0" encoding="utf-8"?><testsuites name="pytest tests"><testsuite name="pytest" errors="0" failures="1" skipped="0" tests="17" time="1.510" timestamp="2026-02-10T22:09:52.657127+00:00" hostname="agent-env-91815c5a-d5f8-4a53-b633-b92ce7e43f71"><testcase classname="backend.tests.test_conflict_optimization_linker.TestConflictOptimizationLinker" name="test_get_stored_conflicts_returns_list" time="0.342" /><testcase classname="backend.tests.test_conflict_optimization_linker.TestConflictOptimizationLinker" name="test_stored_conflicts_have_required_fields" time="0.039" /><testcase classname="backend.tests.test_conflict_optimization_linker.TestConflictOptimizationLinker" name="test_stored_conflicts_have_optimization_id" time="0.043" /><testcase classname="backend.tests.test_conflict_optimization_linker.TestConflictOptimizationLinker" name="test_get_conflict_metrics" time="0.036" /><testcase classname="backend.tests.test_conflict_optimization_linker.TestConflictOptimizationLinker" name="test_conflict_metrics_has_open_count" time="0.040" /><testcase classname="backend.tests.test_conflict_optimization_linker.TestConflictOptimizationLinker" name="test_process_conflicts_requires_auth" time="0.036" /><testcase classname="backend.tests.test_conflict_optimization_linker.TestConflictOptimizationLinker" name="test_process_conflicts_returns_summary" time="0.043" /><testcase classname="backend.tests.test_conflict_optimization_linker.TestConflictOptimizationLinker" name="test_resolve_conflict_endpoint_exists" time="0.035" /><testcase classname="backend.tests.test_conflict_optimization_linker.TestConflictOptimizationLinker" name="test_resolve_conflict_with_valid_id" time="0.080" /><testcase classname="backend.tests.test_conflict_optimization_linker.TestConflictOptimizationLinker" name="test_optimization_detail_includes_linked_conflict" time="0.074" /><testcase classname="backend.tests.test_conflict_optimization_linker.TestConflictOptimizationLinker" name="test_optimization_detail_has_can_edit_field" time="0.035"><failure message="assert 404 == 200&#10; +  where 404 = &lt;Response [404]&gt;.status_code">backend/tests/test_conflict_optimization_linker.py:308: in test_optimization_detail_has_can_edit_field
    assert response.status_code == 200
E   assert 404 == 200
E    +  where 404 = &lt;Response [404]&gt;.status_code</failure></testcase><testcase classname="backend.tests.test_conflict_optimization_linker.TestConflictOptimizationLinker" name="test_conflict_status_is_under_review_when_optimization_exists" time="0.037" /><testcase classname="backend.tests.test_conflict_optimization_linker.TestConflictOptimizationLinker" name="test_get_single_stored_conflict" time="0.075" /><testcase classname="backend.tests.test_conflict_optimization_linker.TestConflictOptimizationLinker" name="test_conflict_optimization_has_conflict_resolution_type" time="0.072" /><testcase classname="backend.tests.test_conflict_optimization_linker.TestConflictOptimizationLinker" name="test_conflict_metrics_with_network_filter" time="0.069" /><testcase classname="backend.tests.test_conflict_optimization_linker.TestConflictPermissions" name="test_resolve_requires_manager_role" time="0.303" /><testcase classname="backend.tests.test_conflict_optimization_linker.TestConflictPermissions" name="test_process_requires_manager_role" time="0.050" /></testsuite></testsuites>