<?xml version="1.0" encoding="utf-8"?><testsuites name="pytest tests"><testsuite name="pytest" errors="0" failures="0" skipped="0" tests="17" time="1.633" timestamp="2026-02-10T22:10:42.071999+00:00" hostname="agent-env-91815c5a-d5f8-4a53-b633-b92ce7e43f71"><testcase classname="backend.tests.test_conflict_optimization_linker.TestConflictOptimizationLinker" name="test_get_stored_conflicts_returns_list" time="0.341" /><testcase classname="backend.tests.test_conflict_optimization_linker.TestConflictOptimizationLinker" name="test_stored_conflicts_have_required_fields" time="0.040" /><testcase classname="backend.tests.test_conflict_optimization_linker.TestConflictOptimizationLinker" name="test_stored_conflicts_have_optimization_id" time="0.040" /><testcase classname="backend.tests.test_conflict_optimization_linker.TestConflictOptimizationLinker" name="test_get_conflict_metrics" time="0.037" /><testcase classname="backend.tests.test_conflict_optimization_linker.TestConflictOptimizationLinker" name="test_conflict_metrics_has_open_count" time="0.039" /><testcase classname="backend.tests.test_conflict_optimization_linker.TestConflictOptimizationLinker" name="test_process_conflicts_requires_auth" time="0.034" /><testcase classname="backend.tests.test_conflict_optimization_linker.TestConflictOptimizationLinker" name="test_process_conflicts_returns_summary" time="0.048" /><testcase classname="backend.tests.test_conflict_optimization_linker.TestConflictOptimizationLinker" name="test_resolve_conflict_endpoint_exists" time="0.038" /><testcase classname="backend.tests.test_conflict_optimization_linker.TestConflictOptimizationLinker" name="test_resolve_conflict_with_valid_id" time="0.116" /><testcase classname="backend.tests.test_conflict_optimization_linker.TestConflictOptimizationLinker" name="test_optimization_detail_includes_linked_conflict" time="0.079" /><testcase classname="backend.tests.test_conflict_optimization_linker.TestConflictOptimizationLinker" name="test_optimization_detail_has_can_edit_field" time="0.082" /><testcase classname="backend.tests.test_conflict_optimization_linker.TestConflictOptimizationLinker" name="test_conflict_status_is_under_review_when_optimization_exists" time="0.041" /><testcase classname="backend.tests.test_conflict_optimization_linker.TestConflictOptimizationLinker" name="test_get_single_stored_conflict" time="0.077" /><testcase classname="backend.tests.test_conflict_optimization_linker.TestConflictOptimizationLinker" name="test_conflict_optimization_has_conflict_resolution_type" time="0.073" /><testcase classname="backend.tests.test_conflict_optimization_linker.TestConflictOptimizationLinker" name="test_conflict_metrics_with_network_filter" time="0.075" /><testcase classname="backend.tests.test_conflict_optimization_linker.TestConflictPermissions" name="test_resolve_requires_manager_role" time="0.337" /><testcase classname="backend.tests.test_conflict_optimization_linker.TestConflictPermissions" name="test_process_requires_manager_role" time="0.052" /></testsuite></testsuites>