<?xml version="1.0" encoding="utf-8"?><testsuites name="pytest tests"><testsuite name="pytest" errors="0" failures="0" skipped="0" tests="15" time="4.885" timestamp="2026-02-12T09:53:51.708562+00:00" hostname="agent-env-bb02e164-6c3e-4f2d-be2a-651e31763edf"><testcase classname="tests.test_conflict_metrics_p0_p1.TestConflictMetricsEndpoint" name="test_metrics_returns_200" time="0.361" /><testcase classname="tests.test_conflict_metrics_p0_p1.TestConflictMetricsEndpoint" name="test_metrics_returns_all_required_fields" time="0.345" /><testcase classname="tests.test_conflict_metrics_p0_p1.TestConflictMetricsEndpoint" name="test_top_resolvers_format" time="0.307" /><testcase classname="tests.test_conflict_metrics_p0_p1.TestConflictMetricsEndpoint" name="test_top_resolvers_excludes_system_users" time="0.307" /><testcase classname="tests.test_conflict_metrics_p0_p1.TestConflictMetricsEndpoint" name="test_resolution_time_is_calculated" time="0.339" /><testcase classname="tests.test_conflict_metrics_p0_p1.TestConflictMetricsEndpoint" name="test_resolution_times_breakdown" time="0.305" /><testcase classname="tests.test_conflict_metrics_p0_p1.TestConflictMetricsEndpoint" name="test_false_resolution_metrics" time="0.312" /><testcase classname="tests.test_conflict_metrics_p0_p1.TestConflictMetricsEndpoint" name="test_recurring_conflicts_excludes_resolved" time="0.307" /><testcase classname="tests.test_conflict_metrics_p0_p1.TestConflictMetricsEndpoint" name="test_period_filter_works" time="0.351" /><testcase classname="tests.test_conflict_metrics_p0_p1.TestMigrationEndpoint" name="test_migration_endpoint_returns_200" time="0.313" /><testcase classname="tests.test_conflict_metrics_p0_p1.TestMigrationEndpoint" name="test_migration_returns_stats" time="0.309" /><testcase classname="tests.test_conflict_metrics_p0_p1.TestStoredConflictsWithFingerprints" name="test_conflicts_have_fingerprints" time="0.312" /><testcase classname="tests.test_conflict_metrics_p0_p1.TestStoredConflictsWithFingerprints" name="test_conflicts_have_first_detected_at" time="0.320" /><testcase classname="tests.test_conflict_metrics_p0_p1.TestStoredConflictsWithFingerprints" name="test_resolved_conflicts_have_is_active_false" time="0.320" /><testcase classname="tests.test_conflict_metrics_p0_p1.TestConflictStatusSync" name="test_linked_conflicts_sync_with_optimizations" time="0.298" /></testsuite></testsuites>