<?xml version="1.0" encoding="utf-8"?><testsuites name="pytest tests"><testsuite name="pytest" errors="7" failures="0" skipped="0" tests="26" time="0.661" timestamp="2026-02-10T08:43:26.428031+00:00" hostname="agent-env-cdf70e1d-6bc6-4f1a-8ab7-cbe31a5669de"><testcase classname="backend.tests.test_domain_monitoring_telegram.TestDomainMonitoringTelegramAPI" name="test_get_telegram_monitoring_returns_config" time="0.311"><error message="failed on setup with &quot;KeyError: 'token'&quot;">backend/tests/test_domain_monitoring_telegram.py:33: in auth_token
    return data["token"]
           ^^^^^^^^^^^^^
E   KeyError: 'token'</error></testcase><testcase classname="backend.tests.test_domain_monitoring_telegram.TestDomainMonitoringTelegramAPI" name="test_get_telegram_monitoring_has_configured_flag" time="0.000"><error message="failed on setup with &quot;KeyError: 'token'&quot;">backend/tests/test_domain_monitoring_telegram.py:33: in auth_token
    return data["token"]
           ^^^^^^^^^^^^^
E   KeyError: 'token'</error></testcase><testcase classname="backend.tests.test_domain_monitoring_telegram.TestDomainMonitoringTelegramAPI" name="test_put_telegram_monitoring_saves_config" time="0.000"><error message="failed on setup with &quot;KeyError: 'token'&quot;">backend/tests/test_domain_monitoring_telegram.py:33: in auth_token
    return data["token"]
           ^^^^^^^^^^^^^
E   KeyError: 'token'</error></testcase><testcase classname="backend.tests.test_domain_monitoring_telegram.TestDomainMonitoringTelegramAPI" name="test_put_telegram_monitoring_preserves_token" time="0.000"><error message="failed on setup with &quot;KeyError: 'token'&quot;">backend/tests/test_domain_monitoring_telegram.py:33: in auth_token
    return data["token"]
           ^^^^^^^^^^^^^
E   KeyError: 'token'</error></testcase><testcase classname="backend.tests.test_domain_monitoring_telegram.TestDomainMonitoringTelegramAPI" name="test_put_telegram_monitoring_enables_toggle" time="0.000"><error message="failed on setup with &quot;KeyError: 'token'&quot;">backend/tests/test_domain_monitoring_telegram.py:33: in auth_token
    return data["token"]
           ^^^^^^^^^^^^^
E   KeyError: 'token'</error></testcase><testcase classname="backend.tests.test_domain_monitoring_telegram.TestDomainMonitoringTelegramAPI" name="test_put_telegram_monitoring_requires_super_admin" time="0.037" /><testcase classname="backend.tests.test_domain_monitoring_telegram.TestDomainMonitoringTelegramAPI" name="test_post_telegram_monitoring_test_endpoint_exists" time="0.000"><error message="failed on setup with &quot;KeyError: 'token'&quot;">backend/tests/test_domain_monitoring_telegram.py:33: in auth_token
    return data["token"]
           ^^^^^^^^^^^^^
E   KeyError: 'token'</error></testcase><testcase classname="backend.tests.test_domain_monitoring_telegram.TestDomainMonitoringTelegramNoFallback" name="test_monitoring_config_is_separate_from_seo" time="0.000"><error message="failed on setup with &quot;KeyError: 'token'&quot;">backend/tests/test_domain_monitoring_telegram.py:33: in auth_token
    return data["token"]
           ^^^^^^^^^^^^^
E   KeyError: 'token'</error></testcase><testcase classname="backend.tests.test_domain_monitoring_telegram.TestSEOContextEnricher" name="test_seo_context_enricher_module_exists" time="0.069" /><testcase classname="backend.tests.test_domain_monitoring_telegram.TestSEOContextEnricher" name="test_seo_context_enricher_has_enrich_method" time="0.000" /><testcase classname="backend.tests.test_domain_monitoring_telegram.TestSEOContextEnricher" name="test_seo_context_enricher_has_upstream_chain_method" time="0.000" /><testcase classname="backend.tests.test_domain_monitoring_telegram.TestSEOContextEnricher" name="test_seo_context_enricher_has_downstream_impact_method" time="0.000" /><testcase classname="backend.tests.test_domain_monitoring_telegram.TestSEOContextEnricher" name="test_seo_context_enricher_has_impact_score_method" time="0.000" /><testcase classname="backend.tests.test_domain_monitoring_telegram.TestImpactScoreCalculation" name="test_impact_score_severity_low" time="0.000" /><testcase classname="backend.tests.test_domain_monitoring_telegram.TestImpactScoreCalculation" name="test_impact_score_severity_medium" time="0.000" /><testcase classname="backend.tests.test_domain_monitoring_telegram.TestImpactScoreCalculation" name="test_impact_score_severity_high" time="0.000" /><testcase classname="backend.tests.test_domain_monitoring_telegram.TestImpactScoreCalculation" name="test_impact_score_severity_critical_for_main" time="0.000" /><testcase classname="backend.tests.test_domain_monitoring_telegram.TestImpactScoreCalculation" name="test_impact_score_has_all_metrics" time="0.000" /><testcase classname="backend.tests.test_domain_monitoring_telegram.TestMonitoringServiceIntegration" name="test_expiration_service_has_seo_enricher" time="0.058" /><testcase classname="backend.tests.test_domain_monitoring_telegram.TestMonitoringServiceIntegration" name="test_availability_service_has_seo_enricher" time="0.001" /><testcase classname="backend.tests.test_domain_monitoring_telegram.TestMonitoringServiceIntegration" name="test_domain_monitoring_telegram_service_exists" time="0.000" /><testcase classname="backend.tests.test_domain_monitoring_telegram.TestSoftBlockDetection" name="test_availability_service_has_soft_block_indicators" time="0.000" /><testcase classname="backend.tests.test_domain_monitoring_telegram.TestSoftBlockDetection" name="test_detect_soft_block_method_exists" time="0.000" /><testcase classname="backend.tests.test_domain_monitoring_telegram.TestSoftBlockDetection" name="test_detect_cloudflare_challenge" time="0.000" /><testcase classname="backend.tests.test_domain_monitoring_telegram.TestSoftBlockDetection" name="test_detect_captcha" time="0.000" /><testcase classname="backend.tests.test_domain_monitoring_telegram.TestSoftBlockDetection" name="test_detect_geo_block_from_status_code" time="0.000" /></testsuite></testsuites>