<?xml version="1.0" encoding="utf-8"?><testsuites name="pytest tests"><testsuite name="pytest" errors="0" failures="15" skipped="0" tests="15" time="4.486" timestamp="2026-02-12T14:30:17.877297+00:00" hostname="agent-env-d53400f5-ed5e-4bcc-8433-47e0a3096d0f"><testcase classname="backend.tests.test_domain_lifecycle_not_renewed.TestDomainLifecycleNotRenewed" name="test_not_renewed_lifecycle_exists_in_labels" time="0.335"><failure message="assert 401 == 200&#10; +  where 401 = &lt;Response [401]&gt;.status_code">backend/tests/test_domain_lifecycle_not_renewed.py:45: in test_not_renewed_lifecycle_exists_in_labels
    assert response.status_code == 200
E   assert 401 == 200
E    +  where 401 = &lt;Response [401]&gt;.status_code</failure></testcase><testcase classname="backend.tests.test_domain_lifecycle_not_renewed.TestDomainLifecycleNotRenewed" name="test_expired_domain_shows_not_renewed_lifecycle" time="0.275"><failure message="assert 401 == 200&#10; +  where 401 = &lt;Response [401]&gt;.status_code">backend/tests/test_domain_lifecycle_not_renewed.py:56: in test_expired_domain_shows_not_renewed_lifecycle
    assert response.status_code == 200
E   assert 401 == 200
E    +  where 401 = &lt;Response [401]&gt;.status_code</failure></testcase><testcase classname="backend.tests.test_domain_lifecycle_not_renewed.TestDomainLifecycleNotRenewed" name="test_monitoring_not_allowed_for_not_renewed" time="0.308"><failure message="assert 401 == 200&#10; +  where 401 = &lt;Response [401]&gt;.status_code">backend/tests/test_domain_lifecycle_not_renewed.py:70: in test_monitoring_not_allowed_for_not_renewed
    assert response.status_code == 200
E   assert 401 == 200
E    +  where 401 = &lt;Response [401]&gt;.status_code</failure></testcase><testcase classname="backend.tests.test_domain_lifecycle_not_renewed.TestColumnSorting" name="test_sort_by_domain_name_asc" time="0.312"><failure message="assert 401 == 200&#10; +  where 401 = &lt;Response [401]&gt;.status_code">backend/tests/test_domain_lifecycle_not_renewed.py:102: in test_sort_by_domain_name_asc
    assert response.status_code == 200
E   assert 401 == 200
E    +  where 401 = &lt;Response [401]&gt;.status_code</failure></testcase><testcase classname="backend.tests.test_domain_lifecycle_not_renewed.TestColumnSorting" name="test_sort_by_domain_name_desc" time="0.312"><failure message="assert 401 == 200&#10; +  where 401 = &lt;Response [401]&gt;.status_code">backend/tests/test_domain_lifecycle_not_renewed.py:112: in test_sort_by_domain_name_desc
    assert response.status_code == 200
E   assert 401 == 200
E    +  where 401 = &lt;Response [401]&gt;.status_code</failure></testcase><testcase classname="backend.tests.test_domain_lifecycle_not_renewed.TestColumnSorting" name="test_sort_by_expiration_date_asc" time="0.268"><failure message="assert 401 == 200&#10; +  where 401 = &lt;Response [401]&gt;.status_code">backend/tests/test_domain_lifecycle_not_renewed.py:122: in test_sort_by_expiration_date_asc
    assert response.status_code == 200
E   assert 401 == 200
E    +  where 401 = &lt;Response [401]&gt;.status_code</failure></testcase><testcase classname="backend.tests.test_domain_lifecycle_not_renewed.TestColumnSorting" name="test_sort_by_expiration_date_desc" time="0.327"><failure message="assert 401 == 200&#10; +  where 401 = &lt;Response [401]&gt;.status_code">backend/tests/test_domain_lifecycle_not_renewed.py:133: in test_sort_by_expiration_date_desc
    assert response.status_code == 200
E   assert 401 == 200
E    +  where 401 = &lt;Response [401]&gt;.status_code</failure></testcase><testcase classname="backend.tests.test_domain_lifecycle_not_renewed.TestColumnSorting" name="test_sort_by_lifecycle_status" time="0.270"><failure message="assert 401 == 200&#10; +  where 401 = &lt;Response [401]&gt;.status_code">backend/tests/test_domain_lifecycle_not_renewed.py:142: in test_sort_by_lifecycle_status
    assert response.status_code == 200
E   assert 401 == 200
E    +  where 401 = &lt;Response [401]&gt;.status_code</failure></testcase><testcase classname="backend.tests.test_domain_lifecycle_not_renewed.TestColumnSorting" name="test_sort_by_monitoring_status" time="0.270"><failure message="assert 401 == 200&#10; +  where 401 = &lt;Response [401]&gt;.status_code">backend/tests/test_domain_lifecycle_not_renewed.py:154: in test_sort_by_monitoring_status
    assert response.status_code == 200
E   assert 401 == 200
E    +  where 401 = &lt;Response [401]&gt;.status_code</failure></testcase><testcase classname="backend.tests.test_domain_lifecycle_not_renewed.TestColumnSorting" name="test_sort_by_domain_active_status" time="0.276"><failure message="assert 401 == 200&#10; +  where 401 = &lt;Response [401]&gt;.status_code">backend/tests/test_domain_lifecycle_not_renewed.py:163: in test_sort_by_domain_active_status
    assert response.status_code == 200
E   assert 401 == 200
E    +  where 401 = &lt;Response [401]&gt;.status_code</failure></testcase><testcase classname="backend.tests.test_domain_lifecycle_not_renewed.TestColumnSorting" name="test_default_critical_sorting" time="0.275"><failure message="assert 401 == 200&#10; +  where 401 = &lt;Response [401]&gt;.status_code">backend/tests/test_domain_lifecycle_not_renewed.py:172: in test_default_critical_sorting
    assert response.status_code == 200
E   assert 401 == 200
E    +  where 401 = &lt;Response [401]&gt;.status_code</failure></testcase><testcase classname="backend.tests.test_domain_lifecycle_not_renewed.TestColumnSorting" name="test_sort_by_seo_networks_count" time="0.265"><failure message="assert 401 == 200&#10; +  where 401 = &lt;Response [401]&gt;.status_code">backend/tests/test_domain_lifecycle_not_renewed.py:184: in test_sort_by_seo_networks_count
    assert response.status_code == 200
E   assert 401 == 200
E    +  where 401 = &lt;Response [401]&gt;.status_code</failure></testcase><testcase classname="backend.tests.test_domain_lifecycle_not_renewed.TestViewModeNotRenewed" name="test_view_mode_not_renewed_returns_only_not_renewed" time="0.315"><failure message="assert 401 == 200&#10; +  where 401 = &lt;Response [401]&gt;.status_code">backend/tests/test_domain_lifecycle_not_renewed.py:214: in test_view_mode_not_renewed_returns_only_not_renewed
    assert response.status_code == 200
E   assert 401 == 200
E    +  where 401 = &lt;Response [401]&gt;.status_code</failure></testcase><testcase classname="backend.tests.test_domain_lifecycle_not_renewed.TestViewModeNotRenewed" name="test_monitoring_coverage_includes_not_renewed_count" time="0.270"><failure message="assert 401 == 200&#10; +  where 401 = &lt;Response [401]&gt;.status_code">backend/tests/test_domain_lifecycle_not_renewed.py:227: in test_monitoring_coverage_includes_not_renewed_count
    assert response.status_code == 200
E   assert 401 == 200
E    +  where 401 = &lt;Response [401]&gt;.status_code</failure></testcase><testcase classname="backend.tests.test_domain_lifecycle_not_renewed.TestLifecycleRules" name="test_monitoring_allowed_rules" time="0.267"><failure message="assert 401 == 200&#10; +  where 401 = &lt;Response [401]&gt;.status_code">backend/tests/test_domain_lifecycle_not_renewed.py:263: in test_monitoring_allowed_rules
    assert response.status_code == 200
E   assert 401 == 200
E    +  where 401 = &lt;Response [401]&gt;.status_code</failure></testcase></testsuite></testsuites>