<?xml version="1.0" encoding="utf-8"?><testsuites name="pytest tests"><testsuite name="pytest" errors="0" failures="0" skipped="0" tests="13" time="4.608" timestamp="2026-02-10T11:54:23.562135+00:00" hostname="agent-env-e1c60a27-ff38-438c-8eab-10e7847c4e2a"><testcase classname="backend.tests.test_domain_save_rbac.TestAuthentication" name="test_manager_login_success" time="0.298" /><testcase classname="backend.tests.test_domain_save_rbac.TestAuthentication" name="test_super_admin_login_success" time="0.258" /><testcase classname="backend.tests.test_domain_save_rbac.TestNetworkRBAC" name="test_manager_sees_only_their_brand_networks" time="0.301" /><testcase classname="backend.tests.test_domain_save_rbac.TestNetworkRBAC" name="test_super_admin_sees_all_networks" time="0.306" /><testcase classname="backend.tests.test_domain_save_rbac.TestNetworkRBAC" name="test_manager_vs_admin_network_count" time="0.605" /><testcase classname="backend.tests.test_domain_save_rbac.TestDomainRBAC" name="test_manager_sees_only_their_brand_domains" time="0.296" /><testcase classname="backend.tests.test_domain_save_rbac.TestDomainRBAC" name="test_super_admin_sees_all_domains" time="0.299" /><testcase classname="backend.tests.test_domain_save_rbac.TestDomainSave" name="test_create_domain_with_brand_id" time="0.370" /><testcase classname="backend.tests.test_domain_save_rbac.TestDomainSave" name="test_create_domain_requires_brand_id" time="0.289" /><testcase classname="backend.tests.test_domain_save_rbac.TestDomainSave" name="test_manager_can_create_domain_for_their_brand" time="0.631" /><testcase classname="backend.tests.test_domain_save_rbac.TestDomainSave" name="test_manager_cannot_create_domain_for_other_brand" time="0.294" /><testcase classname="backend.tests.test_domain_save_rbac.TestDomainListFiltering" name="test_domain_list_filtered_by_brand_id" time="0.293" /><testcase classname="backend.tests.test_domain_save_rbac.TestManagerDashboard" name="test_manager_brands_list_restricted" time="0.296" /></testsuite></testsuites>