<?xml version="1.0" encoding="utf-8"?><testsuites name="pytest tests"><testsuite name="pytest" errors="0" failures="0" skipped="0" tests="15" time="4.334" timestamp="2026-02-12T14:36:00.700803+00:00" hostname="agent-env-d53400f5-ed5e-4bcc-8433-47e0a3096d0f"><testcase classname="backend.tests.test_domain_lifecycle_not_renewed.TestDomainLifecycleNotRenewed" name="test_not_renewed_lifecycle_exists_in_labels" time="0.330" /><testcase classname="backend.tests.test_domain_lifecycle_not_renewed.TestDomainLifecycleNotRenewed" name="test_expired_domain_shows_not_renewed_lifecycle" time="0.273" /><testcase classname="backend.tests.test_domain_lifecycle_not_renewed.TestDomainLifecycleNotRenewed" name="test_monitoring_not_allowed_for_not_renewed" time="0.313" /><testcase classname="backend.tests.test_domain_lifecycle_not_renewed.TestColumnSorting" name="test_sort_by_domain_name_asc" time="0.273" /><testcase classname="backend.tests.test_domain_lifecycle_not_renewed.TestColumnSorting" name="test_sort_by_domain_name_desc" time="0.275" /><testcase classname="backend.tests.test_domain_lifecycle_not_renewed.TestColumnSorting" name="test_sort_by_expiration_date_asc" time="0.272" /><testcase classname="backend.tests.test_domain_lifecycle_not_renewed.TestColumnSorting" name="test_sort_by_expiration_date_desc" time="0.277" /><testcase classname="backend.tests.test_domain_lifecycle_not_renewed.TestColumnSorting" name="test_sort_by_lifecycle_status" time="0.320" /><testcase classname="backend.tests.test_domain_lifecycle_not_renewed.TestColumnSorting" name="test_sort_by_monitoring_status" time="0.284" /><testcase classname="backend.tests.test_domain_lifecycle_not_renewed.TestColumnSorting" name="test_sort_by_domain_active_status" time="0.284" /><testcase classname="backend.tests.test_domain_lifecycle_not_renewed.TestColumnSorting" name="test_default_critical_sorting" time="0.276" /><testcase classname="backend.tests.test_domain_lifecycle_not_renewed.TestColumnSorting" name="test_sort_by_seo_networks_count" time="0.275" /><testcase classname="backend.tests.test_domain_lifecycle_not_renewed.TestViewModeNotRenewed" name="test_view_mode_not_renewed_returns_only_not_renewed" time="0.278" /><testcase classname="backend.tests.test_domain_lifecycle_not_renewed.TestViewModeNotRenewed" name="test_monitoring_coverage_includes_not_renewed_count" time="0.269" /><testcase classname="backend.tests.test_domain_lifecycle_not_renewed.TestLifecycleRules" name="test_monitoring_allowed_rules" time="0.281" /></testsuite></testsuites>