<?xml version="1.0" encoding="utf-8"?><testsuites name="pytest tests"><testsuite name="pytest" errors="0" failures="0" skipped="0" tests="28" time="9.527" timestamp="2026-02-12T13:46:48.243578+00:00" hostname="agent-env-d53400f5-ed5e-4bcc-8433-47e0a3096d0f"><testcase classname="backend.tests.test_domain_status_lifecycle.TestAssetDomainsAPI" name="test_get_asset_domains_returns_200" time="0.388" /><testcase classname="backend.tests.test_domain_status_lifecycle.TestAssetDomainsAPI" name="test_domain_response_has_domain_active_status" time="0.306" /><testcase classname="backend.tests.test_domain_status_lifecycle.TestAssetDomainsAPI" name="test_domain_response_has_monitoring_status" time="0.305" /><testcase classname="backend.tests.test_domain_status_lifecycle.TestAssetDomainsAPI" name="test_domain_response_has_lifecycle_status" time="0.307" /><testcase classname="backend.tests.test_domain_status_lifecycle.TestAssetDomainsAPI" name="test_domain_response_has_quarantine_category" time="0.305" /><testcase classname="backend.tests.test_domain_status_lifecycle.TestAssetDomainsAPI" name="test_domain_response_has_seo_networks" time="0.307" /><testcase classname="backend.tests.test_domain_status_lifecycle.TestAssetDomainsAPI" name="test_domain_response_has_monitoring_toggle_fields" time="0.299" /><testcase classname="backend.tests.test_domain_status_lifecycle.TestDomainActiveStatusFilter" name="test_filter_by_active_status" time="0.307" /><testcase classname="backend.tests.test_domain_status_lifecycle.TestDomainActiveStatusFilter" name="test_filter_by_expired_status" time="0.294" /><testcase classname="backend.tests.test_domain_status_lifecycle.TestMonitoringStatusFilter" name="test_filter_by_monitoring_status_up" time="0.346" /><testcase classname="backend.tests.test_domain_status_lifecycle.TestMonitoringStatusFilter" name="test_filter_by_monitoring_status_down" time="0.318" /><testcase classname="backend.tests.test_domain_status_lifecycle.TestMonitoringStatusFilter" name="test_filter_by_monitoring_status_unknown" time="1.006" /><testcase classname="backend.tests.test_domain_status_lifecycle.TestLifecycleStatusFilter" name="test_filter_by_lifecycle_active" time="0.301" /><testcase classname="backend.tests.test_domain_status_lifecycle.TestLifecycleStatusFilter" name="test_filter_by_lifecycle_released" time="0.319" /><testcase classname="backend.tests.test_domain_status_lifecycle.TestLifecycleStatusFilter" name="test_filter_by_lifecycle_quarantined" time="0.295" /><testcase classname="backend.tests.test_domain_status_lifecycle.TestQuarantineCategoryFilter" name="test_filter_by_quarantine_category" time="0.303" /><testcase classname="backend.tests.test_domain_status_lifecycle.TestQuarantineCategoryFilter" name="test_filter_is_quarantined_true" time="0.310" /><testcase classname="backend.tests.test_domain_status_lifecycle.TestQuarantineCategoryFilter" name="test_filter_is_quarantined_false" time="0.297" /><testcase classname="backend.tests.test_domain_status_lifecycle.TestViewModeTabs" name="test_view_mode_all" time="0.303" /><testcase classname="backend.tests.test_domain_status_lifecycle.TestViewModeTabs" name="test_view_mode_released" time="0.299" /><testcase classname="backend.tests.test_domain_status_lifecycle.TestViewModeTabs" name="test_view_mode_quarantined" time="0.302" /><testcase classname="backend.tests.test_domain_status_lifecycle.TestViewModeTabs" name="test_view_mode_unmonitored" time="0.341" /><testcase classname="backend.tests.test_domain_status_lifecycle.TestQuarantineCategoriesEndpoint" name="test_get_quarantine_categories" time="0.296" /><testcase classname="backend.tests.test_domain_status_lifecycle.TestMonitoringCoverageEndpoint" name="test_get_monitoring_coverage" time="0.301" /><testcase classname="backend.tests.test_domain_status_lifecycle.TestLifecycleEndpoints" name="test_set_lifecycle_endpoint_exists" time="0.308" /><testcase classname="backend.tests.test_domain_status_lifecycle.TestLifecycleEndpoints" name="test_quarantine_endpoint_exists" time="0.323" /><testcase classname="backend.tests.test_domain_status_lifecycle.TestLifecycleEndpoints" name="test_remove_quarantine_endpoint_exists" time="0.318" /><testcase classname="backend.tests.test_domain_status_lifecycle.TestLifecycleEndpoints" name="test_mark_released_endpoint_exists" time="0.310" /></testsuite></testsuites>