<?xml version="1.0" encoding="utf-8"?><testsuites name="pytest tests"><testsuite name="pytest" errors="0" failures="1" skipped="0" tests="15" time="4.606" timestamp="2026-02-12T14:33:56.578573+00:00" hostname="agent-env-d53400f5-ed5e-4bcc-8433-47e0a3096d0f"><testcase classname="backend.tests.test_domain_lifecycle_not_renewed.TestDomainLifecycleNotRenewed" name="test_not_renewed_lifecycle_exists_in_labels" time="0.408" /><testcase classname="backend.tests.test_domain_lifecycle_not_renewed.TestDomainLifecycleNotRenewed" name="test_expired_domain_shows_not_renewed_lifecycle" time="0.319" /><testcase classname="backend.tests.test_domain_lifecycle_not_renewed.TestDomainLifecycleNotRenewed" name="test_monitoring_not_allowed_for_not_renewed" time="0.280" /><testcase classname="backend.tests.test_domain_lifecycle_not_renewed.TestColumnSorting" name="test_sort_by_domain_name_asc" time="0.290" /><testcase classname="backend.tests.test_domain_lifecycle_not_renewed.TestColumnSorting" name="test_sort_by_domain_name_desc" time="0.286"><failure message="AssertionError: Domains should be sorted Z-A&#10;assert ['domaina.com...ain.com', ...] == ['support-tie...ite.com', ...]&#10;  &#10;  At index 0 diff: 'domaina.com' != 'support-tier1-2.com'&#10;  &#10;  Full diff:&#10;    [&#10;  +     'domaina.com',&#10;  +     'domaintest.com',...&#10;  &#10;  ...Full output truncated (18 lines hidden), use '-vv' to show">backend/tests/test_domain_lifecycle_not_renewed.py:116: in test_sort_by_domain_name_desc
    assert domains == sorted(domains, reverse=True), "Domains should be sorted Z-A"
E   AssertionError: Domains should be sorted Z-A
E   assert ['domaina.com...ain.com', ...] == ['support-tie...ite.com', ...]
E     
E     At index 0 diff: 'domaina.com' != 'support-tier1-2.com'
E     
E     Full diff:
E       [
E     +     'domaina.com',
E     +     'domaintest.com',...
E     
E     ...Full output truncated (18 lines hidden), use '-vv' to show</failure></testcase><testcase classname="backend.tests.test_domain_lifecycle_not_renewed.TestColumnSorting" name="test_sort_by_expiration_date_asc" time="0.275" /><testcase classname="backend.tests.test_domain_lifecycle_not_renewed.TestColumnSorting" name="test_sort_by_expiration_date_desc" time="0.315" /><testcase classname="backend.tests.test_domain_lifecycle_not_renewed.TestColumnSorting" name="test_sort_by_lifecycle_status" time="0.282" /><testcase classname="backend.tests.test_domain_lifecycle_not_renewed.TestColumnSorting" name="test_sort_by_monitoring_status" time="0.283" /><testcase classname="backend.tests.test_domain_lifecycle_not_renewed.TestColumnSorting" name="test_sort_by_domain_active_status" time="0.280" /><testcase classname="backend.tests.test_domain_lifecycle_not_renewed.TestColumnSorting" name="test_default_critical_sorting" time="0.277" /><testcase classname="backend.tests.test_domain_lifecycle_not_renewed.TestColumnSorting" name="test_sort_by_seo_networks_count" time="0.314" /><testcase classname="backend.tests.test_domain_lifecycle_not_renewed.TestViewModeNotRenewed" name="test_view_mode_not_renewed_returns_only_not_renewed" time="0.311" /><testcase classname="backend.tests.test_domain_lifecycle_not_renewed.TestViewModeNotRenewed" name="test_monitoring_coverage_includes_not_renewed_count" time="0.318" /><testcase classname="backend.tests.test_domain_lifecycle_not_renewed.TestLifecycleRules" name="test_monitoring_allowed_rules" time="0.285" /></testsuite></testsuites>