<?xml version="1.0" encoding="utf-8"?><testsuites name="pytest tests"><testsuite name="pytest" errors="0" failures="0" skipped="1" tests="25" time="1.461" timestamp="2026-02-12T12:24:34.836028+00:00" hostname="agent-env-ae269aeb-6eb0-44f5-afd4-080c0cbf87c7"><testcase classname="backend.tests.test_domain_lifecycle_quarantine.TestQuarantineCategories" name="test_get_quarantine_categories_returns_200" time="0.346" /><testcase classname="backend.tests.test_domain_lifecycle_quarantine.TestQuarantineCategories" name="test_quarantine_categories_contains_expected_categories" time="0.054" /><testcase classname="backend.tests.test_domain_lifecycle_quarantine.TestSeoMonitoringCoverage" name="test_monitoring_coverage_returns_200" time="0.015" /><testcase classname="backend.tests.test_domain_lifecycle_quarantine.TestSeoMonitoringCoverage" name="test_monitoring_coverage_contains_required_fields" time="0.014" /><testcase classname="backend.tests.test_domain_lifecycle_quarantine.TestSeoMonitoringCoverage" name="test_coverage_percentage_is_valid" time="0.014" /><testcase classname="backend.tests.test_domain_lifecycle_quarantine.TestAssetDomainsFilters" name="test_filter_by_lifecycle_status" time="0.014" /><testcase classname="backend.tests.test_domain_lifecycle_quarantine.TestAssetDomainsFilters" name="test_filter_by_quarantine_category" time="0.055" /><testcase classname="backend.tests.test_domain_lifecycle_quarantine.TestAssetDomainsFilters" name="test_filter_is_quarantined_true" time="0.017" /><testcase classname="backend.tests.test_domain_lifecycle_quarantine.TestAssetDomainsFilters" name="test_filter_is_quarantined_false" time="0.014" /><testcase classname="backend.tests.test_domain_lifecycle_quarantine.TestAssetDomainsFilters" name="test_filter_used_in_seo_true" time="0.014" /><testcase classname="backend.tests.test_domain_lifecycle_quarantine.TestViewModes" name="test_view_mode_released" time="0.014" /><testcase classname="backend.tests.test_domain_lifecycle_quarantine.TestViewModes" name="test_view_mode_quarantined" time="0.017" /><testcase classname="backend.tests.test_domain_lifecycle_quarantine.TestViewModes" name="test_view_mode_unmonitored" time="0.014" /><testcase classname="backend.tests.test_domain_lifecycle_quarantine.TestDomainQuarantineManagement" name="test_quarantine_domain_super_admin" time="0.030" /><testcase classname="backend.tests.test_domain_lifecycle_quarantine.TestDomainQuarantineManagement" name="test_quarantine_domain_regular_admin_forbidden" time="0.304" /><testcase classname="backend.tests.test_domain_lifecycle_quarantine.TestDomainQuarantineManagement" name="test_remove_quarantine_super_admin" time="0.029" /><testcase classname="backend.tests.test_domain_lifecycle_quarantine.TestDomainQuarantineManagement" name="test_remove_quarantine_regular_admin_forbidden" time="0.066" /><testcase classname="backend.tests.test_domain_lifecycle_quarantine.TestDomainLifecycleManagement" name="test_mark_released_super_admin" time="0.013"><skipped type="pytest.skip" message="No active domains available for testing">/app/backend/tests/test_domain_lifecycle_quarantine.py:396: No active domains available for testing</skipped></testcase><testcase classname="backend.tests.test_domain_lifecycle_quarantine.TestDomainLifecycleManagement" name="test_mark_released_regular_admin_forbidden" time="0.025" /><testcase classname="backend.tests.test_domain_lifecycle_quarantine.TestDomainLifecycleManagement" name="test_set_lifecycle_super_admin" time="0.123" /><testcase classname="backend.tests.test_domain_lifecycle_quarantine.TestDomainLifecycleManagement" name="test_set_lifecycle_regular_admin_forbidden" time="0.065" /><testcase classname="backend.tests.test_domain_lifecycle_quarantine.TestDomainResponseEnrichment" name="test_domain_response_includes_lifecycle_fields" time="0.014" /><testcase classname="backend.tests.test_domain_lifecycle_quarantine.TestDomainResponseEnrichment" name="test_quarantined_domain_has_label" time="0.014" /><testcase classname="backend.tests.test_domain_lifecycle_quarantine.TestExistingQuarantinedDomains" name="test_domaina_is_quarantined" time="0.015" /><testcase classname="backend.tests.test_domain_lifecycle_quarantine.TestExistingQuarantinedDomains" name="test_expiring_7days_test_is_released" time="0.055" /></testsuite></testsuites>