<?xml version="1.0" encoding="utf-8"?><testsuites name="pytest tests"><testsuite name="pytest" errors="0" failures="0" skipped="0" tests="15" time="1.559" timestamp="2026-02-10T10:50:58.772240+00:00" hostname="agent-env-e1c60a27-ff38-438c-8eab-10e7847c4e2a"><testcase classname="backend.tests.test_email_alerts.TestEmailAlertsAPI" name="test_get_email_alert_settings_returns_200" time="0.367" /><testcase classname="backend.tests.test_email_alerts.TestEmailAlertsAPI" name="test_get_email_alert_settings_structure" time="0.036" /><testcase classname="backend.tests.test_email_alerts.TestEmailAlertsAPI" name="test_get_email_alert_settings_unauthorized" time="0.041" /><testcase classname="backend.tests.test_email_alerts.TestEmailAlertsAPI" name="test_update_email_alert_settings_enabled" time="0.111" /><testcase classname="backend.tests.test_email_alerts.TestEmailAlertsAPI" name="test_update_email_alert_settings_severity_threshold" time="0.120" /><testcase classname="backend.tests.test_email_alerts.TestEmailAlertsAPI" name="test_update_email_alert_settings_invalid_threshold" time="0.035" /><testcase classname="backend.tests.test_email_alerts.TestEmailAlertsAPI" name="test_update_email_alert_settings_include_managers" time="0.040" /><testcase classname="backend.tests.test_email_alerts.TestEmailAlertsAPI" name="test_update_email_alert_settings_admin_emails" time="0.072" /><testcase classname="backend.tests.test_email_alerts.TestEmailAlertsAPI" name="test_update_email_alert_settings_invalid_email" time="0.034" /><testcase classname="backend.tests.test_email_alerts.TestEmailAlertsAPI" name="test_update_email_alert_settings_sender_email" time="0.078" /><testcase classname="backend.tests.test_email_alerts.TestEmailAlertsAPI" name="test_email_alerts_test_endpoint_exists" time="0.036" /><testcase classname="backend.tests.test_email_alerts.TestEmailAlertsAPI" name="test_email_alerts_test_invalid_email" time="0.036" /><testcase classname="backend.tests.test_email_alerts.TestEmailAlertsAPI" name="test_email_alerts_test_missing_email" time="0.038" /><testcase classname="backend.tests.test_email_alerts.TestEmailAlertsAPI" name="test_email_alerts_test_unauthorized" time="0.037" /><testcase classname="backend.tests.test_email_alerts.TestEmailAlertServiceIntegration" name="test_full_settings_update_flow" time="0.411" /></testsuite></testsuites>