<?xml version="1.0" encoding="utf-8"?><testsuites name="pytest tests"><testsuite name="pytest" errors="0" failures="1" skipped="0" tests="15" time="1.460" timestamp="2026-02-10T10:50:34.341943+00:00" hostname="agent-env-e1c60a27-ff38-438c-8eab-10e7847c4e2a"><testcase classname="backend.tests.test_email_alerts.TestEmailAlertsAPI" name="test_get_email_alert_settings_returns_200" time="0.367" /><testcase classname="backend.tests.test_email_alerts.TestEmailAlertsAPI" name="test_get_email_alert_settings_structure" time="0.042" /><testcase classname="backend.tests.test_email_alerts.TestEmailAlertsAPI" name="test_get_email_alert_settings_unauthorized" time="0.036" /><testcase classname="backend.tests.test_email_alerts.TestEmailAlertsAPI" name="test_update_email_alert_settings_enabled" time="0.114" /><testcase classname="backend.tests.test_email_alerts.TestEmailAlertsAPI" name="test_update_email_alert_settings_severity_threshold" time="0.076" /><testcase classname="backend.tests.test_email_alerts.TestEmailAlertsAPI" name="test_update_email_alert_settings_invalid_threshold" time="0.043" /><testcase classname="backend.tests.test_email_alerts.TestEmailAlertsAPI" name="test_update_email_alert_settings_include_managers" time="0.036" /><testcase classname="backend.tests.test_email_alerts.TestEmailAlertsAPI" name="test_update_email_alert_settings_admin_emails" time="0.070" /><testcase classname="backend.tests.test_email_alerts.TestEmailAlertsAPI" name="test_update_email_alert_settings_invalid_email" time="0.034" /><testcase classname="backend.tests.test_email_alerts.TestEmailAlertsAPI" name="test_update_email_alert_settings_sender_email" time="0.040" /><testcase classname="backend.tests.test_email_alerts.TestEmailAlertsAPI" name="test_email_alerts_test_endpoint_exists" time="0.034"><failure message="AssertionError: Expected 200 or 500, got 520: {&quot;detail&quot;:&quot;Resend not configured. Add API key first.&quot;}&#10;assert 520 in [200, 500]&#10; +  where 520 = &lt;Response [520]&gt;.status_code">backend/tests/test_email_alerts.py:214: in test_email_alerts_test_endpoint_exists
    assert response.status_code in [200, 500], f"Expected 200 or 500, got {response.status_code}: {response.text}"
E   AssertionError: Expected 200 or 500, got 520: {"detail":"Resend not configured. Add API key first."}
E   assert 520 in [200, 500]
E    +  where 520 = &lt;Response [520]&gt;.status_code</failure></testcase><testcase classname="backend.tests.test_email_alerts.TestEmailAlertsAPI" name="test_email_alerts_test_invalid_email" time="0.033" /><testcase classname="backend.tests.test_email_alerts.TestEmailAlertsAPI" name="test_email_alerts_test_missing_email" time="0.039" /><testcase classname="backend.tests.test_email_alerts.TestEmailAlertsAPI" name="test_email_alerts_test_unauthorized" time="0.037" /><testcase classname="backend.tests.test_email_alerts.TestEmailAlertServiceIntegration" name="test_full_settings_update_flow" time="0.367" /></testsuite></testsuites>