<?xml version="1.0" encoding="utf-8"?><testsuites name="pytest tests"><testsuite name="pytest" errors="0" failures="0" skipped="0" tests="8" time="1.401" timestamp="2026-02-12T16:10:22.285023+00:00" hostname="agent-env-b9ce94e2-cd3b-45e0-9880-de90c7575b25"><testcase classname="backend.tests.test_import_export.TestExportAPI" name="test_export_json_format" time="0.396" /><testcase classname="backend.tests.test_import_export.TestExportAPI" name="test_export_csv_format" time="0.047" /><testcase classname="backend.tests.test_import_export.TestExportAPI" name="test_export_with_filter" time="0.080" /><testcase classname="backend.tests.test_import_export.TestImportPreviewAPI" name="test_import_preview_new_domain" time="0.313" /><testcase classname="backend.tests.test_import_export.TestImportPreviewAPI" name="test_import_preview_update_existing" time="0.106" /><testcase classname="backend.tests.test_import_export.TestImportPreviewAPI" name="test_import_preview_invalid_data" time="0.041" /><testcase classname="backend.tests.test_import_export.TestImportPreviewAPI" name="test_import_preview_mixed_data" time="0.045" /><testcase classname="backend.tests.test_import_export.TestImportTemplateAPI" name="test_download_template" time="0.300" /></testsuite></testsuites>