<?xml version="1.0" encoding="utf-8"?><testsuites name="pytest tests"><testsuite name="pytest" errors="0" failures="1" skipped="0" tests="8" time="1.314" timestamp="2026-02-12T16:08:56.322244+00:00" hostname="agent-env-b9ce94e2-cd3b-45e0-9880-de90c7575b25"><testcase classname="backend.tests.test_import_export.TestExportAPI" name="test_export_json_format" time="0.385" /><testcase classname="backend.tests.test_import_export.TestExportAPI" name="test_export_csv_format" time="0.043" /><testcase classname="backend.tests.test_import_export.TestExportAPI" name="test_export_with_filter" time="0.041" /><testcase classname="backend.tests.test_import_export.TestImportPreviewAPI" name="test_import_preview_new_domain" time="0.316"><failure message="AssertionError: Missing update_domains in response&#10;assert 'update_domains' in {'errors': [], 'new_domains': [{'brand_id': 'a34a960f-feb3-4d1b-a231-4611ac7ecdb0', 'brand_name': 'Panen138', 'brand_warning': None, 'category_id': '0c3a8086-edad-4cc5-ac1e-0b0730650a0c', ...}], 'summary': {'error_count': 0, 'new_count': 1, 'total_rows': 1, 'update_count': 0}, 'updated_domains': []}">backend/tests/test_import_export.py:124: in test_import_preview_new_domain
    assert "update_domains" in data, "Missing update_domains in response"
E   AssertionError: Missing update_domains in response
E   assert 'update_domains' in {'errors': [], 'new_domains': [{'brand_id': 'a34a960f-feb3-4d1b-a231-4611ac7ecdb0', 'brand_name': 'Panen138', 'brand_warning': None, 'category_id': '0c3a8086-edad-4cc5-ac1e-0b0730650a0c', ...}], 'summary': {'error_count': 0, 'new_count': 1, 'total_rows': 1, 'update_count': 0}, 'updated_domains': []}</failure></testcase><testcase classname="backend.tests.test_import_export.TestImportPreviewAPI" name="test_import_preview_update_existing" time="0.046" /><testcase classname="backend.tests.test_import_export.TestImportPreviewAPI" name="test_import_preview_invalid_data" time="0.047" /><testcase classname="backend.tests.test_import_export.TestImportPreviewAPI" name="test_import_preview_mixed_data" time="0.045" /><testcase classname="backend.tests.test_import_export.TestImportTemplateAPI" name="test_download_template" time="0.307" /></testsuite></testsuites>