<?xml version="1.0" encoding="utf-8"?><testsuites name="pytest tests"><testsuite name="pytest" errors="0" failures="0" skipped="0" tests="12" time="0.993" timestamp="2026-02-10T09:36:17.347495+00:00" hostname="agent-env-e1c60a27-ff38-438c-8eab-10e7847c4e2a"><testcase classname="backend.tests.test_legacy_removal.TestMonitoringStatsEndpoint" name="test_monitoring_stats_returns_200" time="0.353" /><testcase classname="backend.tests.test_legacy_removal.TestMonitoringStatsEndpoint" name="test_monitoring_stats_has_availability" time="0.043" /><testcase classname="backend.tests.test_legacy_removal.TestMonitoringStatsEndpoint" name="test_monitoring_stats_has_expiration" time="0.041" /><testcase classname="backend.tests.test_legacy_removal.TestMonitoringStatsEndpoint" name="test_monitoring_stats_has_alerts" time="0.043" /><testcase classname="backend.tests.test_legacy_removal.TestConflictsEndpoint" name="test_conflicts_returns_200" time="0.047" /><testcase classname="backend.tests.test_legacy_removal.TestConflictsEndpoint" name="test_conflicts_has_conflicts_array" time="0.049" /><testcase classname="backend.tests.test_legacy_removal.TestConflictsEndpoint" name="test_conflicts_has_total_count" time="0.042" /><testcase classname="backend.tests.test_legacy_removal.TestConflictsEndpoint" name="test_conflicts_has_by_severity" time="0.043" /><testcase classname="backend.tests.test_legacy_removal.TestConflictsEndpoint" name="test_conflicts_filter_by_network_id" time="0.096" /><testcase classname="backend.tests.test_legacy_removal.TestDomainMonitoringTelegramAPI" name="test_domain_monitoring_settings_exists" time="0.039" /><testcase classname="backend.tests.test_legacy_removal.TestDomainMonitoringTelegramAPI" name="test_domain_monitoring_has_configured_flag" time="0.042" /><testcase classname="backend.tests.test_legacy_removal.TestSEOTelegramAPI" name="test_seo_telegram_settings_exists" time="0.038" /></testsuite></testsuites>