<?xml version="1.0" encoding="utf-8"?><testsuites name="pytest tests"><testsuite name="pytest" errors="0" failures="8" skipped="0" tests="15" time="9.610" timestamp="2026-02-13T13:32:44.009833+00:00" hostname="agent-env-699fe717-4009-4ab1-88a0-c5bfc3344ffa"><testcase classname="tests.test_manage_cli_and_pagination.TestManageCLI" name="test_cli_help" time="0.137" /><testcase classname="tests.test_manage_cli_and_pagination.TestManageCLI" name="test_create_super_admin_new_user" time="1.198" /><testcase classname="tests.test_manage_cli_and_pagination.TestManageCLI" name="test_create_super_admin_upgrades_existing_user" time="2.003" /><testcase classname="tests.test_manage_cli_and_pagination.TestManageCLI" name="test_reset_password_existing_user" time="1.615" /><testcase classname="tests.test_manage_cli_and_pagination.TestManageCLI" name="test_reset_password_nonexistent_user_fails" time="0.642" /><testcase classname="tests.test_manage_cli_and_pagination.TestManageCLI" name="test_promote_user_to_super_admin" time="1.283" /><testcase classname="tests.test_manage_cli_and_pagination.TestManageCLI" name="test_list_users_shows_users" time="0.647" /><testcase classname="tests.test_manage_cli_and_pagination.TestAssetDomainsPagination" name="test_pagination_total_matches_without_filter" time="0.602"><failure message="AssertionError: Request failed: {&quot;detail&quot;:&quot;Invalid token&quot;}&#10;assert 401 == 200&#10; +  where 401 = &lt;Response [401]&gt;.status_code">tests/test_manage_cli_and_pagination.py:299: in test_pagination_total_matches_without_filter
    assert response.status_code == 200, f"Request failed: {response.text}"
E   AssertionError: Request failed: {"detail":"Invalid token"}
E   assert 401 == 200
E    +  where 401 = &lt;Response [401]&gt;.status_code</failure></testcase><testcase classname="tests.test_manage_cli_and_pagination.TestAssetDomainsPagination" name="test_pagination_active_filter_returns_correct_total" time="0.101"><failure message="assert 401 == 200&#10; +  where 401 = &lt;Response [401]&gt;.status_code">tests/test_manage_cli_and_pagination.py:327: in test_pagination_active_filter_returns_correct_total
    assert response_all.status_code == 200
E   assert 401 == 200
E    +  where 401 = &lt;Response [401]&gt;.status_code</failure></testcase><testcase classname="tests.test_manage_cli_and_pagination.TestAssetDomainsPagination" name="test_pagination_expired_filter_returns_correct_total" time="0.387"><failure message="AssertionError: Request failed: {&quot;detail&quot;:&quot;Invalid token&quot;}&#10;assert 401 == 200&#10; +  where 401 = &lt;Response [401]&gt;.status_code">tests/test_manage_cli_and_pagination.py:356: in test_pagination_expired_filter_returns_correct_total
    assert response_expired.status_code == 200, f"Request failed: {response_expired.text}"
E   AssertionError: Request failed: {"detail":"Invalid token"}
E   assert 401 == 200
E    +  where 401 = &lt;Response [401]&gt;.status_code</failure></testcase><testcase classname="tests.test_manage_cli_and_pagination.TestAssetDomainsPagination" name="test_pagination_view_mode_expired_returns_correct_total" time="0.141"><failure message="AssertionError: Request failed: {&quot;detail&quot;:&quot;Invalid token&quot;}&#10;assert 401 == 200&#10; +  where 401 = &lt;Response [401]&gt;.status_code">tests/test_manage_cli_and_pagination.py:375: in test_pagination_view_mode_expired_returns_correct_total
    assert response_expired.status_code == 200, f"Request failed: {response_expired.text}"
E   AssertionError: Request failed: {"detail":"Invalid token"}
E   assert 401 == 200
E    +  where 401 = &lt;Response [401]&gt;.status_code</failure></testcase><testcase classname="tests.test_manage_cli_and_pagination.TestAssetDomainsPagination" name="test_pagination_active_plus_expired_equals_total" time="0.117"><failure message="assert 401 == 200&#10; +  where 401 = &lt;Response [401]&gt;.status_code">tests/test_manage_cli_and_pagination.py:394: in test_pagination_active_plus_expired_equals_total
    assert response_all.status_code == 200
E   assert 401 == 200
E    +  where 401 = &lt;Response [401]&gt;.status_code</failure></testcase><testcase classname="tests.test_manage_cli_and_pagination.TestAPIRegression" name="test_login_still_works" time="0.321"><failure message="AssertionError: assert 'token' in {'access_token': 'eyJhbGciOiJIUzI1NiIsInR5cCI6IkpXVCJ9.eyJzdWIiOiI3M2E2MWYyOS01MTZiLTQ2MWMtYTM1OC0xMzI3NTMyMTQ0N2YiLCJlbWFpbCI6InN1cGVyYWRtaW5Ac2Vvbm9jLmNvbSIsInJvbGUiOiJzdXBlcl9hZG1pbiIsImV4cCI6MTc3MTA3NTk3M30.Z1e7M6rpHTQYylnI_poFfcFHrdUVFV2cDq9gbln3xU0', 'token_type': 'bearer', 'user': {'approved_at': '2026-02-13T09:32:00.903648+00:00', 'approved_by': 'system', 'brand_scope_ids': None, 'created_at': '2026-02-13T09:32:00.903648+00:00', ...}}">tests/test_manage_cli_and_pagination.py:435: in test_login_still_works
    assert "token" in data
E   AssertionError: assert 'token' in {'access_token': 'eyJhbGciOiJIUzI1NiIsInR5cCI6IkpXVCJ9.eyJzdWIiOiI3M2E2MWYyOS01MTZiLTQ2MWMtYTM1OC0xMzI3NTMyMTQ0N2YiLCJlbWFpbCI6InN1cGVyYWRtaW5Ac2Vvbm9jLmNvbSIsInJvbGUiOiJzdXBlcl9hZG1pbiIsImV4cCI6MTc3MTA3NTk3M30.Z1e7M6rpHTQYylnI_poFfcFHrdUVFV2cDq9gbln3xU0', 'token_type': 'bearer', 'user': {'approved_at': '2026-02-13T09:32:00.903648+00:00', 'approved_by': 'system', 'brand_scope_ids': None, 'created_at': '2026-02-13T09:32:00.903648+00:00', ...}}</failure></testcase><testcase classname="tests.test_manage_cli_and_pagination.TestAPIRegression" name="test_asset_domains_list_returns_data" time="0.150"><failure message="AssertionError: Request failed: {&quot;detail&quot;:&quot;Invalid token&quot;}&#10;assert 401 == 200&#10; +  where 401 = &lt;Response [401]&gt;.status_code">tests/test_manage_cli_and_pagination.py:446: in test_asset_domains_list_returns_data
    assert response.status_code == 200, f"Request failed: {response.text}"
E   AssertionError: Request failed: {"detail":"Invalid token"}
E   assert 401 == 200
E    +  where 401 = &lt;Response [401]&gt;.status_code</failure></testcase><testcase classname="tests.test_manage_cli_and_pagination.TestAPIRegression" name="test_brands_endpoint_works" time="0.134"><failure message="AssertionError: Brands request failed: {&quot;detail&quot;:&quot;Invalid token&quot;}&#10;assert 401 == 200&#10; +  where 401 = &lt;Response [401]&gt;.status_code">tests/test_manage_cli_and_pagination.py:471: in test_brands_endpoint_works
    assert response.status_code == 200, f"Brands request failed: {response.text}"
E   AssertionError: Brands request failed: {"detail":"Invalid token"}
E   assert 401 == 200
E    +  where 401 = &lt;Response [401]&gt;.status_code</failure></testcase></testsuite></testsuites>