<?xml version="1.0" encoding="utf-8"?><testsuites name="pytest tests"><testsuite name="pytest" errors="0" failures="0" skipped="0" tests="14" time="2.314" timestamp="2026-02-10T12:34:57.398879+00:00" hostname="agent-env-e1c60a27-ff38-438c-8eab-10e7847c4e2a"><testcase classname="backend.tests.test_manager_role_features.TestManagerRoleFeatures" name="test_manager_login" time="0.275" /><testcase classname="backend.tests.test_manager_role_features.TestManagerRoleFeatures" name="test_viewer_login" time="0.262" /><testcase classname="backend.tests.test_manager_role_features.TestManagerRoleFeatures" name="test_manager_can_update_network" time="0.087" /><testcase classname="backend.tests.test_manager_role_features.TestManagerRoleFeatures" name="test_manager_can_update_structure_entry" time="0.121" /><testcase classname="backend.tests.test_manager_role_features.TestManagerRoleFeatures" name="test_manager_can_add_structure_entry" time="0.167" /><testcase classname="backend.tests.test_manager_role_features.TestManagerRoleFeatures" name="test_manager_can_add_optimization" time="0.408" /><testcase classname="backend.tests.test_manager_role_features.TestManagerRoleFeatures" name="test_viewer_cannot_update_network" time="0.040" /><testcase classname="backend.tests.test_manager_role_features.TestManagerRoleFeatures" name="test_viewer_cannot_update_structure_entry" time="0.039" /><testcase classname="backend.tests.test_manager_role_features.TestManagerRoleFeatures" name="test_viewer_cannot_add_structure_entry" time="0.080" /><testcase classname="backend.tests.test_manager_role_features.TestManagerRoleFeatures" name="test_viewer_cannot_add_optimization" time="0.033" /><testcase classname="backend.tests.test_manager_role_features.TestManagerRoleFeatures" name="test_viewer_can_read_network" time="0.047" /><testcase classname="backend.tests.test_manager_role_features.TestManagerRoleFeatures" name="test_viewer_can_read_structure_entry" time="0.037" /><testcase classname="backend.tests.test_manager_role_features.TestManagerRoleFeatures" name="test_telegram_notification_sent" time="0.374" /><testcase classname="backend.tests.test_manager_role_features.TestManagerNetworkPermissions" name="test_manager_access_to_assigned_network" time="0.292" /></testsuite></testsuites>