<?xml version="1.0" encoding="utf-8"?><testsuites name="pytest tests"><testsuite name="pytest" errors="0" failures="0" skipped="0" tests="15" time="10.435" timestamp="2026-02-13T13:33:55.203596+00:00" hostname="agent-env-699fe717-4009-4ab1-88a0-c5bfc3344ffa"><testcase classname="tests.test_manage_cli_and_pagination.TestManageCLI" name="test_cli_help" time="0.142" /><testcase classname="tests.test_manage_cli_and_pagination.TestManageCLI" name="test_create_super_admin_new_user" time="1.148" /><testcase classname="tests.test_manage_cli_and_pagination.TestManageCLI" name="test_create_super_admin_upgrades_existing_user" time="2.028" /><testcase classname="tests.test_manage_cli_and_pagination.TestManageCLI" name="test_reset_password_existing_user" time="1.802" /><testcase classname="tests.test_manage_cli_and_pagination.TestManageCLI" name="test_reset_password_nonexistent_user_fails" time="0.643" /><testcase classname="tests.test_manage_cli_and_pagination.TestManageCLI" name="test_promote_user_to_super_admin" time="1.287" /><testcase classname="tests.test_manage_cli_and_pagination.TestManageCLI" name="test_list_users_shows_users" time="0.642" /><testcase classname="tests.test_manage_cli_and_pagination.TestAssetDomainsPagination" name="test_pagination_total_matches_without_filter" time="0.632" /><testcase classname="tests.test_manage_cli_and_pagination.TestAssetDomainsPagination" name="test_pagination_active_filter_returns_correct_total" time="0.390" /><testcase classname="tests.test_manage_cli_and_pagination.TestAssetDomainsPagination" name="test_pagination_expired_filter_returns_correct_total" time="0.129" /><testcase classname="tests.test_manage_cli_and_pagination.TestAssetDomainsPagination" name="test_pagination_view_mode_expired_returns_correct_total" time="0.155" /><testcase classname="tests.test_manage_cli_and_pagination.TestAssetDomainsPagination" name="test_pagination_active_plus_expired_equals_total" time="0.713" /><testcase classname="tests.test_manage_cli_and_pagination.TestAPIRegression" name="test_login_still_works" time="0.337" /><testcase classname="tests.test_manage_cli_and_pagination.TestAPIRegression" name="test_asset_domains_list_returns_data" time="0.167" /><testcase classname="tests.test_manage_cli_and_pagination.TestAPIRegression" name="test_brands_endpoint_works" time="0.138" /></testsuite></testsuites>