<?xml version="1.0" encoding="utf-8"?><testsuites name="pytest tests"><testsuite name="pytest" errors="0" failures="0" skipped="0" tests="10" time="3.928" timestamp="2026-02-10T13:34:16.942429+00:00" hostname="agent-env-2e7ceeb6-a415-4f19-b95e-017c23701507"><testcase classname="backend.tests.test_manager_permission_refactor.TestNonManagerPermissions" name="test_viewer_cannot_create_structure_entry" time="0.323" /><testcase classname="backend.tests.test_manager_permission_refactor.TestNonManagerPermissions" name="test_viewer_cannot_update_structure_entry" time="0.039" /><testcase classname="backend.tests.test_manager_permission_refactor.TestNonManagerPermissions" name="test_viewer_cannot_delete_structure_entry" time="0.075" /><testcase classname="backend.tests.test_manager_permission_refactor.TestNetworkManagerPermissions" name="test_manager_can_read_structure_entry" time="0.306" /><testcase classname="backend.tests.test_manager_permission_refactor.TestNetworkManagerPermissions" name="test_manager_can_update_structure_entry" time="1.807" /><testcase classname="backend.tests.test_manager_permission_refactor.TestSuperAdminPermissions" name="test_super_admin_can_read_structure_entry" time="0.302" /><testcase classname="backend.tests.test_manager_permission_refactor.TestSuperAdminPermissions" name="test_super_admin_can_update_structure_entry" time="0.109" /><testcase classname="backend.tests.test_manager_permission_refactor.TestVerifyManagerIds" name="test_get_network_manager_ids" time="0.307" /><testcase classname="backend.tests.test_manager_permission_refactor.TestVerifyManagerIds" name="test_manager_user_info" time="0.299" /><testcase classname="backend.tests.test_manager_permission_refactor.TestSeoLeaderTelegramSettings" name="test_get_seo_telegram_settings" time="0.299" /></testsuite></testsuites>