<?xml version="1.0" encoding="utf-8"?><testsuites name="pytest tests"><testsuite name="pytest" errors="0" failures="3" skipped="0" tests="15" time="9.541" timestamp="2026-02-13T13:33:11.965041+00:00" hostname="agent-env-699fe717-4009-4ab1-88a0-c5bfc3344ffa"><testcase classname="tests.test_manage_cli_and_pagination.TestManageCLI" name="test_cli_help" time="0.137" /><testcase classname="tests.test_manage_cli_and_pagination.TestManageCLI" name="test_create_super_admin_new_user" time="1.022" /><testcase classname="tests.test_manage_cli_and_pagination.TestManageCLI" name="test_create_super_admin_upgrades_existing_user" time="2.026" /><testcase classname="tests.test_manage_cli_and_pagination.TestManageCLI" name="test_reset_password_existing_user" time="1.664" /><testcase classname="tests.test_manage_cli_and_pagination.TestManageCLI" name="test_reset_password_nonexistent_user_fails" time="0.642" /><testcase classname="tests.test_manage_cli_and_pagination.TestManageCLI" name="test_promote_user_to_super_admin" time="1.282" /><testcase classname="tests.test_manage_cli_and_pagination.TestManageCLI" name="test_list_users_shows_users" time="0.640" /><testcase classname="tests.test_manage_cli_and_pagination.TestAssetDomainsPagination" name="test_pagination_total_matches_without_filter" time="0.505" /><testcase classname="tests.test_manage_cli_and_pagination.TestAssetDomainsPagination" name="test_pagination_active_filter_returns_correct_total" time="0.221"><failure message="assert 422 == 200&#10; +  where 422 = &lt;Response [422]&gt;.status_code">tests/test_manage_cli_and_pagination.py:329: in test_pagination_active_filter_returns_correct_total
    assert response_all.status_code == 200
E   assert 422 == 200
E    +  where 422 = &lt;Response [422]&gt;.status_code</failure></testcase><testcase classname="tests.test_manage_cli_and_pagination.TestAssetDomainsPagination" name="test_pagination_expired_filter_returns_correct_total" time="0.129"><failure message="AssertionError: Request failed: {&quot;detail&quot;:[{&quot;type&quot;:&quot;less_than_equal&quot;,&quot;loc&quot;:[&quot;query&quot;,&quot;limit&quot;],&quot;msg&quot;:&quot;Input should be less than or equal to 100&quot;,&quot;input&quot;:&quot;1000&quot;,&quot;ctx&quot;:{&quot;le&quot;:100},&quot;url&quot;:&quot;https://errors.pydantic.dev/2.12/v/less_than_equal&quot;}]}&#10;assert 422 == 200&#10; +  where 422 = &lt;Response [422]&gt;.status_code">tests/test_manage_cli_and_pagination.py:358: in test_pagination_expired_filter_returns_correct_total
    assert response_expired.status_code == 200, f"Request failed: {response_expired.text}"
E   AssertionError: Request failed: {"detail":[{"type":"less_than_equal","loc":["query","limit"],"msg":"Input should be less than or equal to 100","input":"1000","ctx":{"le":100},"url":"https://errors.pydantic.dev/2.12/v/less_than_equal"}]}
E   assert 422 == 200
E    +  where 422 = &lt;Response [422]&gt;.status_code</failure></testcase><testcase classname="tests.test_manage_cli_and_pagination.TestAssetDomainsPagination" name="test_pagination_view_mode_expired_returns_correct_total" time="0.121"><failure message="AssertionError: Request failed: {&quot;detail&quot;:[{&quot;type&quot;:&quot;less_than_equal&quot;,&quot;loc&quot;:[&quot;query&quot;,&quot;limit&quot;],&quot;msg&quot;:&quot;Input should be less than or equal to 100&quot;,&quot;input&quot;:&quot;1000&quot;,&quot;ctx&quot;:{&quot;le&quot;:100},&quot;url&quot;:&quot;https://errors.pydantic.dev/2.12/v/less_than_equal&quot;}]}&#10;assert 422 == 200&#10; +  where 422 = &lt;Response [422]&gt;.status_code">tests/test_manage_cli_and_pagination.py:377: in test_pagination_view_mode_expired_returns_correct_total
    assert response_expired.status_code == 200, f"Request failed: {response_expired.text}"
E   AssertionError: Request failed: {"detail":[{"type":"less_than_equal","loc":["query","limit"],"msg":"Input should be less than or equal to 100","input":"1000","ctx":{"le":100},"url":"https://errors.pydantic.dev/2.12/v/less_than_equal"}]}
E   assert 422 == 200
E    +  where 422 = &lt;Response [422]&gt;.status_code</failure></testcase><testcase classname="tests.test_manage_cli_and_pagination.TestAssetDomainsPagination" name="test_pagination_active_plus_expired_equals_total" time="0.449" /><testcase classname="tests.test_manage_cli_and_pagination.TestAPIRegression" name="test_login_still_works" time="0.333" /><testcase classname="tests.test_manage_cli_and_pagination.TestAPIRegression" name="test_asset_domains_list_returns_data" time="0.119" /><testcase classname="tests.test_manage_cli_and_pagination.TestAPIRegression" name="test_brands_endpoint_works" time="0.142" /></testsuite></testsuites>