<?xml version="1.0" encoding="utf-8"?><testsuites name="pytest tests"><testsuite name="pytest" errors="0" failures="0" skipped="0" tests="14" time="2.929" timestamp="2026-02-10T12:49:30.740784+00:00" hostname="agent-env-2e7ceeb6-a415-4f19-b95e-017c23701507"><testcase classname="backend.tests.test_manager_role_features.TestManagerRoleFeatures" name="test_manager_login" time="0.291" /><testcase classname="backend.tests.test_manager_role_features.TestManagerRoleFeatures" name="test_viewer_login" time="0.260" /><testcase classname="backend.tests.test_manager_role_features.TestManagerRoleFeatures" name="test_manager_can_update_network" time="0.092" /><testcase classname="backend.tests.test_manager_role_features.TestManagerRoleFeatures" name="test_manager_can_update_structure_entry" time="0.710" /><testcase classname="backend.tests.test_manager_role_features.TestManagerRoleFeatures" name="test_manager_can_add_structure_entry" time="0.182" /><testcase classname="backend.tests.test_manager_role_features.TestManagerRoleFeatures" name="test_manager_can_add_optimization" time="0.415" /><testcase classname="backend.tests.test_manager_role_features.TestManagerRoleFeatures" name="test_viewer_cannot_update_network" time="0.038" /><testcase classname="backend.tests.test_manager_role_features.TestManagerRoleFeatures" name="test_viewer_cannot_update_structure_entry" time="0.040" /><testcase classname="backend.tests.test_manager_role_features.TestManagerRoleFeatures" name="test_viewer_cannot_add_structure_entry" time="0.035" /><testcase classname="backend.tests.test_manager_role_features.TestManagerRoleFeatures" name="test_viewer_cannot_add_optimization" time="0.035" /><testcase classname="backend.tests.test_manager_role_features.TestManagerRoleFeatures" name="test_viewer_can_read_network" time="0.042" /><testcase classname="backend.tests.test_manager_role_features.TestManagerRoleFeatures" name="test_viewer_can_read_structure_entry" time="0.035" /><testcase classname="backend.tests.test_manager_role_features.TestManagerRoleFeatures" name="test_telegram_notification_sent" time="0.379" /><testcase classname="backend.tests.test_manager_role_features.TestManagerNetworkPermissions" name="test_manager_access_to_assigned_network" time="0.297" /></testsuite></testsuites>