<?xml version="1.0" encoding="utf-8"?><testsuites name="pytest tests"><testsuite name="pytest" errors="0" failures="0" skipped="0" tests="12" time="1.416" timestamp="2026-02-10T20:36:54.172793+00:00" hostname="agent-env-6da575ee-cc9a-4cf5-a62d-9947063bd34a"><testcase classname="tests.test_menu_access_control.TestMenuAccessControlSystem" name="test_menu_registry_returns_all_menus" time="0.332" /><testcase classname="tests.test_menu_access_control.TestMenuAccessControlSystem" name="test_super_admin_has_full_menu_access" time="0.037" /><testcase classname="tests.test_menu_access_control.TestMenuAccessControlSystem" name="test_get_users_list" time="0.043" /><testcase classname="tests.test_menu_access_control.TestMenuAccessControlSystem" name="test_cannot_modify_super_admin_permissions" time="0.072" /><testcase classname="tests.test_menu_access_control.TestMenuAccessControlSystem" name="test_view_admin_user_default_permissions" time="0.084" /><testcase classname="tests.test_menu_access_control.TestMenuAccessControlSystem" name="test_view_viewer_user_default_permissions" time="0.080" /><testcase classname="tests.test_menu_access_control.TestMenuAccessControlSystem" name="test_update_user_menu_permissions" time="0.133" /><testcase classname="tests.test_menu_access_control.TestMenuAccessControlSystem" name="test_reset_user_menu_permissions" time="0.111" /><testcase classname="tests.test_menu_access_control.TestMenuAccessControlSystem" name="test_invalid_menu_key_rejected" time="0.080" /><testcase classname="tests.test_menu_access_control.TestMenuAccessControlSystem" name="test_non_super_admin_cannot_modify_permissions" time="0.037" /><testcase classname="tests.test_menu_access_control.TestMenuAccessControlSystem" name="test_user_not_found_returns_404" time="0.037" /><testcase classname="tests.test_menu_access_control.TestMenuPermissionsForCurrentUser" name="test_my_permissions_returns_correct_structure" time="0.296" /></testsuite></testsuites>