<?xml version="1.0" encoding="utf-8"?><testsuites name="pytest tests"><testsuite name="pytest" errors="0" failures="0" skipped="0" tests="11" time="2.478" timestamp="2026-02-08T15:52:18.295838+00:00" hostname="agent-env-cb7f7522-6c66-42c6-987f-0b021b74a8c0"><testcase classname="tests.test_monitoring_v3.TestAuth" name="test_login_success" time="0.301" /><testcase classname="tests.test_monitoring_v3.TestMonitoringSettings" name="test_get_monitoring_settings" time="0.299" /><testcase classname="tests.test_monitoring_v3.TestMonitoringSettings" name="test_update_monitoring_settings" time="0.143" /><testcase classname="tests.test_monitoring_v3.TestMonitoringStats" name="test_get_monitoring_stats" time="0.306" /><testcase classname="tests.test_monitoring_v3.TestExpirationMonitoring" name="test_trigger_expiration_check" time="0.299" /><testcase classname="tests.test_monitoring_v3.TestExpirationMonitoring" name="test_get_expiring_domains" time="0.040" /><testcase classname="tests.test_monitoring_v3.TestAvailabilityMonitoring" name="test_trigger_availability_check" time="0.295" /><testcase classname="tests.test_monitoring_v3.TestAvailabilityMonitoring" name="test_get_down_domains" time="0.039" /><testcase classname="tests.test_monitoring_v3.TestMonitoringRoleRestrictions" name="test_super_admin_can_update_settings" time="0.296" /><testcase classname="tests.test_monitoring_v3.TestMonitoringRoleRestrictions" name="test_get_settings_without_auth_fails" time="0.040" /><testcase classname="tests.test_monitoring_v3.TestMonitoringFieldsInAssetDomain" name="test_asset_domain_has_new_monitoring_fields" time="0.295" /></testsuite></testsuites>