<?xml version="1.0" encoding="utf-8"?><testsuites name="pytest tests"><testsuite name="pytest" errors="0" failures="0" skipped="0" tests="10" time="11.367" timestamp="2026-02-13T12:55:30.692008+00:00" hostname="agent-env-ab979719-96b9-40ab-bca6-74a7e6e2c75c"><testcase classname="backend.tests.test_network_hard_delete.TestNetworkHardDelete" name="test_01_delete_returns_cascade_counts" time="1.510" /><testcase classname="backend.tests.test_network_hard_delete.TestNetworkHardDelete" name="test_02_deleted_network_returns_404" time="1.403" /><testcase classname="backend.tests.test_network_hard_delete.TestNetworkHardDelete" name="test_03_networks_list_excludes_deleted" time="1.300" /><testcase classname="backend.tests.test_network_hard_delete.TestNetworkHardDelete" name="test_04_archived_endpoint_returns_404" time="0.391" /><testcase classname="backend.tests.test_network_hard_delete.TestNetworkHardDelete" name="test_05_restore_endpoint_returns_404" time="0.421" /><testcase classname="backend.tests.test_network_hard_delete.TestNetworkHardDelete" name="test_06_asset_domains_preserved_after_delete" time="1.421" /><testcase classname="backend.tests.test_network_hard_delete.TestNetworkHardDelete" name="test_07_domain_seo_networks_empty_after_delete" time="1.319" /><testcase classname="backend.tests.test_network_hard_delete.TestNetworkHardDelete" name="test_08_uniqueness_check_works_after_delete" time="1.857" /><testcase classname="backend.tests.test_network_hard_delete.TestNetworkHardDelete" name="test_09_structure_entries_deleted" time="1.266" /><testcase classname="backend.tests.test_network_hard_delete.TestMonitoringAfterNetworkDelete" name="test_10_monitoring_status_preserved" time="0.404" /></testsuite></testsuites>