<?xml version="1.0" encoding="utf-8"?><testsuites name="pytest tests"><testsuite name="pytest" errors="0" failures="18" skipped="7" tests="25" time="1.770" timestamp="2026-02-10T15:20:51.390316+00:00" hostname="agent-env-605be345-4c99-4001-a627-1147ada6d40d"><testcase classname="tests.test_notification_templates.TestListTemplates" name="test_list_templates_super_admin_success" time="0.352"><failure message="assert 401 == 200&#10; +  where 401 = &lt;Response [401]&gt;.status_code">tests/test_notification_templates.py:72: in test_list_templates_super_admin_success
    assert response.status_code == 200
E   assert 401 == 200
E    +  where 401 = &lt;Response [401]&gt;.status_code</failure></testcase><testcase classname="tests.test_notification_templates.TestListTemplates" name="test_list_templates_filter_by_channel" time="0.038"><failure message="assert 401 == 200&#10; +  where 401 = &lt;Response [401]&gt;.status_code">tests/test_notification_templates.py:97: in test_list_templates_filter_by_channel
    assert response.status_code == 200
E   assert 401 == 200
E    +  where 401 = &lt;Response [401]&gt;.status_code</failure></testcase><testcase classname="tests.test_notification_templates.TestListTemplates" name="test_list_templates_manager_forbidden" time="0.258"><skipped type="pytest.skip" message="Manager user not available">/app/backend/tests/test_notification_templates.py:109: Manager user not available</skipped></testcase><testcase classname="tests.test_notification_templates.TestListTemplates" name="test_list_templates_viewer_forbidden" time="0.261"><skipped type="pytest.skip" message="Viewer user not available">/app/backend/tests/test_notification_templates.py:122: Viewer user not available</skipped></testcase><testcase classname="tests.test_notification_templates.TestGetTemplateVariables" name="test_get_variables_success" time="0.033"><failure message="assert 401 == 200&#10; +  where 401 = &lt;Response [401]&gt;.status_code">tests/test_notification_templates.py:143: in test_get_variables_success
    assert response.status_code == 200
E   assert 401 == 200
E    +  where 401 = &lt;Response [401]&gt;.status_code</failure></testcase><testcase classname="tests.test_notification_templates.TestGetTemplateEvents" name="test_get_events_success" time="0.039"><failure message="assert 401 == 200&#10; +  where 401 = &lt;Response [401]&gt;.status_code">tests/test_notification_templates.py:170: in test_get_events_success
    assert response.status_code == 200
E   assert 401 == 200
E    +  where 401 = &lt;Response [401]&gt;.status_code</failure></testcase><testcase classname="tests.test_notification_templates.TestGetSpecificTemplate" name="test_get_template_success" time="0.038"><failure message="assert 401 == 200&#10; +  where 401 = &lt;Response [401]&gt;.status_code">tests/test_notification_templates.py:203: in test_get_template_success
    assert response.status_code == 200
E   assert 401 == 200
E    +  where 401 = &lt;Response [401]&gt;.status_code</failure></testcase><testcase classname="tests.test_notification_templates.TestGetSpecificTemplate" name="test_get_template_not_found" time="0.036"><failure message="assert 401 == 404&#10; +  where 401 = &lt;Response [401]&gt;.status_code">tests/test_notification_templates.py:221: in test_get_template_not_found
    assert response.status_code == 404
E   assert 401 == 404
E    +  where 401 = &lt;Response [401]&gt;.status_code</failure></testcase><testcase classname="tests.test_notification_templates.TestGetSpecificTemplate" name="test_get_template_manager_forbidden" time="0.000"><skipped type="pytest.skip" message="Manager user not available">/app/backend/tests/test_notification_templates.py:227: Manager user not available</skipped></testcase><testcase classname="tests.test_notification_templates.TestUpdateTemplate" name="test_update_template_title" time="0.040"><skipped type="pytest.skip" message="Test template not available">/app/backend/tests/test_notification_templates.py:250: Test template not available</skipped></testcase><testcase classname="tests.test_notification_templates.TestUpdateTemplate" name="test_update_template_enabled_status" time="0.033"><failure message="assert 401 == 200&#10; +  where 401 = &lt;Response [401]&gt;.status_code">tests/test_notification_templates.py:291: in test_update_template_enabled_status
    assert response.status_code == 200
E   assert 401 == 200
E    +  where 401 = &lt;Response [401]&gt;.status_code</failure></testcase><testcase classname="tests.test_notification_templates.TestUpdateTemplate" name="test_update_template_body" time="0.039"><failure message="assert 401 == 200&#10; +  where 401 = &lt;Response [401]&gt;.status_code">tests/test_notification_templates.py:316: in test_update_template_body
    assert response.status_code == 200
E   assert 401 == 200
E    +  where 401 = &lt;Response [401]&gt;.status_code</failure></testcase><testcase classname="tests.test_notification_templates.TestUpdateTemplate" name="test_update_template_invalid_variables_rejected" time="0.074"><failure message="assert 401 == 400&#10; +  where 401 = &lt;Response [401]&gt;.status_code">tests/test_notification_templates.py:333: in test_update_template_invalid_variables_rejected
    assert response.status_code == 400
E   assert 401 == 400
E    +  where 401 = &lt;Response [401]&gt;.status_code</failure></testcase><testcase classname="tests.test_notification_templates.TestUpdateTemplate" name="test_update_template_manager_forbidden" time="0.000"><skipped type="pytest.skip" message="Manager user not available">/app/backend/tests/test_notification_templates.py:341: Manager user not available</skipped></testcase><testcase classname="tests.test_notification_templates.TestPreviewTemplate" name="test_preview_template_success" time="0.035"><failure message="assert 401 == 200&#10; +  where 401 = &lt;Response [401]&gt;.status_code">tests/test_notification_templates.py:364: in test_preview_template_success
    assert response.status_code == 200
E   assert 401 == 200
E    +  where 401 = &lt;Response [401]&gt;.status_code</failure></testcase><testcase classname="tests.test_notification_templates.TestPreviewTemplate" name="test_preview_custom_body" time="0.034"><failure message="assert 401 == 200&#10; +  where 401 = &lt;Response [401]&gt;.status_code">tests/test_notification_templates.py:389: in test_preview_custom_body
    assert response.status_code == 200
E   assert 401 == 200
E    +  where 401 = &lt;Response [401]&gt;.status_code</failure></testcase><testcase classname="tests.test_notification_templates.TestPreviewTemplate" name="test_preview_template_not_found" time="0.032"><failure message="assert (401 == 400 or 401 == 404)&#10; +  where 401 = &lt;Response [401]&gt;.status_code&#10; +  and   401 = &lt;Response [401]&gt;.status_code">tests/test_notification_templates.py:407: in test_preview_template_not_found
    assert response.status_code == 400 or response.status_code == 404
E   assert (401 == 400 or 401 == 404)
E    +  where 401 = &lt;Response [401]&gt;.status_code
E    +  and   401 = &lt;Response [401]&gt;.status_code</failure></testcase><testcase classname="tests.test_notification_templates.TestValidateTemplate" name="test_validate_valid_template" time="0.035"><failure message="assert 401 == 200&#10; +  where 401 = &lt;Response [401]&gt;.status_code">tests/test_notification_templates.py:424: in test_validate_valid_template
    assert response.status_code == 200
E   assert 401 == 200
E    +  where 401 = &lt;Response [401]&gt;.status_code</failure></testcase><testcase classname="tests.test_notification_templates.TestValidateTemplate" name="test_validate_invalid_template" time="0.033"><failure message="assert 401 == 200&#10; +  where 401 = &lt;Response [401]&gt;.status_code">tests/test_notification_templates.py:442: in test_validate_invalid_template
    assert response.status_code == 200
E   assert 401 == 200
E    +  where 401 = &lt;Response [401]&gt;.status_code</failure></testcase><testcase classname="tests.test_notification_templates.TestValidateTemplate" name="test_validate_mixed_template" time="0.034"><failure message="assert 401 == 200&#10; +  where 401 = &lt;Response [401]&gt;.status_code">tests/test_notification_templates.py:461: in test_validate_mixed_template
    assert response.status_code == 200
E   assert 401 == 200
E    +  where 401 = &lt;Response [401]&gt;.status_code</failure></testcase><testcase classname="tests.test_notification_templates.TestValidateTemplate" name="test_validate_empty_body_rejected" time="0.033"><failure message="assert 401 == 400&#10; +  where 401 = &lt;Response [401]&gt;.status_code">tests/test_notification_templates.py:477: in test_validate_empty_body_rejected
    assert response.status_code == 400
E   assert 401 == 400
E    +  where 401 = &lt;Response [401]&gt;.status_code</failure></testcase><testcase classname="tests.test_notification_templates.TestResetTemplate" name="test_reset_template_to_default" time="0.064"><failure message="KeyError: 'template_body'">tests/test_notification_templates.py:499: in test_reset_template_to_default
    assert verify_response.json()["template_body"] == modified_body
           ^^^^^^^^^^^^^^^^^^^^^^^^^^^^^^^^^^^^^^^
E   KeyError: 'template_body'</failure></testcase><testcase classname="tests.test_notification_templates.TestResetTemplate" name="test_reset_nonexistent_template_fails" time="0.030"><failure message="assert 401 == 400&#10; +  where 401 = &lt;Response [401]&gt;.status_code">tests/test_notification_templates.py:523: in test_reset_nonexistent_template_fails
    assert response.status_code == 400
E   assert 401 == 400
E    +  where 401 = &lt;Response [401]&gt;.status_code</failure></testcase><testcase classname="tests.test_notification_templates.TestResetTemplate" name="test_reset_template_manager_forbidden" time="0.000"><skipped type="pytest.skip" message="Manager user not available">/app/backend/tests/test_notification_templates.py:529: Manager user not available</skipped></testcase><testcase classname="tests.test_notification_templates.TestPermissionEnforcement" name="test_all_endpoints_require_super_admin" time="0.001"><skipped type="pytest.skip" message="No non-admin tokens available">/app/backend/tests/test_notification_templates.py:563: No non-admin tokens available</skipped></testcase></testsuite></testsuites>