<?xml version="1.0" encoding="utf-8"?><testsuites name="pytest tests"><testsuite name="pytest" errors="0" failures="0" skipped="0" tests="25" time="2.614" timestamp="2026-02-10T15:21:12.700646+00:00" hostname="agent-env-605be345-4c99-4001-a627-1147ada6d40d"><testcase classname="tests.test_notification_templates.TestListTemplates" name="test_list_templates_super_admin_success" time="0.321" /><testcase classname="tests.test_notification_templates.TestListTemplates" name="test_list_templates_filter_by_channel" time="0.037" /><testcase classname="tests.test_notification_templates.TestListTemplates" name="test_list_templates_manager_forbidden" time="0.296" /><testcase classname="tests.test_notification_templates.TestListTemplates" name="test_list_templates_viewer_forbidden" time="0.299" /><testcase classname="tests.test_notification_templates.TestGetTemplateVariables" name="test_get_variables_success" time="0.043" /><testcase classname="tests.test_notification_templates.TestGetTemplateEvents" name="test_get_events_success" time="0.039" /><testcase classname="tests.test_notification_templates.TestGetSpecificTemplate" name="test_get_template_success" time="0.033" /><testcase classname="tests.test_notification_templates.TestGetSpecificTemplate" name="test_get_template_not_found" time="0.075" /><testcase classname="tests.test_notification_templates.TestGetSpecificTemplate" name="test_get_template_manager_forbidden" time="0.038" /><testcase classname="tests.test_notification_templates.TestUpdateTemplate" name="test_update_template_title" time="0.143" /><testcase classname="tests.test_notification_templates.TestUpdateTemplate" name="test_update_template_enabled_status" time="0.073" /><testcase classname="tests.test_notification_templates.TestUpdateTemplate" name="test_update_template_body" time="0.037" /><testcase classname="tests.test_notification_templates.TestUpdateTemplate" name="test_update_template_invalid_variables_rejected" time="0.032" /><testcase classname="tests.test_notification_templates.TestUpdateTemplate" name="test_update_template_manager_forbidden" time="0.034" /><testcase classname="tests.test_notification_templates.TestPreviewTemplate" name="test_preview_template_success" time="0.036" /><testcase classname="tests.test_notification_templates.TestPreviewTemplate" name="test_preview_custom_body" time="0.033" /><testcase classname="tests.test_notification_templates.TestPreviewTemplate" name="test_preview_template_not_found" time="0.034" /><testcase classname="tests.test_notification_templates.TestValidateTemplate" name="test_validate_valid_template" time="0.036" /><testcase classname="tests.test_notification_templates.TestValidateTemplate" name="test_validate_invalid_template" time="0.043" /><testcase classname="tests.test_notification_templates.TestValidateTemplate" name="test_validate_mixed_template" time="0.074" /><testcase classname="tests.test_notification_templates.TestValidateTemplate" name="test_validate_empty_body_rejected" time="0.034" /><testcase classname="tests.test_notification_templates.TestResetTemplate" name="test_reset_template_to_default" time="0.110" /><testcase classname="tests.test_notification_templates.TestResetTemplate" name="test_reset_nonexistent_template_fails" time="0.037" /><testcase classname="tests.test_notification_templates.TestResetTemplate" name="test_reset_template_manager_forbidden" time="0.035" /><testcase classname="tests.test_notification_templates.TestPermissionEnforcement" name="test_all_endpoints_require_super_admin" time="0.552" /></testsuite></testsuites>