<?xml version="1.0" encoding="utf-8"?><testsuites name="pytest tests"><testsuite name="pytest" errors="0" failures="0" skipped="2" tests="11" time="1.572" timestamp="2026-02-09T18:55:43.291420+00:00" hostname="agent-env-cb1d8918-af3e-4b4b-9ec2-673b4abe3228"><testcase classname="backend.tests.test_optimization_detail_drawer.TestOptimizationDetailEndpoint" name="test_get_detail_requires_auth" time="0.065" /><testcase classname="backend.tests.test_optimization_detail_drawer.TestOptimizationDetailEndpoint" name="test_get_detail_not_found" time="0.244" /><testcase classname="backend.tests.test_optimization_detail_drawer.TestOptimizationDetailEndpoint" name="test_get_existing_optimization_detail" time="0.019" /><testcase classname="backend.tests.test_optimization_detail_drawer.TestTeamResponseEndpoint" name="test_response_validation_min_length" time="0.280" /><testcase classname="backend.tests.test_optimization_detail_drawer.TestTeamResponseEndpoint" name="test_response_validation_max_length" time="0.011" /><testcase classname="backend.tests.test_optimization_detail_drawer.TestTeamResponseEndpoint" name="test_add_valid_response" time="0.015" /><testcase classname="backend.tests.test_optimization_detail_drawer.TestResolveComplaintEndpoint" name="test_resolve_requires_super_admin" time="0.314" /><testcase classname="backend.tests.test_optimization_detail_drawer.TestResolveComplaintEndpoint" name="test_resolve_validation_min_note" time="0.013"><skipped type="pytest.skip" message="No optimization with active complaint found">/app/backend/tests/test_optimization_detail_drawer.py:228: No optimization with active complaint found</skipped></testcase><testcase classname="backend.tests.test_optimization_detail_drawer.TestCloseOptimizationEndpoint" name="test_close_requires_super_admin" time="0.275" /><testcase classname="backend.tests.test_optimization_detail_drawer.TestCloseOptimizationEndpoint" name="test_close_blocked_by_complaints" time="0.009"><skipped type="pytest.skip" message="No blocked optimization found for testing">/app/backend/tests/test_optimization_detail_drawer.py:291: No blocked optimization found for testing</skipped></testcase><testcase classname="backend.tests.test_optimization_detail_drawer.TestComplaintStatusBadge" name="test_optimizations_include_complaint_status" time="0.272" /></testsuite></testsuites>