<?xml version="1.0" encoding="utf-8"?><testsuites name="pytest tests"><testsuite name="pytest" errors="0" failures="0" skipped="0" tests="9" time="0.776" timestamp="2026-02-09T10:30:11.978799+00:00" hostname="agent-env-a6521361-f024-4d0e-a55d-2eca7b20dd2b"><testcase classname="backend.tests.test_p0_features.TestNetworkSearchEndpoint" name="test_search_returns_200" time="0.338" /><testcase classname="backend.tests.test_p0_features.TestNetworkSearchEndpoint" name="test_search_returns_grouped_results" time="0.043" /><testcase classname="backend.tests.test_p0_features.TestNetworkSearchEndpoint" name="test_search_respects_limit" time="0.040" /><testcase classname="backend.tests.test_p0_features.TestNetworkSearchEndpoint" name="test_search_by_path" time="0.044" /><testcase classname="backend.tests.test_p0_features.TestNetworkSearchEndpoint" name="test_search_empty_query_rejected" time="0.038" /><testcase classname="backend.tests.test_p0_features.TestAssetDomainSeoNetworksField" name="test_asset_domains_have_seo_networks_field" time="0.042" /><testcase classname="backend.tests.test_p0_features.TestAssetDomainSeoNetworksField" name="test_seo_networks_contains_network_info" time="0.049" /><testcase classname="backend.tests.test_p0_features.TestAssetDomainSeoNetworksField" name="test_unused_domains_have_empty_seo_networks" time="0.039" /><testcase classname="backend.tests.test_p0_features.TestBrandScopingForSearch" name="test_search_requires_auth" time="0.033" /></testsuite></testsuites>