<?xml version="1.0" encoding="utf-8"?><testsuites name="pytest tests"><testsuite name="pytest" errors="0" failures="0" skipped="0" tests="16" time="1.367" timestamp="2026-02-08T15:24:33.504466+00:00" hostname="agent-env-cb7f7522-6c66-42c6-987f-0b021b74a8c0"><testcase classname="backend.tests.test_p0_node_linking_fix.TestAuthentication" name="test_login_success" time="0.294" /><testcase classname="backend.tests.test_p0_node_linking_fix.TestV3NetworksAPINodeLabel" name="test_network_returns_entries_with_node_label" time="0.326" /><testcase classname="backend.tests.test_p0_node_linking_fix.TestV3NetworksAPINodeLabel" name="test_network_entries_have_tier_info" time="0.046" /><testcase classname="backend.tests.test_p0_node_linking_fix.TestAvailableTargetsAPI" name="test_available_targets_returns_nodes" time="0.038" /><testcase classname="backend.tests.test_p0_node_linking_fix.TestAvailableTargetsAPI" name="test_available_targets_excludes_self" time="0.040" /><testcase classname="backend.tests.test_p0_node_linking_fix.TestAvailableTargetsAPI" name="test_available_targets_has_correct_structure" time="0.037" /><testcase classname="backend.tests.test_p0_node_linking_fix.TestTierCalculation" name="test_main_node_is_tier_0" time="0.038" /><testcase classname="backend.tests.test_p0_node_linking_fix.TestTierCalculation" name="test_supporting_node_is_higher_tier" time="0.041" /><testcase classname="backend.tests.test_p0_node_linking_fix.TestTargetNodeRelationship" name="test_supporting_node_has_target" time="0.044" /><testcase classname="backend.tests.test_p0_node_linking_fix.TestTargetNodeRelationship" name="test_main_node_has_no_target" time="0.044" /><testcase classname="backend.tests.test_p0_node_linking_fix.TestGraphVisualizationLinks" name="test_entries_have_link_data" time="0.043" /><testcase classname="backend.tests.test_p0_node_linking_fix.TestOrphanDetection" name="test_network_tier_issues_endpoint" time="0.036" /><testcase classname="backend.tests.test_p0_node_linking_fix.TestOrphanDetection" name="test_orphan_is_node_without_target_except_main" time="0.042" /><testcase classname="backend.tests.test_p0_node_linking_fix.TestPathNormalization" name="test_structure_entry_accepts_empty_path" time="0.039" /><testcase classname="backend.tests.test_p0_node_linking_fix.TestUpdateStructureEntry" name="test_update_target_entry_id" time="0.060" /><testcase classname="backend.tests.test_p0_node_linking_fix.TestUpdateStructureEntry" name="test_cannot_target_self" time="0.040" /></testsuite></testsuites>