<?xml version="1.0" encoding="utf-8"?><testsuites name="pytest tests"><testsuite name="pytest" errors="0" failures="0" skipped="0" tests="14" time="4.553" timestamp="2026-02-10T09:14:05.707397+00:00" hostname="agent-env-cdf70e1d-6bc6-4f1a-8ab7-cbe31a5669de"><testcase classname="backend.tests.test_p1_reminder_conflicts.TestReminderConfigAPI" name="test_get_reminder_config_returns_200" time="0.328" /><testcase classname="backend.tests.test_p1_reminder_conflicts.TestReminderConfigAPI" name="test_get_reminder_config_has_global_default" time="0.306" /><testcase classname="backend.tests.test_p1_reminder_conflicts.TestReminderConfigAPI" name="test_get_reminder_config_has_effective_interval" time="0.321" /><testcase classname="backend.tests.test_p1_reminder_conflicts.TestReminderConfigAPI" name="test_get_reminder_config_has_network_override" time="0.316" /><testcase classname="backend.tests.test_p1_reminder_conflicts.TestReminderConfigAPI" name="test_put_reminder_config_with_use_global_returns_200" time="0.341" /><testcase classname="backend.tests.test_p1_reminder_conflicts.TestReminderConfigAPI" name="test_put_reminder_config_with_custom_interval_returns_200" time="0.312" /><testcase classname="backend.tests.test_p1_reminder_conflicts.TestReminderConfigAPI" name="test_put_reminder_config_validates_interval_range" time="0.295" /><testcase classname="backend.tests.test_p1_reminder_conflicts.TestReminderConfigAPI" name="test_put_reminder_config_reset_to_global" time="0.420" /><testcase classname="backend.tests.test_p1_reminder_conflicts.TestConflictsAPI" name="test_get_conflicts_returns_200" time="0.307" /><testcase classname="backend.tests.test_p1_reminder_conflicts.TestConflictsAPI" name="test_get_conflicts_has_conflicts_array" time="0.310" /><testcase classname="backend.tests.test_p1_reminder_conflicts.TestConflictsAPI" name="test_get_conflicts_has_total_count" time="0.302" /><testcase classname="backend.tests.test_p1_reminder_conflicts.TestConflictsAPI" name="test_get_conflicts_has_by_severity_breakdown" time="0.326" /><testcase classname="backend.tests.test_p1_reminder_conflicts.TestConflictsAPI" name="test_get_conflicts_filtered_by_network" time="0.301" /><testcase classname="backend.tests.test_p1_reminder_conflicts.TestConflictsAPI" name="test_get_conflicts_structure_if_any" time="0.299" /></testsuite></testsuites>