<?xml version="1.0" encoding="utf-8"?><testsuites name="pytest tests"><testsuite name="pytest" errors="14" failures="0" skipped="0" tests="14" time="0.098" timestamp="2026-02-13T11:29:41.347910+00:00" hostname="agent-env-12c8c7a2-8bfc-4fc3-ae2f-db9966169661"><testcase classname="backend.tests.test_phase4_phase6_features.TestPhase4Phase6Features" name="test_get_archive_candidates_endpoint" time="0.000"><error message="failed on setup with &quot;Failed: ScopeMismatch: You tried to access the function scoped fixture api_client with a class scoped request object. Requesting fixture stack:&#10;backend/tests/test_phase4_phase6_features.py:407:  def cleanup(api_client, request)&#10;Requested fixture:&#10;backend/tests/test_phase4_phase6_features.py:433:  def api_client()&quot;">ScopeMismatch: You tried to access the function scoped fixture api_client with a class scoped request object. Requesting fixture stack:
backend/tests/test_phase4_phase6_features.py:407:  def cleanup(api_client, request)
Requested fixture:
backend/tests/test_phase4_phase6_features.py:433:  def api_client()</error></testcase><testcase classname="backend.tests.test_phase4_phase6_features.TestPhase4Phase6Features" name="test_get_archived_domains_endpoint" time="0.000"><error message="failed on setup with &quot;Failed: ScopeMismatch: You tried to access the function scoped fixture api_client with a class scoped request object. Requesting fixture stack:&#10;backend/tests/test_phase4_phase6_features.py:407:  def cleanup(api_client, request)&#10;Requested fixture:&#10;backend/tests/test_phase4_phase6_features.py:433:  def api_client()&quot;">ScopeMismatch: You tried to access the function scoped fixture api_client with a class scoped request object. Requesting fixture stack:
backend/tests/test_phase4_phase6_features.py:407:  def cleanup(api_client, request)
Requested fixture:
backend/tests/test_phase4_phase6_features.py:433:  def api_client()</error></testcase><testcase classname="backend.tests.test_phase4_phase6_features.TestPhase4Phase6Features" name="test_get_archived_domains_pagination" time="0.000"><error message="failed on setup with &quot;Failed: ScopeMismatch: You tried to access the function scoped fixture api_client with a class scoped request object. Requesting fixture stack:&#10;backend/tests/test_phase4_phase6_features.py:407:  def cleanup(api_client, request)&#10;Requested fixture:&#10;backend/tests/test_phase4_phase6_features.py:433:  def api_client()&quot;">ScopeMismatch: You tried to access the function scoped fixture api_client with a class scoped request object. Requesting fixture stack:
backend/tests/test_phase4_phase6_features.py:407:  def cleanup(api_client, request)
Requested fixture:
backend/tests/test_phase4_phase6_features.py:433:  def api_client()</error></testcase><testcase classname="backend.tests.test_phase4_phase6_features.TestPhase4Phase6Features" name="test_get_archived_domains_search_filter" time="0.000"><error message="failed on setup with &quot;Failed: ScopeMismatch: You tried to access the function scoped fixture api_client with a class scoped request object. Requesting fixture stack:&#10;backend/tests/test_phase4_phase6_features.py:407:  def cleanup(api_client, request)&#10;Requested fixture:&#10;backend/tests/test_phase4_phase6_features.py:433:  def api_client()&quot;">ScopeMismatch: You tried to access the function scoped fixture api_client with a class scoped request object. Requesting fixture stack:
backend/tests/test_phase4_phase6_features.py:407:  def cleanup(api_client, request)
Requested fixture:
backend/tests/test_phase4_phase6_features.py:433:  def api_client()</error></testcase><testcase classname="backend.tests.test_phase4_phase6_features.TestPhase4Phase6Features" name="test_archive_expired_domains_super_admin_only" time="0.007"><error message="failed on setup with &quot;Failed: ScopeMismatch: You tried to access the function scoped fixture api_client with a class scoped request object. Requesting fixture stack:&#10;backend/tests/test_phase4_phase6_features.py:407:  def cleanup(api_client, request)&#10;Requested fixture:&#10;backend/tests/test_phase4_phase6_features.py:433:  def api_client()&quot;">ScopeMismatch: You tried to access the function scoped fixture api_client with a class scoped request object. Requesting fixture stack:
backend/tests/test_phase4_phase6_features.py:407:  def cleanup(api_client, request)
Requested fixture:
backend/tests/test_phase4_phase6_features.py:433:  def api_client()</error></testcase><testcase classname="backend.tests.test_phase4_phase6_features.TestPhase4Phase6Features" name="test_archive_expired_non_super_admin_forbidden" time="0.000"><error message="failed on setup with &quot;Failed: ScopeMismatch: You tried to access the function scoped fixture api_client with a class scoped request object. Requesting fixture stack:&#10;backend/tests/test_phase4_phase6_features.py:407:  def cleanup(api_client, request)&#10;Requested fixture:&#10;backend/tests/test_phase4_phase6_features.py:433:  def api_client()&quot;">ScopeMismatch: You tried to access the function scoped fixture api_client with a class scoped request object. Requesting fixture stack:
backend/tests/test_phase4_phase6_features.py:407:  def cleanup(api_client, request)
Requested fixture:
backend/tests/test_phase4_phase6_features.py:433:  def api_client()</error></testcase><testcase classname="backend.tests.test_phase4_phase6_features.TestPhase4Phase6Features" name="test_restore_domain_endpoint_exists" time="0.000"><error message="failed on setup with &quot;Failed: ScopeMismatch: You tried to access the function scoped fixture api_client with a class scoped request object. Requesting fixture stack:&#10;backend/tests/test_phase4_phase6_features.py:407:  def cleanup(api_client, request)&#10;Requested fixture:&#10;backend/tests/test_phase4_phase6_features.py:433:  def api_client()&quot;">ScopeMismatch: You tried to access the function scoped fixture api_client with a class scoped request object. Requesting fixture stack:
backend/tests/test_phase4_phase6_features.py:407:  def cleanup(api_client, request)
Requested fixture:
backend/tests/test_phase4_phase6_features.py:433:  def api_client()</error></testcase><testcase classname="backend.tests.test_phase4_phase6_features.TestPhase4Phase6Features" name="test_restore_non_archived_domain_fails" time="0.000"><error message="failed on setup with &quot;Failed: ScopeMismatch: You tried to access the function scoped fixture api_client with a class scoped request object. Requesting fixture stack:&#10;backend/tests/test_phase4_phase6_features.py:407:  def cleanup(api_client, request)&#10;Requested fixture:&#10;backend/tests/test_phase4_phase6_features.py:433:  def api_client()&quot;">ScopeMismatch: You tried to access the function scoped fixture api_client with a class scoped request object. Requesting fixture stack:
backend/tests/test_phase4_phase6_features.py:407:  def cleanup(api_client, request)
Requested fixture:
backend/tests/test_phase4_phase6_features.py:433:  def api_client()</error></testcase><testcase classname="backend.tests.test_phase4_phase6_features.TestPhase4Phase6Features" name="test_monitoring_query_excludes_archived" time="0.000"><error message="failed on setup with &quot;Failed: ScopeMismatch: You tried to access the function scoped fixture api_client with a class scoped request object. Requesting fixture stack:&#10;backend/tests/test_phase4_phase6_features.py:407:  def cleanup(api_client, request)&#10;Requested fixture:&#10;backend/tests/test_phase4_phase6_features.py:433:  def api_client()&quot;">ScopeMismatch: You tried to access the function scoped fixture api_client with a class scoped request object. Requesting fixture stack:
backend/tests/test_phase4_phase6_features.py:407:  def cleanup(api_client, request)
Requested fixture:
backend/tests/test_phase4_phase6_features.py:433:  def api_client()</error></testcase><testcase classname="backend.tests.test_phase4_phase6_features.TestPhase4Phase6Features" name="test_monitoring_query_excludes_blocked_lifecycle" time="0.000"><error message="failed on setup with &quot;Failed: ScopeMismatch: You tried to access the function scoped fixture api_client with a class scoped request object. Requesting fixture stack:&#10;backend/tests/test_phase4_phase6_features.py:407:  def cleanup(api_client, request)&#10;Requested fixture:&#10;backend/tests/test_phase4_phase6_features.py:433:  def api_client()&quot;">ScopeMismatch: You tried to access the function scoped fixture api_client with a class scoped request object. Requesting fixture stack:
backend/tests/test_phase4_phase6_features.py:407:  def cleanup(api_client, request)
Requested fixture:
backend/tests/test_phase4_phase6_features.py:433:  def api_client()</error></testcase><testcase classname="backend.tests.test_phase4_phase6_features.TestPhase4Phase6Features" name="test_seo_context_enricher_returns_root_usage_flag" time="0.000"><error message="failed on setup with &quot;Failed: ScopeMismatch: You tried to access the function scoped fixture api_client with a class scoped request object. Requesting fixture stack:&#10;backend/tests/test_phase4_phase6_features.py:407:  def cleanup(api_client, request)&#10;Requested fixture:&#10;backend/tests/test_phase4_phase6_features.py:433:  def api_client()&quot;">ScopeMismatch: You tried to access the function scoped fixture api_client with a class scoped request object. Requesting fixture stack:
backend/tests/test_phase4_phase6_features.py:407:  def cleanup(api_client, request)
Requested fixture:
backend/tests/test_phase4_phase6_features.py:433:  def api_client()</error></testcase><testcase classname="backend.tests.test_phase4_phase6_features.TestPhase4Phase6Features" name="test_monitoring_test_alert_includes_phase4_fields" time="0.000"><error message="failed on setup with &quot;Failed: ScopeMismatch: You tried to access the function scoped fixture api_client with a class scoped request object. Requesting fixture stack:&#10;backend/tests/test_phase4_phase6_features.py:407:  def cleanup(api_client, request)&#10;Requested fixture:&#10;backend/tests/test_phase4_phase6_features.py:433:  def api_client()&quot;">ScopeMismatch: You tried to access the function scoped fixture api_client with a class scoped request object. Requesting fixture stack:
backend/tests/test_phase4_phase6_features.py:407:  def cleanup(api_client, request)
Requested fixture:
backend/tests/test_phase4_phase6_features.py:433:  def api_client()</error></testcase><testcase classname="backend.tests.test_phase4_phase6_features.TestPhase4Phase6Features" name="test_structure_entries_with_paths" time="0.000"><error message="failed on setup with &quot;Failed: ScopeMismatch: You tried to access the function scoped fixture api_client with a class scoped request object. Requesting fixture stack:&#10;backend/tests/test_phase4_phase6_features.py:407:  def cleanup(api_client, request)&#10;Requested fixture:&#10;backend/tests/test_phase4_phase6_features.py:433:  def api_client()&quot;">ScopeMismatch: You tried to access the function scoped fixture api_client with a class scoped request object. Requesting fixture stack:
backend/tests/test_phase4_phase6_features.py:407:  def cleanup(api_client, request)
Requested fixture:
backend/tests/test_phase4_phase6_features.py:433:  def api_client()</error></testcase><testcase classname="backend.tests.test_phase4_phase6_features.TestPhase4Phase6Features" name="test_full_archive_flow_integration" time="0.000"><error message="failed on setup with &quot;Failed: ScopeMismatch: You tried to access the function scoped fixture api_client with a class scoped request object. Requesting fixture stack:&#10;backend/tests/test_phase4_phase6_features.py:407:  def cleanup(api_client, request)&#10;Requested fixture:&#10;backend/tests/test_phase4_phase6_features.py:433:  def api_client()&quot;">ScopeMismatch: You tried to access the function scoped fixture api_client with a class scoped request object. Requesting fixture stack:
backend/tests/test_phase4_phase6_features.py:407:  def cleanup(api_client, request)
Requested fixture:
backend/tests/test_phase4_phase6_features.py:433:  def api_client()</error></testcase></testsuite></testsuites>