<?xml version="1.0" encoding="utf-8"?><testsuites name="pytest tests"><testsuite name="pytest" errors="0" failures="0" skipped="1" tests="13" time="3.559" timestamp="2026-02-13T11:32:52.170185+00:00" hostname="agent-env-12c8c7a2-8bfc-4fc3-ae2f-db9966169661"><testcase classname="backend.tests.test_phase4_phase6_features" name="test_get_archive_candidates_endpoint" time="0.605" /><testcase classname="backend.tests.test_phase4_phase6_features" name="test_get_archived_domains_endpoint" time="0.154" /><testcase classname="backend.tests.test_phase4_phase6_features" name="test_get_archived_domains_pagination" time="0.226" /><testcase classname="backend.tests.test_phase4_phase6_features" name="test_get_archived_domains_search_filter" time="0.355" /><testcase classname="backend.tests.test_phase4_phase6_features" name="test_archive_expired_domains_super_admin_only" time="0.123" /><testcase classname="backend.tests.test_phase4_phase6_features" name="test_restore_domain_endpoint_exists" time="0.194" /><testcase classname="backend.tests.test_phase4_phase6_features" name="test_restore_non_archived_domain_fails" time="0.297" /><testcase classname="backend.tests.test_phase4_phase6_features" name="test_monitoring_query_excludes_archived" time="0.166" /><testcase classname="backend.tests.test_phase4_phase6_features" name="test_monitoring_query_excludes_blocked_lifecycle" time="0.335" /><testcase classname="backend.tests.test_phase4_phase6_features" name="test_seo_context_enricher_returns_root_usage_flag" time="0.137" /><testcase classname="backend.tests.test_phase4_phase6_features" name="test_monitoring_test_alert_includes_phase4_fields" time="0.411" /><testcase classname="backend.tests.test_phase4_phase6_features" name="test_structure_entries_with_paths" time="0.298" /><testcase classname="backend.tests.test_phase4_phase6_features" name="test_full_archive_flow_integration" time="0.183"><skipped type="pytest.skip" message="Cannot create test domain">/app/backend/tests/test_phase4_phase6_features.py:358: Cannot create test domain</skipped></testcase></testsuite></testsuites>