<?xml version="1.0" encoding="utf-8"?><testsuites name="pytest tests"><testsuite name="pytest" errors="0" failures="0" skipped="1" tests="13" time="4.309" timestamp="2026-02-13T11:31:07.281275+00:00" hostname="agent-env-12c8c7a2-8bfc-4fc3-ae2f-db9966169661"><testcase classname="backend.tests.test_phase4_phase6_features" name="test_get_archive_candidates_endpoint" time="0.497" /><testcase classname="backend.tests.test_phase4_phase6_features" name="test_get_archived_domains_endpoint" time="0.193" /><testcase classname="backend.tests.test_phase4_phase6_features" name="test_get_archived_domains_pagination" time="0.206" /><testcase classname="backend.tests.test_phase4_phase6_features" name="test_get_archived_domains_search_filter" time="0.184" /><testcase classname="backend.tests.test_phase4_phase6_features" name="test_archive_expired_domains_super_admin_only" time="0.117" /><testcase classname="backend.tests.test_phase4_phase6_features" name="test_restore_domain_endpoint_exists" time="0.109" /><testcase classname="backend.tests.test_phase4_phase6_features" name="test_restore_non_archived_domain_fails" time="0.188" /><testcase classname="backend.tests.test_phase4_phase6_features" name="test_monitoring_query_excludes_archived" time="0.772" /><testcase classname="backend.tests.test_phase4_phase6_features" name="test_monitoring_query_excludes_blocked_lifecycle" time="0.989" /><testcase classname="backend.tests.test_phase4_phase6_features" name="test_seo_context_enricher_returns_root_usage_flag" time="0.131" /><testcase classname="backend.tests.test_phase4_phase6_features" name="test_monitoring_test_alert_includes_phase4_fields" time="0.192" /><testcase classname="backend.tests.test_phase4_phase6_features" name="test_structure_entries_with_paths" time="0.402" /><testcase classname="backend.tests.test_phase4_phase6_features" name="test_full_archive_flow_integration" time="0.248"><skipped type="pytest.skip" message="Cannot create test domain">/app/backend/tests/test_phase4_phase6_features.py:358: Cannot create test domain</skipped></testcase></testsuite></testsuites>