<?xml version="1.0" encoding="utf-8"?><testsuites name="pytest tests"><testsuite name="pytest" errors="0" failures="1" skipped="1" tests="13" time="5.319" timestamp="2026-02-13T11:30:46.468410+00:00" hostname="agent-env-12c8c7a2-8bfc-4fc3-ae2f-db9966169661"><testcase classname="backend.tests.test_phase4_phase6_features" name="test_get_archive_candidates_endpoint" time="0.644" /><testcase classname="backend.tests.test_phase4_phase6_features" name="test_get_archived_domains_endpoint" time="0.165" /><testcase classname="backend.tests.test_phase4_phase6_features" name="test_get_archived_domains_pagination" time="0.200" /><testcase classname="backend.tests.test_phase4_phase6_features" name="test_get_archived_domains_search_filter" time="0.143" /><testcase classname="backend.tests.test_phase4_phase6_features" name="test_archive_expired_domains_super_admin_only" time="0.223" /><testcase classname="backend.tests.test_phase4_phase6_features" name="test_restore_domain_endpoint_exists" time="0.157" /><testcase classname="backend.tests.test_phase4_phase6_features" name="test_restore_non_archived_domain_fails" time="0.293" /><testcase classname="backend.tests.test_phase4_phase6_features" name="test_monitoring_query_excludes_archived" time="0.203" /><testcase classname="backend.tests.test_phase4_phase6_features" name="test_monitoring_query_excludes_blocked_lifecycle" time="1.523" /><testcase classname="backend.tests.test_phase4_phase6_features" name="test_seo_context_enricher_returns_root_usage_flag" time="0.173" /><testcase classname="backend.tests.test_phase4_phase6_features" name="test_monitoring_test_alert_includes_phase4_fields" time="0.250" /><testcase classname="backend.tests.test_phase4_phase6_features" name="test_structure_entries_with_paths" time="0.159"><failure message="AttributeError: 'list' object has no attribute 'get'">backend/tests/test_phase4_phase6_features.py:292: in test_structure_entries_with_paths
    if response.status_code == 200 and response.json().get("data"):
                                       ^^^^^^^^^^^^^^^^^^^
E   AttributeError: 'list' object has no attribute 'get'</failure></testcase><testcase classname="backend.tests.test_phase4_phase6_features" name="test_full_archive_flow_integration" time="1.065"><skipped type="pytest.skip" message="Cannot create test domain">/app/backend/tests/test_phase4_phase6_features.py:344: Cannot create test domain</skipped></testcase></testsuite></testsuites>