<?xml version="1.0" encoding="utf-8"?><testsuites name="pytest tests"><testsuite name="pytest" errors="0" failures="0" skipped="0" tests="18" time="6.151" timestamp="2026-02-10T06:44:02.655360+00:00" hostname="agent-env-cdf70e1d-6bc6-4f1a-8ab7-cbe31a5669de"><testcase classname="backend.tests.test_project_complaints.TestProjectComplaintsAPI" name="test_get_project_complaints_success" time="0.339" /><testcase classname="backend.tests.test_project_complaints.TestProjectComplaintsAPI" name="test_get_project_complaints_structure_verification" time="0.301" /><testcase classname="backend.tests.test_project_complaints.TestProjectComplaintsAPI" name="test_get_project_complaints_network_not_found" time="0.303" /><testcase classname="backend.tests.test_project_complaints.TestProjectComplaintsAPI" name="test_create_project_complaint_success" time="0.325" /><testcase classname="backend.tests.test_project_complaints.TestProjectComplaintsAPI" name="test_create_project_complaint_high_priority" time="0.318" /><testcase classname="backend.tests.test_project_complaints.TestProjectComplaintsAPI" name="test_create_project_complaint_short_reason_fails" time="0.299" /><testcase classname="backend.tests.test_project_complaints.TestProjectComplaintsAPI" name="test_create_project_complaint_network_not_found" time="0.314" /><testcase classname="backend.tests.test_project_complaints.TestProjectComplaintsAPI" name="test_respond_to_project_complaint_success" time="0.389" /><testcase classname="backend.tests.test_project_complaints.TestProjectComplaintsAPI" name="test_respond_to_project_complaint_updates_status" time="0.419" /><testcase classname="backend.tests.test_project_complaints.TestProjectComplaintsAPI" name="test_respond_short_note_fails" time="0.385" /><testcase classname="backend.tests.test_project_complaints.TestProjectComplaintsAPI" name="test_respond_complaint_not_found" time="0.301" /><testcase classname="backend.tests.test_project_complaints.TestProjectComplaintsAPI" name="test_resolve_project_complaint_success" time="0.384" /><testcase classname="backend.tests.test_project_complaints.TestProjectComplaintsAPI" name="test_resolve_short_note_fails" time="0.352" /><testcase classname="backend.tests.test_project_complaints.TestProjectComplaintsAPI" name="test_resolve_complaint_not_found" time="0.323" /><testcase classname="backend.tests.test_project_complaints.TestProjectComplaintsAPI" name="test_non_super_admin_cannot_create_complaint" time="0.266" /><testcase classname="backend.tests.test_project_complaints.TestProjectComplaintsAPI" name="test_non_super_admin_cannot_resolve_complaint" time="0.276" /><testcase classname="backend.tests.test_project_complaints.TestProjectComplaintsIntegration" name="test_full_complaint_lifecycle" time="0.454" /><testcase classname="backend.tests.test_project_complaints.TestProjectComplaintsIntegration" name="test_network_complaint_count_in_summary" time="0.310" /></testsuite></testsuites>