<?xml version="1.0" encoding="utf-8"?><testsuites name="pytest tests"><testsuite name="pytest" errors="0" failures="0" skipped="0" tests="9" time="2.892" timestamp="2026-02-09T14:21:49.430397+00:00" hostname="agent-env-96bc6c9b-ded9-4f49-8bbb-95f525a3be09"><testcase classname="backend.tests.test_ranking_visibility.TestRankingVisibilityAPI" name="test_networks_response_includes_ranking_fields" time="0.343" /><testcase classname="backend.tests.test_ranking_visibility.TestRankingVisibilityAPI" name="test_project_a_has_ranking_status" time="0.302" /><testcase classname="backend.tests.test_ranking_visibility.TestRankingVisibilityAPI" name="test_filter_by_ranking_status_ranking" time="0.345" /><testcase classname="backend.tests.test_ranking_visibility.TestRankingVisibilityAPI" name="test_filter_by_ranking_status_tracking" time="0.303" /><testcase classname="backend.tests.test_ranking_visibility.TestRankingVisibilityAPI" name="test_filter_by_ranking_status_none" time="0.297" /><testcase classname="backend.tests.test_ranking_visibility.TestRankingVisibilityAPI" name="test_sort_by_best_position" time="0.304" /><testcase classname="backend.tests.test_ranking_visibility.TestRankingVisibilityAPI" name="test_sort_by_ranking_nodes" time="0.299" /><testcase classname="backend.tests.test_ranking_visibility.TestRankingVisibilityAPI" name="test_combined_filter_and_sort" time="0.332" /><testcase classname="backend.tests.test_ranking_visibility.TestRankingVisibilityAPI" name="test_ranking_status_computation_logic" time="0.298" /></testsuite></testsuites>