<?xml version="1.0" encoding="utf-8"?><testsuites name="pytest tests"><testsuite name="pytest" errors="0" failures="0" skipped="0" tests="9" time="3.672" timestamp="2026-02-09T21:00:56.161970+00:00" hostname="agent-env-1bd5edac-66c6-4205-86c5-ae5b52ece504"><testcase classname="backend.tests.test_scheduler_integration.TestSchedulerIntegration" name="test_scheduler_status_returns_running" time="0.355" /><testcase classname="backend.tests.test_scheduler_integration.TestSchedulerIntegration" name="test_trigger_reminders_manually" time="0.466" /><testcase classname="backend.tests.test_scheduler_integration.TestSchedulerIntegration" name="test_execution_logs_returns_history" time="0.300" /><testcase classname="backend.tests.test_scheduler_integration.TestSchedulerIntegration" name="test_execution_logs_filter_by_job_id" time="0.296" /><testcase classname="backend.tests.test_scheduler_integration.TestSchedulerIntegration" name="test_scheduler_endpoints_require_super_admin" time="0.895" /><testcase classname="backend.tests.test_scheduler_integration.TestSchedulerIntegration" name="test_scheduler_status_fields_structure" time="0.293" /><testcase classname="backend.tests.test_scheduler_integration.TestSchedulerIntegration" name="test_execution_log_structure" time="0.378" /><testcase classname="backend.tests.test_scheduler_integration.TestSchedulerLifecycle" name="test_scheduler_is_initialized_on_startup" time="0.289" /><testcase classname="backend.tests.test_scheduler_integration.TestSchedulerLifecycle" name="test_scheduler_job_is_configured_for_24_hours" time="0.336" /></testsuite></testsuites>