<?xml version="1.0" encoding="utf-8"?><testsuites name="pytest tests"><testsuite name="pytest" errors="0" failures="0" skipped="0" tests="16" time="0.697" timestamp="2026-02-09T11:11:22.566636+00:00" hostname="agent-env-a6521361-f024-4d0e-a55d-2eca7b20dd2b"><testcase classname="backend.tests.test_seo_change_intelligence.TestSeoChangeIntelligence" name="test_structure_create_requires_change_note" time="0.346" /><testcase classname="backend.tests.test_seo_change_intelligence.TestSeoChangeIntelligence" name="test_structure_create_with_change_note_succeeds" time="0.014" /><testcase classname="backend.tests.test_seo_change_intelligence.TestSeoChangeIntelligence" name="test_structure_create_change_note_too_short" time="0.009" /><testcase classname="backend.tests.test_seo_change_intelligence.TestSeoChangeIntelligence" name="test_structure_update_requires_change_note" time="0.008" /><testcase classname="backend.tests.test_seo_change_intelligence.TestSeoChangeIntelligence" name="test_structure_update_with_change_note_succeeds" time="0.016" /><testcase classname="backend.tests.test_seo_change_intelligence.TestSeoChangeIntelligence" name="test_structure_delete_requires_change_note" time="0.008" /><testcase classname="backend.tests.test_seo_change_intelligence.TestSeoChangeIntelligence" name="test_structure_delete_with_change_note_succeeds" time="0.012" /><testcase classname="backend.tests.test_seo_change_intelligence.TestSeoChangeIntelligence" name="test_get_network_change_history" time="0.017" /><testcase classname="backend.tests.test_seo_change_intelligence.TestSeoChangeIntelligence" name="test_change_history_not_found_for_invalid_network" time="0.008" /><testcase classname="backend.tests.test_seo_change_intelligence.TestSeoChangeIntelligence" name="test_get_network_notifications" time="0.051" /><testcase classname="backend.tests.test_seo_change_intelligence.TestSeoChangeIntelligence" name="test_mark_notification_read" time="0.010" /><testcase classname="backend.tests.test_seo_change_intelligence.TestSeoChangeIntelligence" name="test_get_change_log_stats" time="0.011" /><testcase classname="backend.tests.test_seo_change_intelligence.TestSeoChangeIntelligence" name="test_change_log_stats_with_days_param" time="0.011" /><testcase classname="backend.tests.test_seo_change_intelligence.TestSeoChangeIntelligence" name="test_get_telegram_seo_settings" time="0.011" /><testcase classname="backend.tests.test_seo_change_intelligence.TestSeoChangeIntelligence" name="test_update_telegram_seo_settings" time="0.060" /><testcase classname="backend.tests.test_seo_change_intelligence.TestSeoChangeIntelligence" name="test_telegram_seo_settings_requires_auth" time="0.035" /></testsuite></testsuites>