<?xml version="1.0" encoding="utf-8"?><testsuites name="pytest tests"><testsuite name="pytest" errors="0" failures="0" skipped="0" tests="15" time="1.753" timestamp="2026-02-09T21:39:00.576653+00:00" hostname="agent-env-1bd5edac-66c6-4205-86c5-ae5b52ece504"><testcase classname="tests.test_seo_network_managers.TestGetNetworkManagers" name="test_get_managers_returns_is_current_user_manager_flag" time="0.347" /><testcase classname="tests.test_seo_network_managers.TestGetNetworkManagers" name="test_get_managers_returns_managers_list" time="0.053" /><testcase classname="tests.test_seo_network_managers.TestGetNetworkManagers" name="test_get_managers_returns_visibility_mode" time="0.051" /><testcase classname="tests.test_seo_network_managers.TestGetNetworkManagers" name="test_get_managers_returns_update_metadata" time="0.051" /><testcase classname="tests.test_seo_network_managers.TestGetNetworkManagers" name="test_get_managers_404_for_invalid_network" time="0.051" /><testcase classname="tests.test_seo_network_managers.TestUpdateNetworkManagers" name="test_update_managers_requires_super_admin" time="0.322" /><testcase classname="tests.test_seo_network_managers.TestUpdateNetworkManagers" name="test_update_managers_with_visibility_mode" time="0.169" /><testcase classname="tests.test_seo_network_managers.TestUpdateNetworkManagers" name="test_update_managers_returns_summary_cache" time="0.325" /><testcase classname="tests.test_seo_network_managers.TestLegacyAccessControlEndpoints" name="test_get_access_control_redirects_to_managers" time="0.051" /><testcase classname="tests.test_seo_network_managers.TestLegacyAccessControlEndpoints" name="test_put_access_control_redirects_to_managers" time="0.054" /><testcase classname="tests.test_seo_network_managers.TestManagerPermissionForOptimizations" name="test_create_optimization_requires_manager" time="0.062" /><testcase classname="tests.test_seo_network_managers.TestManagerPermissionForOptimizations" name="test_network_detail_accessible_by_manager" time="0.013" /><testcase classname="tests.test_seo_network_managers.TestNetworkListShowsManagerInfo" name="test_networks_list_has_manager_summary" time="0.013" /><testcase classname="tests.test_seo_network_managers.TestManagerAuditLogs" name="test_get_managers_audit_logs_requires_super_admin" time="0.009" /><testcase classname="tests.test_seo_network_managers.TestManagerAuditLogs" name="test_legacy_access_audit_logs_endpoint" time="0.060" /></testsuite></testsuites>