<?xml version="1.0" encoding="utf-8"?><testsuites name="pytest tests"><testsuite name="pytest" errors="0" failures="2" skipped="0" tests="16" time="1.302" timestamp="2026-02-09T11:09:41.166463+00:00" hostname="agent-env-a6521361-f024-4d0e-a55d-2eca7b20dd2b"><testcase classname="backend.tests.test_seo_change_intelligence.TestSeoChangeIntelligence" name="test_structure_create_requires_change_note" time="0.407" /><testcase classname="backend.tests.test_seo_change_intelligence.TestSeoChangeIntelligence" name="test_structure_create_with_change_note_succeeds" time="0.075" /><testcase classname="backend.tests.test_seo_change_intelligence.TestSeoChangeIntelligence" name="test_structure_create_change_note_too_short" time="0.050" /><testcase classname="backend.tests.test_seo_change_intelligence.TestSeoChangeIntelligence" name="test_structure_update_requires_change_note" time="0.050" /><testcase classname="backend.tests.test_seo_change_intelligence.TestSeoChangeIntelligence" name="test_structure_update_with_change_note_succeeds" time="0.055" /><testcase classname="backend.tests.test_seo_change_intelligence.TestSeoChangeIntelligence" name="test_structure_delete_requires_change_note" time="0.052" /><testcase classname="backend.tests.test_seo_change_intelligence.TestSeoChangeIntelligence" name="test_structure_delete_with_change_note_succeeds" time="0.063" /><testcase classname="backend.tests.test_seo_change_intelligence.TestSeoChangeIntelligence" name="test_get_network_change_history" time="0.030"><failure message="AssertionError: Get change history failed: Internal Server Error&#10;assert 520 == 200&#10; +  where 520 = &lt;Response [520]&gt;.status_code">backend/tests/test_seo_change_intelligence.py:238: in test_get_network_change_history
    assert response.status_code == 200, f"Get change history failed: {response.text}"
E   AssertionError: Get change history failed: Internal Server Error
E   assert 520 == 200
E    +  where 520 = &lt;Response [520]&gt;.status_code</failure></testcase><testcase classname="backend.tests.test_seo_change_intelligence.TestSeoChangeIntelligence" name="test_change_history_not_found_for_invalid_network" time="0.011" /><testcase classname="backend.tests.test_seo_change_intelligence.TestSeoChangeIntelligence" name="test_get_network_notifications" time="0.050" /><testcase classname="backend.tests.test_seo_change_intelligence.TestSeoChangeIntelligence" name="test_mark_notification_read" time="0.051" /><testcase classname="backend.tests.test_seo_change_intelligence.TestSeoChangeIntelligence" name="test_get_change_log_stats" time="0.053" /><testcase classname="backend.tests.test_seo_change_intelligence.TestSeoChangeIntelligence" name="test_change_log_stats_with_days_param" time="0.054" /><testcase classname="backend.tests.test_seo_change_intelligence.TestSeoChangeIntelligence" name="test_get_telegram_seo_settings" time="0.054" /><testcase classname="backend.tests.test_seo_change_intelligence.TestSeoChangeIntelligence" name="test_update_telegram_seo_settings" time="0.105" /><testcase classname="backend.tests.test_seo_change_intelligence.TestSeoChangeIntelligence" name="test_telegram_seo_settings_requires_auth" time="0.051"><failure message="AssertionError: Expected 401/403 without auth, got 200&#10;assert 200 in [401, 403]&#10; +  where 200 = &lt;Response [200]&gt;.status_code">backend/tests/test_seo_change_intelligence.py:417: in test_telegram_seo_settings_requires_auth
    assert response.status_code in [401, 403], \
E   AssertionError: Expected 401/403 without auth, got 200
E   assert 200 in [401, 403]
E    +  where 200 = &lt;Response [200]&gt;.status_code</failure></testcase></testsuite></testsuites>