<?xml version="1.0" encoding="utf-8"?><testsuites name="pytest tests"><testsuite name="pytest" errors="0" failures="9" skipped="6" tests="16" time="0.576" timestamp="2026-02-09T11:09:24.340608+00:00" hostname="agent-env-a6521361-f024-4d0e-a55d-2eca7b20dd2b"><testcase classname="backend.tests.test_seo_change_intelligence.TestSeoChangeIntelligence" name="test_structure_create_requires_change_note" time="0.333"><failure message="KeyError: 0">backend/tests/test_seo_change_intelligence.py:45: in test_structure_create_requires_change_note
    network = networks[0]
              ^^^^^^^^^^^
E   KeyError: 0</failure></testcase><testcase classname="backend.tests.test_seo_change_intelligence.TestSeoChangeIntelligence" name="test_structure_create_with_change_note_succeeds" time="0.000"><skipped type="pytest.skip" message="No network or domain ID from previous test">/app/backend/tests/test_seo_change_intelligence.py:90: No network or domain ID from previous test</skipped></testcase><testcase classname="backend.tests.test_seo_change_intelligence.TestSeoChangeIntelligence" name="test_structure_create_change_note_too_short" time="0.000"><skipped type="pytest.skip" message="No network or domain ID from previous test">/app/backend/tests/test_seo_change_intelligence.py:119: No network or domain ID from previous test</skipped></testcase><testcase classname="backend.tests.test_seo_change_intelligence.TestSeoChangeIntelligence" name="test_structure_update_requires_change_note" time="0.000"><skipped type="pytest.skip" message="No entry ID from create test">/app/backend/tests/test_seo_change_intelligence.py:143: No entry ID from create test</skipped></testcase><testcase classname="backend.tests.test_seo_change_intelligence.TestSeoChangeIntelligence" name="test_structure_update_with_change_note_succeeds" time="0.000"><skipped type="pytest.skip" message="No entry ID from create test">/app/backend/tests/test_seo_change_intelligence.py:162: No entry ID from create test</skipped></testcase><testcase classname="backend.tests.test_seo_change_intelligence.TestSeoChangeIntelligence" name="test_structure_delete_requires_change_note" time="0.000"><skipped type="pytest.skip" message="No entry ID from create test">/app/backend/tests/test_seo_change_intelligence.py:187: No entry ID from create test</skipped></testcase><testcase classname="backend.tests.test_seo_change_intelligence.TestSeoChangeIntelligence" name="test_structure_delete_with_change_note_succeeds" time="0.000"><skipped type="pytest.skip" message="No entry ID from create test">/app/backend/tests/test_seo_change_intelligence.py:202: No entry ID from create test</skipped></testcase><testcase classname="backend.tests.test_seo_change_intelligence.TestSeoChangeIntelligence" name="test_get_network_change_history" time="0.010"><failure message="KeyError: 0">backend/tests/test_seo_change_intelligence.py:234: in test_get_network_change_history
    network_id = networks[0]["id"]
                 ^^^^^^^^^^^
E   KeyError: 0</failure></testcase><testcase classname="backend.tests.test_seo_change_intelligence.TestSeoChangeIntelligence" name="test_change_history_not_found_for_invalid_network" time="0.010"><failure message="AssertionError: Expected 404 for invalid network, got 401&#10;assert 401 == 404&#10; +  where 401 = &lt;Response [401]&gt;.status_code">backend/tests/test_seo_change_intelligence.py:260: in test_change_history_not_found_for_invalid_network
    assert response.status_code == 404, f"Expected 404 for invalid network, got {response.status_code}"
E   AssertionError: Expected 404 for invalid network, got 401
E   assert 401 == 404
E    +  where 401 = &lt;Response [401]&gt;.status_code</failure></testcase><testcase classname="backend.tests.test_seo_change_intelligence.TestSeoChangeIntelligence" name="test_get_network_notifications" time="0.008"><failure message="KeyError: 0">backend/tests/test_seo_change_intelligence.py:274: in test_get_network_notifications
    network_id = networks[0]["id"]
                 ^^^^^^^^^^^
E   KeyError: 0</failure></testcase><testcase classname="backend.tests.test_seo_change_intelligence.TestSeoChangeIntelligence" name="test_mark_notification_read" time="0.010"><failure message="KeyError: 0">backend/tests/test_seo_change_intelligence.py:305: in test_mark_notification_read
    network_id = networks[0]["id"]
                 ^^^^^^^^^^^
E   KeyError: 0</failure></testcase><testcase classname="backend.tests.test_seo_change_intelligence.TestSeoChangeIntelligence" name="test_get_change_log_stats" time="0.008"><failure message="AssertionError: Get change log stats failed: {&quot;detail&quot;:&quot;Invalid token&quot;}&#10;assert 401 == 200&#10; +  where 401 = &lt;Response [401]&gt;.status_code">backend/tests/test_seo_change_intelligence.py:335: in test_get_change_log_stats
    assert response.status_code == 200, f"Get change log stats failed: {response.text}"
E   AssertionError: Get change log stats failed: {"detail":"Invalid token"}
E   assert 401 == 200
E    +  where 401 = &lt;Response [401]&gt;.status_code</failure></testcase><testcase classname="backend.tests.test_seo_change_intelligence.TestSeoChangeIntelligence" name="test_change_log_stats_with_days_param" time="0.007"><failure message="AssertionError: Get stats with days param failed: {&quot;detail&quot;:&quot;Invalid token&quot;}&#10;assert 401 == 200&#10; +  where 401 = &lt;Response [401]&gt;.status_code">backend/tests/test_seo_change_intelligence.py:357: in test_change_log_stats_with_days_param
    assert response.status_code == 200, f"Get stats with days param failed: {response.text}"
E   AssertionError: Get stats with days param failed: {"detail":"Invalid token"}
E   assert 401 == 200
E    +  where 401 = &lt;Response [401]&gt;.status_code</failure></testcase><testcase classname="backend.tests.test_seo_change_intelligence.TestSeoChangeIntelligence" name="test_get_telegram_seo_settings" time="0.008"><failure message="AssertionError: Get SEO telegram settings failed: {&quot;detail&quot;:&quot;Invalid token&quot;}&#10;assert 401 == 200&#10; +  where 401 = &lt;Response [401]&gt;.status_code">backend/tests/test_seo_change_intelligence.py:373: in test_get_telegram_seo_settings
    assert response.status_code == 200, f"Get SEO telegram settings failed: {response.text}"
E   AssertionError: Get SEO telegram settings failed: {"detail":"Invalid token"}
E   assert 401 == 200
E    +  where 401 = &lt;Response [401]&gt;.status_code</failure></testcase><testcase classname="backend.tests.test_seo_change_intelligence.TestSeoChangeIntelligence" name="test_update_telegram_seo_settings" time="0.014"><failure message="AssertionError: Update SEO telegram settings failed: {&quot;detail&quot;:&quot;Invalid token&quot;}&#10;assert 401 == 200&#10; +  where 401 = &lt;Response [401]&gt;.status_code">backend/tests/test_seo_change_intelligence.py:399: in test_update_telegram_seo_settings
    assert response.status_code == 200, f"Update SEO telegram settings failed: {response.text}"
E   AssertionError: Update SEO telegram settings failed: {"detail":"Invalid token"}
E   assert 401 == 200
E    +  where 401 = &lt;Response [401]&gt;.status_code</failure></testcase><testcase classname="backend.tests.test_seo_change_intelligence.TestSeoChangeIntelligence" name="test_telegram_seo_settings_requires_auth" time="0.008" /></testsuite></testsuites>