<?xml version="1.0" encoding="utf-8"?><testsuites name="pytest tests"><testsuite name="pytest" errors="0" failures="1" skipped="0" tests="12" time="3.670" timestamp="2026-02-10T19:53:55.328255+00:00" hostname="agent-env-6da575ee-cc9a-4cf5-a62d-9947063bd34a"><testcase classname="tests.test_seo_conflicts_v3.TestV3ConflictsAPI" name="test_v3_conflicts_endpoint_returns_200" time="0.309" /><testcase classname="tests.test_seo_conflicts_v3.TestV3ConflictsAPI" name="test_v3_conflicts_response_structure" time="0.315" /><testcase classname="tests.test_seo_conflicts_v3.TestV3ConflictsAPI" name="test_v3_conflicts_with_network_filter" time="0.288" /><testcase classname="tests.test_seo_conflicts_v3.TestV3ConflictsAPI" name="test_v3_conflicts_type_list_exists" time="0.286" /><testcase classname="tests.test_seo_conflicts_v3.TestV3ConflictsAPI" name="test_v3_conflicts_vs_legacy_endpoint" time="0.282" /><testcase classname="tests.test_seo_conflicts_v3.TestV3ConflictsAPI" name="test_v3_dashboard_reports_endpoint" time="0.322"><failure message="AssertionError: assert ('total_networks' in {'asset_status': {'active': 32, 'expired': 0, 'inactive': 0}, 'collections': {'asset_domains': 32, 'seo_networks': 5, 'seo_structure_entries': 9}, 'domain_roles': {'main': 3, 'supporting': 6}, 'index_status': {'index_rate': 100.0, 'indexed': 9, 'noindexed': 0}, ...} or 'networks_count' in {'asset_status': {'active': 32, 'expired': 0, 'inactive': 0}, 'collections': {'asset_domains': 32, 'seo_networks': 5, 'seo_structure_entries': 9}, 'domain_roles': {'main': 3, 'supporting': 6}, 'index_status': {'index_rate': 100.0, 'indexed': 9, 'noindexed': 0}, ...} or 'total_domains' in {'asset_status': {'active': 32, 'expired': 0, 'inactive': 0}, 'collections': {'asset_domains': 32, 'seo_networks': 5, 'seo_structure_entries': 9}, 'domain_roles': {'main': 3, 'supporting': 6}, 'index_status': {'index_rate': 100.0, 'indexed': 9, 'noindexed': 0}, ...})">tests/test_seo_conflicts_v3.py:144: in test_v3_dashboard_reports_endpoint
    assert "total_networks" in data or "networks_count" in data or "total_domains" in data
E   AssertionError: assert ('total_networks' in {'asset_status': {'active': 32, 'expired': 0, 'inactive': 0}, 'collections': {'asset_domains': 32, 'seo_networks': 5, 'seo_structure_entries': 9}, 'domain_roles': {'main': 3, 'supporting': 6}, 'index_status': {'index_rate': 100.0, 'indexed': 9, 'noindexed': 0}, ...} or 'networks_count' in {'asset_status': {'active': 32, 'expired': 0, 'inactive': 0}, 'collections': {'asset_domains': 32, 'seo_networks': 5, 'seo_structure_entries': 9}, 'domain_roles': {'main': 3, 'supporting': 6}, 'index_status': {'index_rate': 100.0, 'indexed': 9, 'noindexed': 0}, ...} or 'total_domains' in {'asset_status': {'active': 32, 'expired': 0, 'inactive': 0}, 'collections': {'asset_domains': 32, 'seo_networks': 5, 'seo_structure_entries': 9}, 'domain_roles': {'main': 3, 'supporting': 6}, 'index_status': {'index_rate': 100.0, 'indexed': 9, 'noindexed': 0}, ...})</failure></testcase><testcase classname="tests.test_seo_conflicts_v3.TestConflictDetectionLogic" name="test_networks_exist" time="0.282" /><testcase classname="tests.test_seo_conflicts_v3.TestConflictDetectionLogic" name="test_structure_entries_exist" time="0.323" /><testcase classname="tests.test_seo_conflicts_v3.TestConflictDetectionLogic" name="test_tier_calculation_works" time="0.295" /><testcase classname="tests.test_seo_conflicts_v3.TestFrontendAPIIntegration" name="test_dashboard_conflicts_call" time="0.272" /><testcase classname="tests.test_seo_conflicts_v3.TestFrontendAPIIntegration" name="test_dashboard_stats_call" time="0.276" /><testcase classname="tests.test_seo_conflicts_v3.TestFrontendAPIIntegration" name="test_monitoring_stats_call" time="0.322" /></testsuite></testsuites>