<?xml version="1.0" encoding="utf-8"?><testsuites name="pytest tests"><testsuite name="pytest" errors="0" failures="0" skipped="3" tests="8" time="1.692" timestamp="2026-02-09T13:01:20.116486+00:00" hostname="agent-env-96bc6c9b-ded9-4f49-8bbb-95f525a3be09"><testcase classname="tests.test_seo_telegram.TestSeoTelegramSettings" name="test_get_seo_telegram_settings" time="0.322" /><testcase classname="tests.test_seo_telegram.TestSeoTelegramSettings" name="test_update_seo_telegram_settings_enable" time="0.042" /><testcase classname="tests.test_seo_telegram.TestSeoTelegramSettings" name="test_update_seo_telegram_settings_disable" time="0.118" /><testcase classname="tests.test_seo_telegram.TestSeoTelegramSettings" name="test_seo_telegram_test_notification" time="0.617" /><testcase classname="tests.test_seo_telegram.TestChangeNoteValidation" name="test_create_structure_entry_note_too_short" time="0.165" /><testcase classname="tests.test_seo_telegram.TestChangeNoteValidation" name="test_delete_structure_entry_note_too_short" time="0.083"><skipped type="pytest.skip" message="Not enough entries for delete test">/app/backend/tests/test_seo_telegram.py:184: Not enough entries for delete test</skipped></testcase><testcase classname="tests.test_seo_telegram.TestChangeNoteValidation" name="test_switch_main_target_note_too_short" time="0.083"><skipped type="pytest.skip" message="Not enough entries for switch main test">/app/backend/tests/test_seo_telegram.py:224: Not enough entries for switch main test</skipped></testcase><testcase classname="tests.test_seo_telegram.TestChangeNoteSuccess" name="test_create_and_delete_with_valid_note" time="0.118"><skipped type="pytest.skip" message="No available asset domain for test">/app/backend/tests/test_seo_telegram.py:304: No available asset domain for test</skipped></testcase></testsuite></testsuites>