<?xml version="1.0" encoding="utf-8"?><testsuites name="pytest tests"><testsuite name="pytest" errors="0" failures="0" skipped="0" tests="12" time="3.597" timestamp="2026-02-10T19:54:48.034405+00:00" hostname="agent-env-6da575ee-cc9a-4cf5-a62d-9947063bd34a"><testcase classname="tests.test_seo_conflicts_v3.TestV3ConflictsAPI" name="test_v3_conflicts_endpoint_returns_200" time="0.299" /><testcase classname="tests.test_seo_conflicts_v3.TestV3ConflictsAPI" name="test_v3_conflicts_response_structure" time="0.283" /><testcase classname="tests.test_seo_conflicts_v3.TestV3ConflictsAPI" name="test_v3_conflicts_with_network_filter" time="0.310" /><testcase classname="tests.test_seo_conflicts_v3.TestV3ConflictsAPI" name="test_v3_conflicts_type_list_exists" time="0.320" /><testcase classname="tests.test_seo_conflicts_v3.TestV3ConflictsAPI" name="test_v3_conflicts_vs_legacy_endpoint" time="0.285" /><testcase classname="tests.test_seo_conflicts_v3.TestV3ConflictsAPI" name="test_v3_dashboard_reports_endpoint" time="0.270" /><testcase classname="tests.test_seo_conflicts_v3.TestConflictDetectionLogic" name="test_networks_exist" time="0.282" /><testcase classname="tests.test_seo_conflicts_v3.TestConflictDetectionLogic" name="test_structure_entries_exist" time="0.288" /><testcase classname="tests.test_seo_conflicts_v3.TestConflictDetectionLogic" name="test_tier_calculation_works" time="0.333" /><testcase classname="tests.test_seo_conflicts_v3.TestFrontendAPIIntegration" name="test_dashboard_conflicts_call" time="0.277" /><testcase classname="tests.test_seo_conflicts_v3.TestFrontendAPIIntegration" name="test_dashboard_stats_call" time="0.266" /><testcase classname="tests.test_seo_conflicts_v3.TestFrontendAPIIntegration" name="test_monitoring_stats_call" time="0.315" /></testsuite></testsuites>