<?xml version="1.0" encoding="utf-8"?><testsuites name="pytest tests"><testsuite name="pytest" errors="0" failures="2" skipped="0" tests="20" time="9.947" timestamp="2026-02-10T21:24:36.666727+00:00" hostname="agent-env-91815c5a-d5f8-4a53-b633-b92ce7e43f71"><testcase classname="backend.tests.test_seo_monitoring_alerts.TestSeoMonitoringAlerts" name="test_get_unmonitored_domains_in_seo_endpoint_accessible" time="0.311" /><testcase classname="backend.tests.test_seo_monitoring_alerts.TestSeoMonitoringAlerts" name="test_unmonitored_domains_response_structure" time="0.271" /><testcase classname="backend.tests.test_seo_monitoring_alerts.TestSeoMonitoringAlerts" name="test_seo_domains_summary_endpoint" time="0.313" /><testcase classname="backend.tests.test_seo_monitoring_alerts.TestSeoMonitoringAlerts" name="test_send_unmonitored_reminders_endpoint_accessible" time="0.270" /><testcase classname="backend.tests.test_seo_monitoring_alerts.TestSeoMonitoringAlerts" name="test_domain_down_test_alert_endpoint_accessible" time="0.857" /><testcase classname="backend.tests.test_seo_monitoring_alerts.TestSeoMonitoringAlerts" name="test_domain_down_test_alert_with_severity_override" time="0.837" /><testcase classname="backend.tests.test_seo_monitoring_alerts.TestSeoMonitoringAlerts" name="test_domain_down_test_alert_soft_blocked" time="0.817" /><testcase classname="backend.tests.test_seo_monitoring_alerts.TestSeoMonitoringAlerts" name="test_domain_down_test_alert_invalid_issue_type" time="0.276" /><testcase classname="backend.tests.test_seo_monitoring_alerts.TestSeoMonitoringAlerts" name="test_domain_down_test_alert_invalid_severity" time="0.308" /><testcase classname="backend.tests.test_seo_monitoring_alerts.TestSeoMonitoringAlerts" name="test_test_alerts_history_endpoint" time="0.271" /><testcase classname="backend.tests.test_seo_monitoring_alerts.TestSeoMonitoringAlerts" name="test_test_alerts_history_with_limit" time="0.273" /><testcase classname="backend.tests.test_seo_monitoring_alerts.TestSeoMonitoringAlerts" name="test_test_alerts_history_with_domain_filter" time="0.842" /><testcase classname="backend.tests.test_seo_monitoring_alerts.TestSeverityCalculation" name="test_severity_critical_for_money_site" time="0.876" /><testcase classname="backend.tests.test_seo_monitoring_alerts.TestSeverityCalculation" name="test_severity_high_for_tier_1" time="0.856" /><testcase classname="backend.tests.test_seo_monitoring_alerts.TestMessageFormat" name="test_message_contains_test_mode_marker" time="0.861" /><testcase classname="backend.tests.test_seo_monitoring_alerts.TestMessageFormat" name="test_message_order_structure" time="0.877"><failure message="AssertionError: Domain Info should come after previous section&#10;assert (55 &gt;= 127 or 127 == -1)">backend/tests/test_seo_monitoring_alerts.py:480: in test_message_order_structure
    assert pos &gt;= last_pos or last_pos == -1, \
E   AssertionError: Domain Info should come after previous section
E   assert (55 &gt;= 127 or 127 == -1)</failure></testcase><testcase classname="backend.tests.test_seo_monitoring_alerts.TestMessageFormat" name="test_message_contains_seo_struktur_section" time="0.332"><failure message="AttributeError: 'str' object has no attribute 'get'">backend/tests/test_seo_monitoring_alerts.py:500: in test_message_contains_seo_struktur_section
    "domain": domain.get("domain_name", "test.com"),
              ^^^^^^^^^^
E   AttributeError: 'str' object has no attribute 'get'</failure></testcase><testcase classname="backend.tests.test_seo_monitoring_alerts.TestRateLimiting" name="test_unmonitored_reminders_rate_limit_message" time="0.322" /><testcase classname="backend.tests.test_seo_monitoring_alerts.TestAuthorizationChecks" name="test_unauthorized_access_to_reminders" time="0.036" /><testcase classname="backend.tests.test_seo_monitoring_alerts.TestAuthorizationChecks" name="test_unauthorized_access_to_test_alert" time="0.033" /></testsuite></testsuites>