<?xml version="1.0" encoding="utf-8"?><testsuites name="pytest tests"><testsuite name="pytest" errors="0" failures="0" skipped="0" tests="22" time="2.775" timestamp="2026-02-10T07:29:04.895461+00:00" hostname="agent-env-cdf70e1d-6bc6-4f1a-8ab7-cbe31a5669de"><testcase classname="backend.tests.test_seo_telegram_notifications.TestSeoTelegramNotifications" name="test_get_telegram_seo_returns_topic_routing_fields" time="0.342" /><testcase classname="backend.tests.test_seo_telegram_notifications.TestSeoTelegramNotifications" name="test_get_telegram_seo_returns_correct_types" time="0.050" /><testcase classname="backend.tests.test_seo_telegram_notifications.TestSeoTelegramNotifications" name="test_update_telegram_seo_with_topic_routing" time="0.081" /><testcase classname="backend.tests.test_seo_telegram_notifications.TestSeoTelegramNotifications" name="test_update_telegram_seo_disable_topic_routing" time="0.129" /><testcase classname="backend.tests.test_seo_telegram_notifications.TestSeoTelegramNotifications" name="test_update_telegram_seo_clear_topic_ids" time="0.042" /><testcase classname="backend.tests.test_seo_telegram_notifications.TestSeoTelegramNotifications" name="test_update_telegram_seo_preserves_bot_token" time="0.115" /><testcase classname="backend.tests.test_seo_telegram_notifications.TestSeoTelegramNotifications" name="test_get_reminder_config_returns_correct_structure" time="0.034" /><testcase classname="backend.tests.test_seo_telegram_notifications.TestSeoTelegramNotifications" name="test_get_reminder_config_has_default_values" time="0.036" /><testcase classname="backend.tests.test_seo_telegram_notifications.TestSeoTelegramNotifications" name="test_update_reminder_config_interval" time="0.083" /><testcase classname="backend.tests.test_seo_telegram_notifications.TestSeoTelegramNotifications" name="test_update_reminder_config_disable" time="0.081" /><testcase classname="backend.tests.test_seo_telegram_notifications.TestSeoTelegramNotifications" name="test_update_reminder_config_enable" time="0.076" /><testcase classname="backend.tests.test_seo_telegram_notifications.TestSeoTelegramNotifications" name="test_update_reminder_config_invalid_interval_too_low" time="0.041" /><testcase classname="backend.tests.test_seo_telegram_notifications.TestSeoTelegramNotifications" name="test_update_reminder_config_invalid_interval_too_high" time="0.042" /><testcase classname="backend.tests.test_seo_telegram_notifications.TestSeoTelegramNotifications" name="test_run_reminder_check_returns_stats" time="0.041" /><testcase classname="backend.tests.test_seo_telegram_notifications.TestSeoTelegramNotifications" name="test_run_reminder_check_stats_structure" time="0.037" /><testcase classname="backend.tests.test_seo_telegram_notifications.TestSeoTelegramNotifications" name="test_telegram_seo_requires_super_admin_for_update" time="0.078" /><testcase classname="backend.tests.test_seo_telegram_notifications.TestSeoTelegramNotifications" name="test_reminder_config_requires_super_admin" time="0.068" /><testcase classname="backend.tests.test_seo_telegram_notifications.TestSeoTelegramNotifications" name="test_run_reminder_requires_super_admin" time="0.034" /><testcase classname="backend.tests.test_seo_telegram_notifications.TestNotificationTopicRouting" name="test_telegram_test_endpoint_exists" time="0.723" /><testcase classname="backend.tests.test_seo_telegram_notifications.TestSettingsPageAPI" name="test_frontend_can_load_seo_telegram_settings" time="0.354" /><testcase classname="backend.tests.test_seo_telegram_notifications.TestSettingsPageAPI" name="test_frontend_can_save_topic_routing_config" time="0.034" /><testcase classname="backend.tests.test_seo_telegram_notifications.TestSettingsPageAPI" name="test_frontend_can_toggle_topic_routing" time="0.159" /></testsuite></testsuites>