<?xml version="1.0" encoding="utf-8"?><testsuites name="pytest tests"><testsuite name="pytest" errors="0" failures="0" skipped="0" tests="12" time="4.607" timestamp="2026-02-09T18:16:27.202367+00:00" hostname="agent-env-cb1d8918-af3e-4b4b-9ec2-673b4abe3228"><testcase classname="tests.test_team_evaluation.TestTeamEvaluationAPI" name="test_team_evaluation_summary_returns_200" time="0.367" /><testcase classname="tests.test_team_evaluation.TestTeamEvaluationAPI" name="test_team_evaluation_summary_has_required_fields" time="0.307" /><testcase classname="tests.test_team_evaluation.TestTeamEvaluationAPI" name="test_team_evaluation_summary_top_contributors_have_score" time="0.321" /><testcase classname="tests.test_team_evaluation.TestTeamEvaluationAPI" name="test_team_evaluation_with_date_filter" time="0.315" /><testcase classname="tests.test_team_evaluation.TestActivityTypesAPI" name="test_get_activity_types_returns_200" time="0.305" /><testcase classname="tests.test_team_evaluation.TestActivityTypesAPI" name="test_activity_types_returns_list" time="0.297" /><testcase classname="tests.test_team_evaluation.TestActivityTypesAPI" name="test_activity_types_have_required_fields" time="0.296" /><testcase classname="tests.test_team_evaluation.TestActivityTypesAPI" name="test_default_activity_types_exist" time="0.301" /><testcase classname="tests.test_team_evaluation.TestOptimizationsWithReasonNote" name="test_create_optimization_without_reason_note_fails" time="0.337" /><testcase classname="tests.test_team_evaluation.TestOptimizationsWithReasonNote" name="test_create_optimization_with_short_reason_note_fails" time="0.334" /><testcase classname="tests.test_team_evaluation.TestOptimizationsWithReasonNote" name="test_create_optimization_with_valid_reason_note_succeeds" time="0.966" /><testcase classname="tests.test_team_evaluation.TestOptimizationsWithReasonNote" name="test_get_optimizations_includes_reason_note" time="0.344" /></testsuite></testsuites>