<?xml version="1.0" encoding="utf-8"?><testsuites name="pytest tests"><testsuite name="pytest" errors="0" failures="0" skipped="0" tests="9" time="3.723" timestamp="2026-02-10T21:46:38.842202+00:00" hostname="agent-env-91815c5a-d5f8-4a53-b633-b92ce7e43f71"><testcase classname="backend.tests.test_unmonitored_domain_alert_format.TestUnmonitoredDomainAlertFormat" name="test_unmonitored_domains_list_contains_expected_domains" time="0.328" /><testcase classname="backend.tests.test_unmonitored_domain_alert_format.TestUnmonitoredDomainAlertFormat" name="test_individual_alerts_for_each_domain" time="0.274" /><testcase classname="backend.tests.test_unmonitored_domain_alert_format.TestAlertMessageFormat" name="test_notification_template_contains_required_sections" time="0.267" /><testcase classname="backend.tests.test_unmonitored_domain_alert_format.TestAlertMessageFormat" name="test_test_alert_contains_struktur_seo_terkini" time="0.853" /><testcase classname="backend.tests.test_unmonitored_domain_alert_format.TestUnmonitoredAlertMessageBuilder" name="test_unmonitored_domain_has_seo_context_data" time="0.273" /><testcase classname="backend.tests.test_unmonitored_domain_alert_format.TestUnmonitoredAlertMessageBuilder" name="test_seo_context_enricher_provides_full_structure_lines" time="0.875" /><testcase classname="backend.tests.test_unmonitored_domain_alert_format.TestRateLimiting24Hours" name="test_rate_limit_responds_appropriately_on_repeat_calls" time="0.275" /><testcase classname="backend.tests.test_unmonitored_domain_alert_format.TestAlertMessageSections" name="test_template_preview_shows_correct_format" time="0.267" /><testcase classname="backend.tests.test_unmonitored_domain_alert_format.TestAlertMessageSections" name="test_default_template_in_code_has_required_sections" time="0.261" /></testsuite></testsuites>