<?xml version="1.0" encoding="utf-8"?><testsuites name="pytest tests"><testsuite name="pytest" errors="0" failures="0" skipped="0" tests="10" time="3.943" timestamp="2026-02-09T14:00:00.736154+00:00" hostname="agent-env-96bc6c9b-ded9-4f49-8bbb-95f525a3be09"><testcase classname="backend.tests.test_user_approval.TestUserApprovalWorkflow" name="test_register_new_user_returns_pending_status" time="0.296" /><testcase classname="backend.tests.test_user_approval.TestUserApprovalWorkflow" name="test_pending_user_cannot_login" time="0.522" /><testcase classname="backend.tests.test_user_approval.TestUserApprovalWorkflow" name="test_get_pending_users_endpoint" time="0.298" /><testcase classname="backend.tests.test_user_approval.TestUserApprovalWorkflow" name="test_approve_pending_user" time="0.635" /><testcase classname="backend.tests.test_user_approval.TestUserApprovalWorkflow" name="test_reject_pending_user" time="0.595" /><testcase classname="backend.tests.test_user_approval.TestUserApprovalWorkflow" name="test_cannot_approve_as_super_admin" time="0.334" /><testcase classname="backend.tests.test_user_approval.TestUserApprovalWorkflow" name="test_create_user_manually" time="0.515" /><testcase classname="backend.tests.test_user_approval.TestUserApprovalWorkflow" name="test_cannot_create_super_admin_manually" time="0.034" /><testcase classname="backend.tests.test_user_approval.TestUserApprovalWorkflow" name="test_get_all_users_includes_status" time="0.039" /><testcase classname="backend.tests.test_user_approval.TestUserApprovalCleanup" name="test_cleanup_test_users" time="0.563" /></testsuite></testsuites>