<?xml version="1.0" encoding="utf-8"?><testsuites name="pytest tests"><testsuite name="pytest" errors="0" failures="0" skipped="0" tests="20" time="1.970" timestamp="2026-02-08T11:11:48.305332+00:00" hostname="agent-env-2d08aa7c-6441-40ff-bf46-950a27d812df"><testcase classname="backend.tests.test_v3_api.TestAuthentication" name="test_login_superadmin" time="0.281" /><testcase classname="backend.tests.test_v3_api.TestV3AssetDomains" name="test_get_all_asset_domains" time="0.325" /><testcase classname="backend.tests.test_v3_api.TestV3AssetDomains" name="test_get_asset_domain_by_id" time="0.080" /><testcase classname="backend.tests.test_v3_api.TestV3AssetDomains" name="test_asset_domain_not_found" time="0.037" /><testcase classname="backend.tests.test_v3_api.TestV3AssetDomains" name="test_filter_by_status" time="0.039" /><testcase classname="backend.tests.test_v3_api.TestV3Networks" name="test_get_all_networks" time="0.039" /><testcase classname="backend.tests.test_v3_api.TestV3Networks" name="test_get_network_detail_with_tiers" time="0.104" /><testcase classname="backend.tests.test_v3_api.TestV3Networks" name="test_get_network_tiers" time="0.084" /><testcase classname="backend.tests.test_v3_api.TestV3Structure" name="test_get_structure_entries" time="0.078" /><testcase classname="backend.tests.test_v3_api.TestV3Structure" name="test_structure_entries_have_derived_tiers" time="0.075" /><testcase classname="backend.tests.test_v3_api.TestV3Structure" name="test_filter_by_network" time="0.099" /><testcase classname="backend.tests.test_v3_api.TestV3Structure" name="test_filter_by_domain_role" time="0.043" /><testcase classname="backend.tests.test_v3_api.TestV3Reports" name="test_dashboard_stats" time="0.039" /><testcase classname="backend.tests.test_v3_api.TestV3Reports" name="test_conflicts_detection" time="0.055" /><testcase classname="backend.tests.test_v3_api.TestV3ActivityLogs" name="test_get_activity_logs" time="0.039" /><testcase classname="backend.tests.test_v3_api.TestV3ActivityLogs" name="test_filter_by_actor" time="0.038" /><testcase classname="backend.tests.test_v3_api.TestV3ActivityLogs" name="test_activity_log_stats" time="0.035" /><testcase classname="backend.tests.test_v3_api.TestV3DataIntegrity" name="test_migrated_data_counts" time="0.199" /><testcase classname="backend.tests.test_v3_api.TestV3DataIntegrity" name="test_structure_entries_link_to_valid_assets" time="0.140" /><testcase classname="backend.tests.test_v3_api.TestV3DataIntegrity" name="test_main_domains_have_tier_0" time="0.078" /></testsuite></testsuites>