<?xml version="1.0" encoding="utf-8"?><testsuites name="pytest tests"><testsuite name="pytest" errors="0" failures="3" skipped="0" tests="20" time="1.926" timestamp="2026-02-08T11:10:51.310329+00:00" hostname="agent-env-2d08aa7c-6441-40ff-bf46-950a27d812df"><testcase classname="backend.tests.test_v3_api.TestAuthentication" name="test_login_superadmin" time="0.338" /><testcase classname="backend.tests.test_v3_api.TestV3AssetDomains" name="test_get_all_asset_domains" time="0.304" /><testcase classname="backend.tests.test_v3_api.TestV3AssetDomains" name="test_get_asset_domain_by_id" time="0.069" /><testcase classname="backend.tests.test_v3_api.TestV3AssetDomains" name="test_asset_domain_not_found" time="0.033" /><testcase classname="backend.tests.test_v3_api.TestV3AssetDomains" name="test_filter_by_status" time="0.034" /><testcase classname="backend.tests.test_v3_api.TestV3Networks" name="test_get_all_networks" time="0.036" /><testcase classname="backend.tests.test_v3_api.TestV3Networks" name="test_get_network_detail_with_tiers" time="0.089" /><testcase classname="backend.tests.test_v3_api.TestV3Networks" name="test_get_network_tiers" time="0.081" /><testcase classname="backend.tests.test_v3_api.TestV3Structure" name="test_get_structure_entries" time="0.061" /><testcase classname="backend.tests.test_v3_api.TestV3Structure" name="test_structure_entries_have_derived_tiers" time="0.057" /><testcase classname="backend.tests.test_v3_api.TestV3Structure" name="test_filter_by_network" time="0.086" /><testcase classname="backend.tests.test_v3_api.TestV3Structure" name="test_filter_by_domain_role" time="0.038" /><testcase classname="backend.tests.test_v3_api.TestV3Reports" name="test_dashboard_stats" time="0.038" /><testcase classname="backend.tests.test_v3_api.TestV3Reports" name="test_conflicts_detection" time="0.043" /><testcase classname="backend.tests.test_v3_api.TestV3ActivityLogs" name="test_get_activity_logs" time="0.040"><failure message="AssertionError: Failed: Internal Server Error&#10;assert 520 == 200&#10; +  where 520 = &lt;Response [520]&gt;.status_code">backend/tests/test_v3_api.py:360: in test_get_activity_logs
    assert response.status_code == 200, f"Failed: {response.text}"
E   AssertionError: Failed: Internal Server Error
E   assert 520 == 200
E    +  where 520 = &lt;Response [520]&gt;.status_code</failure></testcase><testcase classname="backend.tests.test_v3_api.TestV3ActivityLogs" name="test_filter_by_actor" time="0.034"><failure message="assert 520 == 200&#10; +  where 520 = &lt;Response [520]&gt;.status_code">backend/tests/test_v3_api.py:379: in test_filter_by_actor
    assert response.status_code == 200
E   assert 520 == 200
E    +  where 520 = &lt;Response [520]&gt;.status_code</failure></testcase><testcase classname="backend.tests.test_v3_api.TestV3ActivityLogs" name="test_activity_log_stats" time="0.036" /><testcase classname="backend.tests.test_v3_api.TestV3DataIntegrity" name="test_migrated_data_counts" time="0.189"><failure message="assert 520 == 200&#10; +  where 520 = &lt;Response [520]&gt;.status_code">backend/tests/test_v3_api.py:418: in test_migrated_data_counts
    assert logs_response.status_code == 200
E   assert 520 == 200
E    +  where 520 = &lt;Response [520]&gt;.status_code</failure></testcase><testcase classname="backend.tests.test_v3_api.TestV3DataIntegrity" name="test_structure_entries_link_to_valid_assets" time="0.111" /><testcase classname="backend.tests.test_v3_api.TestV3DataIntegrity" name="test_main_domains_have_tier_0" time="0.038" /></testsuite></testsuites>