<?xml version="1.0" encoding="utf-8"?><testsuites name="pytest tests"><testsuite name="pytest" errors="0" failures="1" skipped="0" tests="21" time="7.505" timestamp="2026-02-08T13:58:02.471601+00:00" hostname="agent-env-9511b777-9ffd-4d48-a1ba-430d2095cd71"><testcase classname="backend.tests.test_v3_p0_features.TestRegistrarCRUD" name="test_get_registrars_authenticated" time="0.346" /><testcase classname="backend.tests.test_v3_p0_features.TestRegistrarCRUD" name="test_get_registrars_unauthenticated" time="0.036"><failure message="assert 403 == 401&#10; +  where 403 = &lt;Response [403]&gt;.status_code">backend/tests/test_v3_p0_features.py:63: in test_get_registrars_unauthenticated
    assert response.status_code == 401
E   assert 403 == 401
E    +  where 403 = &lt;Response [403]&gt;.status_code</failure></testcase><testcase classname="backend.tests.test_v3_p0_features.TestRegistrarCRUD" name="test_create_registrar_super_admin" time="0.333" /><testcase classname="backend.tests.test_v3_p0_features.TestRegistrarCRUD" name="test_create_registrar_non_super_admin" time="0.340" /><testcase classname="backend.tests.test_v3_p0_features.TestRegistrarCRUD" name="test_update_registrar_super_admin" time="0.375" /><testcase classname="backend.tests.test_v3_p0_features.TestRegistrarCRUD" name="test_delete_registrar_super_admin" time="0.371" /><testcase classname="backend.tests.test_v3_p0_features.TestRegistrarCRUD" name="test_registrar_search" time="0.292" /><testcase classname="backend.tests.test_v3_p0_features.TestRegistrarCRUD" name="test_registrar_status_filter" time="0.338" /><testcase classname="backend.tests.test_v3_p0_features.TestNetworkBrandRequirement" name="test_create_network_without_brand" time="0.322" /><testcase classname="backend.tests.test_v3_p0_features.TestNetworkBrandRequirement" name="test_create_network_with_invalid_brand" time="0.303" /><testcase classname="backend.tests.test_v3_p0_features.TestNetworkBrandRequirement" name="test_create_network_with_valid_brand" time="0.374" /><testcase classname="backend.tests.test_v3_p0_features.TestNetworkBrandRequirement" name="test_network_list_shows_brand" time="0.298" /><testcase classname="backend.tests.test_v3_p0_features.TestNetworkBrandRequirement" name="test_network_brand_filter" time="0.383" /><testcase classname="backend.tests.test_v3_p0_features.TestPathLevelSeoNodes" name="test_structure_entry_has_optimized_path" time="0.386" /><testcase classname="backend.tests.test_v3_p0_features.TestPathLevelSeoNodes" name="test_structure_entry_has_target_entry_id" time="0.372" /><testcase classname="backend.tests.test_v3_p0_features.TestPathLevelSeoNodes" name="test_update_entry_with_optimized_path" time="0.481" /><testcase classname="backend.tests.test_v3_p0_features.TestTierCalculation" name="test_tier_endpoint" time="0.351" /><testcase classname="backend.tests.test_v3_p0_features.TestTierCalculation" name="test_entries_have_calculated_tier" time="0.376" /><testcase classname="backend.tests.test_v3_p0_features.TestTierCalculation" name="test_main_domain_is_tier_zero" time="0.390" /><testcase classname="backend.tests.test_v3_p0_features.TestRegistrarInDomainForm" name="test_create_asset_domain_with_registrar" time="0.503" /><testcase classname="backend.tests.test_v3_p0_features.TestRegistrarInDomainForm" name="test_asset_domain_shows_registrar_name" time="0.359" /></testsuite></testsuites>