<?xml version="1.0" encoding="utf-8"?><testsuites name="pytest tests"><testsuite name="pytest" errors="0" failures="0" skipped="0" tests="24" time="1.564" timestamp="2026-02-08T14:21:42.822200+00:00" hostname="agent-env-9511b777-9ffd-4d48-a1ba-430d2095cd71"><testcase classname="backend.tests.test_v3_p1_features.TestExportAssetDomains" name="test_export_asset_domains_json" time="0.366" /><testcase classname="backend.tests.test_v3_p1_features.TestExportAssetDomains" name="test_export_asset_domains_csv" time="0.045" /><testcase classname="backend.tests.test_v3_p1_features.TestExportAssetDomains" name="test_export_asset_domains_with_filters" time="0.047" /><testcase classname="backend.tests.test_v3_p1_features.TestExportNetworkStructure" name="test_export_single_network_json" time="0.108" /><testcase classname="backend.tests.test_v3_p1_features.TestExportNetworkStructure" name="test_export_single_network_csv" time="0.045" /><testcase classname="backend.tests.test_v3_p1_features.TestExportNetworkStructure" name="test_export_nonexistent_network" time="0.036" /><testcase classname="backend.tests.test_v3_p1_features.TestExportAllNetworks" name="test_export_all_networks_json" time="0.043" /><testcase classname="backend.tests.test_v3_p1_features.TestExportAllNetworks" name="test_export_all_networks_csv" time="0.041" /><testcase classname="backend.tests.test_v3_p1_features.TestExportActivityLogs" name="test_export_activity_logs_json" time="0.035" /><testcase classname="backend.tests.test_v3_p1_features.TestExportActivityLogs" name="test_export_activity_logs_csv" time="0.042" /><testcase classname="backend.tests.test_v3_p1_features.TestExportActivityLogs" name="test_export_activity_logs_with_filters" time="0.038" /><testcase classname="backend.tests.test_v3_p1_features.TestDashboardRefresh" name="test_get_dashboard_refresh_setting" time="0.038" /><testcase classname="backend.tests.test_v3_p1_features.TestDashboardRefresh" name="test_update_dashboard_refresh_setting" time="0.090" /><testcase classname="backend.tests.test_v3_p1_features.TestDashboardRefresh" name="test_update_invalid_refresh_interval" time="0.042" /><testcase classname="backend.tests.test_v3_p1_features.TestDashboardRefresh" name="test_get_dashboard_stats" time="0.041" /><testcase classname="backend.tests.test_v3_p1_features.TestBulkNodeImport" name="test_get_node_import_template" time="0.036" /><testcase classname="backend.tests.test_v3_p1_features.TestBulkNodeImport" name="test_bulk_import_nodes" time="0.045" /><testcase classname="backend.tests.test_v3_p1_features.TestBulkNodeImport" name="test_bulk_import_with_target_resolution" time="0.092" /><testcase classname="backend.tests.test_v3_p1_features.TestBulkNodeImport" name="test_bulk_import_missing_network" time="0.040" /><testcase classname="backend.tests.test_v3_p1_features.TestBulkNodeImport" name="test_bulk_import_missing_domain_without_create" time="0.049" /><testcase classname="backend.tests.test_v3_p1_features.TestAuthenticationRequired" name="test_export_domains_requires_auth" time="0.035" /><testcase classname="backend.tests.test_v3_p1_features.TestAuthenticationRequired" name="test_export_network_requires_auth" time="0.036" /><testcase classname="backend.tests.test_v3_p1_features.TestAuthenticationRequired" name="test_dashboard_stats_requires_auth" time="0.035" /><testcase classname="backend.tests.test_v3_p1_features.TestAuthenticationRequired" name="test_import_nodes_requires_auth" time="0.035" /></testsuite></testsuites>