<?xml version="1.0" encoding="utf-8"?><testsuites name="pytest tests"><testsuite name="pytest" errors="0" failures="0" skipped="0" tests="11" time="0.655" timestamp="2026-02-09T22:26:41.809667+00:00" hostname="agent-env-ff2823d4-c08c-4eb2-9af6-cadbbb960048"><testcase classname="tests.test_visibility_mode_update.TestVisibilityModeValidation" name="test_api_accepts_brand_based_mode" time="0.371" /><testcase classname="tests.test_visibility_mode_update.TestVisibilityModeValidation" name="test_api_accepts_restricted_mode" time="0.021" /><testcase classname="tests.test_visibility_mode_update.TestVisibilityModeValidation" name="test_api_rejects_public_mode" time="0.009" /><testcase classname="tests.test_visibility_mode_update.TestVisibilityModeValidation" name="test_api_rejects_invalid_mode" time="0.048" /><testcase classname="tests.test_visibility_mode_update.TestGetManagersVisibilityModes" name="test_get_managers_returns_valid_mode" time="0.011" /><testcase classname="tests.test_visibility_mode_update.TestManagerSearch" name="test_user_search_endpoint" time="0.008" /><testcase classname="tests.test_visibility_mode_update.TestManagerSearch" name="test_user_search_minimum_query_length" time="0.007" /><testcase classname="tests.test_visibility_mode_update.TestAddRemoveManagers" name="test_add_manager_to_network" time="0.030" /><testcase classname="tests.test_visibility_mode_update.TestAddRemoveManagers" name="test_remove_all_managers" time="0.059" /><testcase classname="tests.test_visibility_mode_update.TestManagerSummaryCache" name="test_network_list_includes_visibility_mode" time="0.010" /><testcase classname="tests.test_visibility_mode_update.TestManagerSummaryCache" name="test_network_has_manager_summary_cache" time="0.018" /></testsuite></testsuites>