<?xml version="1.0" encoding="utf-8"?><testsuites name="pytest tests"><testsuite name="pytest" errors="0" failures="1" skipped="0" tests="11" time="0.755" timestamp="2026-02-09T22:26:30.581814+00:00" hostname="agent-env-ff2823d4-c08c-4eb2-9af6-cadbbb960048"><testcase classname="tests.test_visibility_mode_update.TestVisibilityModeValidation" name="test_api_accepts_brand_based_mode" time="0.400" /><testcase classname="tests.test_visibility_mode_update.TestVisibilityModeValidation" name="test_api_accepts_restricted_mode" time="0.023" /><testcase classname="tests.test_visibility_mode_update.TestVisibilityModeValidation" name="test_api_rejects_public_mode" time="0.048" /><testcase classname="tests.test_visibility_mode_update.TestVisibilityModeValidation" name="test_api_rejects_invalid_mode" time="0.007" /><testcase classname="tests.test_visibility_mode_update.TestGetManagersVisibilityModes" name="test_get_managers_returns_valid_mode" time="0.010" /><testcase classname="tests.test_visibility_mode_update.TestManagerSearch" name="test_user_search_endpoint" time="0.010" /><testcase classname="tests.test_visibility_mode_update.TestManagerSearch" name="test_user_search_minimum_query_length" time="0.010"><failure message="AssertionError: Short query search failed: {&quot;detail&quot;:[{&quot;type&quot;:&quot;string_too_short&quot;,&quot;loc&quot;:[&quot;query&quot;,&quot;q&quot;],&quot;msg&quot;:&quot;String should have at least 2 characters&quot;,&quot;input&quot;:&quot;a&quot;,&quot;ctx&quot;:{&quot;min_length&quot;:2},&quot;url&quot;:&quot;https://errors.pydantic.dev/2.12/v/string_too_short&quot;}]}&#10;assert 422 == 200&#10; +  where 422 = &lt;Response [422]&gt;.status_code">tests/test_visibility_mode_update.py:164: in test_user_search_minimum_query_length
    assert response.status_code == 200, f"Short query search failed: {response.text}"
E   AssertionError: Short query search failed: {"detail":[{"type":"string_too_short","loc":["query","q"],"msg":"String should have at least 2 characters","input":"a","ctx":{"min_length":2},"url":"https://errors.pydantic.dev/2.12/v/string_too_short"}]}
E   assert 422 == 200
E    +  where 422 = &lt;Response [422]&gt;.status_code</failure></testcase><testcase classname="tests.test_visibility_mode_update.TestAddRemoveManagers" name="test_add_manager_to_network" time="0.030" /><testcase classname="tests.test_visibility_mode_update.TestAddRemoveManagers" name="test_remove_all_managers" time="0.016" /><testcase classname="tests.test_visibility_mode_update.TestManagerSummaryCache" name="test_network_list_includes_visibility_mode" time="0.014" /><testcase classname="tests.test_visibility_mode_update.TestManagerSummaryCache" name="test_network_has_manager_summary_cache" time="0.019" /></testsuite></testsuites>