<?xml version="1.0" encoding="utf-8"?><testsuites name="pytest tests"><testsuite name="pytest" errors="0" failures="1" skipped="0" tests="17" time="1.361" timestamp="2026-02-10T11:13:09.388300+00:00" hostname="agent-env-e1c60a27-ff38-438c-8eab-10e7847c4e2a"><testcase classname="backend.tests.test_weekly_digest.TestWeeklyDigestGetSettings" name="test_get_digest_settings_success" time="0.324" /><testcase classname="backend.tests.test_weekly_digest.TestWeeklyDigestGetSettings" name="test_get_digest_settings_unauthorized" time="0.036" /><testcase classname="backend.tests.test_weekly_digest.TestWeeklyDigestUpdateSettings" name="test_update_enabled_status" time="0.109" /><testcase classname="backend.tests.test_weekly_digest.TestWeeklyDigestUpdateSettings" name="test_update_schedule_day" time="0.074" /><testcase classname="backend.tests.test_weekly_digest.TestWeeklyDigestUpdateSettings" name="test_update_schedule_hour" time="0.079" /><testcase classname="backend.tests.test_weekly_digest.TestWeeklyDigestUpdateSettings" name="test_update_expiring_threshold" time="0.071" /><testcase classname="backend.tests.test_weekly_digest.TestWeeklyDigestUpdateSettings" name="test_update_include_toggles" time="0.116" /><testcase classname="backend.tests.test_weekly_digest.TestWeeklyDigestUpdateSettings" name="test_invalid_schedule_day" time="0.036" /><testcase classname="backend.tests.test_weekly_digest.TestWeeklyDigestUpdateSettings" name="test_invalid_expiring_threshold_low" time="0.037" /><testcase classname="backend.tests.test_weekly_digest.TestWeeklyDigestUpdateSettings" name="test_invalid_expiring_threshold_high" time="0.032" /><testcase classname="backend.tests.test_weekly_digest.TestWeeklyDigestUpdateSettings" name="test_update_unauthorized" time="0.031" /><testcase classname="backend.tests.test_weekly_digest.TestWeeklyDigestPreview" name="test_preview_success" time="0.038" /><testcase classname="backend.tests.test_weekly_digest.TestWeeklyDigestPreview" name="test_preview_expiring_domains_structure" time="0.039" /><testcase classname="backend.tests.test_weekly_digest.TestWeeklyDigestPreview" name="test_preview_unauthorized" time="0.034" /><testcase classname="backend.tests.test_weekly_digest.TestWeeklyDigestSend" name="test_send_returns_error_without_api_key" time="0.034"><failure message="AssertionError: Expected 500 or 400, got 520: {&quot;detail&quot;:&quot;Weekly digest is disabled&quot;}&#10;assert 520 in [500, 400]&#10; +  where 520 = &lt;Response [520]&gt;.status_code">backend/tests/test_weekly_digest.py:294: in test_send_returns_error_without_api_key
    assert response.status_code in [500, 400], f"Expected 500 or 400, got {response.status_code}: {response.text}"
E   AssertionError: Expected 500 or 400, got 520: {"detail":"Weekly digest is disabled"}
E   assert 520 in [500, 400]
E    +  where 520 = &lt;Response [520]&gt;.status_code</failure></testcase><testcase classname="backend.tests.test_weekly_digest.TestWeeklyDigestSend" name="test_send_unauthorized" time="0.033" /><testcase classname="backend.tests.test_weekly_digest.TestWeeklyDigestFullFlow" name="test_get_update_get_flow" time="0.147" /></testsuite></testsuites>