<?xml version="1.0" encoding="utf-8"?><testsuites name="pytest tests"><testsuite name="pytest" errors="0" failures="13" skipped="0" tests="17" time="1.089" timestamp="2026-02-10T11:12:51.005328+00:00" hostname="agent-env-e1c60a27-ff38-438c-8eab-10e7847c4e2a"><testcase classname="backend.tests.test_weekly_digest.TestWeeklyDigestGetSettings" name="test_get_digest_settings_success" time="0.329"><failure message="AssertionError: Expected 200, got 401: {&quot;detail&quot;:&quot;Invalid token&quot;}&#10;assert 401 == 200&#10; +  where 401 = &lt;Response [401]&gt;.status_code">backend/tests/test_weekly_digest.py:50: in test_get_digest_settings_success
    assert response.status_code == 200, f"Expected 200, got {response.status_code}: {response.text}"
E   AssertionError: Expected 200, got 401: {"detail":"Invalid token"}
E   assert 401 == 200
E    +  where 401 = &lt;Response [401]&gt;.status_code</failure></testcase><testcase classname="backend.tests.test_weekly_digest.TestWeeklyDigestGetSettings" name="test_get_digest_settings_unauthorized" time="0.037" /><testcase classname="backend.tests.test_weekly_digest.TestWeeklyDigestUpdateSettings" name="test_update_enabled_status" time="0.078"><failure message="AssertionError: Expected 200, got 401: {&quot;detail&quot;:&quot;Invalid token&quot;}&#10;assert 401 == 200&#10; +  where 401 = &lt;Response [401]&gt;.status_code">backend/tests/test_weekly_digest.py:96: in test_update_enabled_status
    assert response.status_code == 200, f"Expected 200, got {response.status_code}: {response.text}"
E   AssertionError: Expected 200, got 401: {"detail":"Invalid token"}
E   assert 401 == 200
E    +  where 401 = &lt;Response [401]&gt;.status_code</failure></testcase><testcase classname="backend.tests.test_weekly_digest.TestWeeklyDigestUpdateSettings" name="test_update_schedule_day" time="0.036"><failure message="assert 401 == 200&#10; +  where 401 = &lt;Response [401]&gt;.status_code">backend/tests/test_weekly_digest.py:116: in test_update_schedule_day
    assert response.status_code == 200
E   assert 401 == 200
E    +  where 401 = &lt;Response [401]&gt;.status_code</failure></testcase><testcase classname="backend.tests.test_weekly_digest.TestWeeklyDigestUpdateSettings" name="test_update_schedule_hour" time="0.038"><failure message="assert 401 == 200&#10; +  where 401 = &lt;Response [401]&gt;.status_code">backend/tests/test_weekly_digest.py:136: in test_update_schedule_hour
    assert response.status_code == 200
E   assert 401 == 200
E    +  where 401 = &lt;Response [401]&gt;.status_code</failure></testcase><testcase classname="backend.tests.test_weekly_digest.TestWeeklyDigestUpdateSettings" name="test_update_expiring_threshold" time="0.033"><failure message="assert 401 == 200&#10; +  where 401 = &lt;Response [401]&gt;.status_code">backend/tests/test_weekly_digest.py:156: in test_update_expiring_threshold
    assert response.status_code == 200
E   assert 401 == 200
E    +  where 401 = &lt;Response [401]&gt;.status_code</failure></testcase><testcase classname="backend.tests.test_weekly_digest.TestWeeklyDigestUpdateSettings" name="test_update_include_toggles" time="0.036"><failure message="assert 401 == 200&#10; +  where 401 = &lt;Response [401]&gt;.status_code">backend/tests/test_weekly_digest.py:180: in test_update_include_toggles
    assert response.status_code == 200
E   assert 401 == 200
E    +  where 401 = &lt;Response [401]&gt;.status_code</failure></testcase><testcase classname="backend.tests.test_weekly_digest.TestWeeklyDigestUpdateSettings" name="test_invalid_schedule_day" time="0.033"><failure message="assert 401 == 400&#10; +  where 401 = &lt;Response [401]&gt;.status_code">backend/tests/test_weekly_digest.py:206: in test_invalid_schedule_day
    assert response.status_code == 400
E   assert 401 == 400
E    +  where 401 = &lt;Response [401]&gt;.status_code</failure></testcase><testcase classname="backend.tests.test_weekly_digest.TestWeeklyDigestUpdateSettings" name="test_invalid_expiring_threshold_low" time="0.031"><failure message="assert 401 == 400&#10; +  where 401 = &lt;Response [401]&gt;.status_code">backend/tests/test_weekly_digest.py:217: in test_invalid_expiring_threshold_low
    assert response.status_code == 400
E   assert 401 == 400
E    +  where 401 = &lt;Response [401]&gt;.status_code</failure></testcase><testcase classname="backend.tests.test_weekly_digest.TestWeeklyDigestUpdateSettings" name="test_invalid_expiring_threshold_high" time="0.057"><failure message="assert 401 == 400&#10; +  where 401 = &lt;Response [401]&gt;.status_code">backend/tests/test_weekly_digest.py:228: in test_invalid_expiring_threshold_high
    assert response.status_code == 400
E   assert 401 == 400
E    +  where 401 = &lt;Response [401]&gt;.status_code</failure></testcase><testcase classname="backend.tests.test_weekly_digest.TestWeeklyDigestUpdateSettings" name="test_update_unauthorized" time="0.038" /><testcase classname="backend.tests.test_weekly_digest.TestWeeklyDigestPreview" name="test_preview_success" time="0.030"><failure message="AssertionError: Expected 200, got 401: {&quot;detail&quot;:&quot;Invalid token&quot;}&#10;assert 401 == 200&#10; +  where 401 = &lt;Response [401]&gt;.status_code">backend/tests/test_weekly_digest.py:248: in test_preview_success
    assert response.status_code == 200, f"Expected 200, got {response.status_code}: {response.text}"
E   AssertionError: Expected 200, got 401: {"detail":"Invalid token"}
E   assert 401 == 200
E    +  where 401 = &lt;Response [401]&gt;.status_code</failure></testcase><testcase classname="backend.tests.test_weekly_digest.TestWeeklyDigestPreview" name="test_preview_expiring_domains_structure" time="0.034"><failure message="assert 401 == 200&#10; +  where 401 = &lt;Response [401]&gt;.status_code">backend/tests/test_weekly_digest.py:266: in test_preview_expiring_domains_structure
    assert response.status_code == 200
E   assert 401 == 200
E    +  where 401 = &lt;Response [401]&gt;.status_code</failure></testcase><testcase classname="backend.tests.test_weekly_digest.TestWeeklyDigestPreview" name="test_preview_unauthorized" time="0.035" /><testcase classname="backend.tests.test_weekly_digest.TestWeeklyDigestSend" name="test_send_returns_error_without_api_key" time="0.033"><failure message="AssertionError: Expected 500 or 400, got 401: {&quot;detail&quot;:&quot;Invalid token&quot;}&#10;assert 401 in [500, 400]&#10; +  where 401 = &lt;Response [401]&gt;.status_code">backend/tests/test_weekly_digest.py:294: in test_send_returns_error_without_api_key
    assert response.status_code in [500, 400], f"Expected 500 or 400, got {response.status_code}: {response.text}"
E   AssertionError: Expected 500 or 400, got 401: {"detail":"Invalid token"}
E   assert 401 in [500, 400]
E    +  where 401 = &lt;Response [401]&gt;.status_code</failure></testcase><testcase classname="backend.tests.test_weekly_digest.TestWeeklyDigestSend" name="test_send_unauthorized" time="0.034" /><testcase classname="backend.tests.test_weekly_digest.TestWeeklyDigestFullFlow" name="test_get_update_get_flow" time="0.035"><failure message="assert 401 == 200&#10; +  where 401 = &lt;Response [401]&gt;.status_code">backend/tests/test_weekly_digest.py:315: in test_get_update_get_flow
    assert get1.status_code == 200
E   assert 401 == 200
E    +  where 401 = &lt;Response [401]&gt;.status_code</failure></testcase></testsuite></testsuites>